[0.756s] Invoking command in '/home/khatvangi/adas_ws/build/adas_core': DEBUGINFOD_URLS=https://debuginfod.ubuntu.com PYTHONPATH=/home/khatvangi/adas_ws/build/adas_core/prefix_override:/usr/lib/python3/dist-packages/colcon_core/task/python/colcon_distutils_commands:/home/khatvangi/adas_ws/install/adas_core/lib/python3.12/site-packages:${PYTHONPATH} /usr/bin/python3 -W ignore:setup.py install is deprecated -W ignore:easy_install command is deprecated setup.py develop --editable --build-directory /home/khatvangi/adas_ws/build/adas_core/build --no-deps symlink_data
[0.949s] running develop
[1.058s] running egg_info
[1.058s] creating adas_core.egg-info
[1.068s] writing adas_core.egg-info/PKG-INFO
[1.069s] writing dependency_links to adas_core.egg-info/dependency_links.txt
[1.069s] writing entry points to adas_core.egg-info/entry_points.txt
[1.069s] writing requirements to adas_core.egg-info/requires.txt
[1.069s] writing top-level names to adas_core.egg-info/top_level.txt
[1.070s] writing manifest file 'adas_core.egg-info/SOURCES.txt'
[1.092s] reading manifest file 'adas_core.egg-info/SOURCES.txt'
[1.092s] writing manifest file 'adas_core.egg-info/SOURCES.txt'
[1.104s] running build_ext
[1.105s] Creating /home/khatvangi/adas_ws/install/adas_core/lib/python3.12/site-packages/adas-core.egg-link (link to .)
[1.105s] Installing acc_node script to /home/khatvangi/adas_ws/install/adas_core/lib/adas_core
[1.105s] Installing aeb_node script to /home/khatvangi/adas_ws/install/adas_core/lib/adas_core
[1.106s] Installing can_bridge_node script to /home/khatvangi/adas_ws/install/adas_core/lib/adas_core
[1.106s] Installing ekf_node script to /home/khatvangi/adas_ws/install/adas_core/lib/adas_core
[1.106s] Installing lka_node script to /home/khatvangi/adas_ws/install/adas_core/lib/adas_core
[1.106s] Installing safety_arbiter script to /home/khatvangi/adas_ws/install/adas_core/lib/adas_core
[1.106s] Installing tsd_node script to /home/khatvangi/adas_ws/install/adas_core/lib/adas_core
[1.106s] 
[1.106s] Installed /home/khatvangi/adas_ws/build/adas_core
[1.106s] running symlink_data
[1.106s] creating /home/khatvangi/adas_ws/install/adas_core/share/ament_index
[1.106s] creating /home/khatvangi/adas_ws/install/adas_core/share/ament_index/resource_index
[1.106s] creating /home/khatvangi/adas_ws/install/adas_core/share/ament_index/resource_index/packages
[1.106s] symbolically linking /home/khatvangi/adas_ws/build/adas_core/resource/adas_core -> /home/khatvangi/adas_ws/install/adas_core/share/ament_index/resource_index/packages
[1.106s] symbolically linking /home/khatvangi/adas_ws/build/adas_core/package.xml -> /home/khatvangi/adas_ws/install/adas_core/share/adas_core
[1.134s] Invoked command in '/home/khatvangi/adas_ws/build/adas_core' returned '0': DEBUGINFOD_URLS=https://debuginfod.ubuntu.com PYTHONPATH=/home/khatvangi/adas_ws/build/adas_core/prefix_override:/usr/lib/python3/dist-packages/colcon_core/task/python/colcon_distutils_commands:/home/khatvangi/adas_ws/install/adas_core/lib/python3.12/site-packages:${PYTHONPATH} /usr/bin/python3 -W ignore:setup.py install is deprecated -W ignore:easy_install command is deprecated setup.py develop --editable --build-directory /home/khatvangi/adas_ws/build/adas_core/build --no-deps symlink_data
