[0.512s] Invoking command in '/home/khatvangi/adas_ws/build/adas_core': DEBUGINFOD_URLS=https://debuginfod.ubuntu.com PYTHONPATH=/home/khatvangi/adas_ws/build/adas_core/prefix_override:/usr/lib/python3/dist-packages/colcon_core/task/python/colcon_distutils_commands:/home/khatvangi/adas_ws/install/adas_core/lib/python3.12/site-packages:${PYTHONPATH} /usr/bin/python3 -W ignore:setup.py install is deprecated -W ignore:easy_install command is deprecated setup.py develop --editable --build-directory /home/khatvangi/adas_ws/build/adas_core/build --no-deps symlink_data
[0.725s] running develop
[0.861s] running egg_info
[0.876s] writing adas_core.egg-info/PKG-INFO
[0.876s] writing dependency_links to adas_core.egg-info/dependency_links.txt
[0.876s] writing entry points to adas_core.egg-info/entry_points.txt
[0.876s] writing requirements to adas_core.egg-info/requires.txt
[0.876s] writing top-level names to adas_core.egg-info/top_level.txt
[0.905s] reading manifest file 'adas_core.egg-info/SOURCES.txt'
[0.906s] writing manifest file 'adas_core.egg-info/SOURCES.txt'
[0.921s] running build_ext
[0.921s] Creating /home/khatvangi/adas_ws/install/adas_core/lib/python3.12/site-packages/adas-core.egg-link (link to .)
[0.922s] Installing acc_node script to /home/khatvangi/adas_ws/install/adas_core/lib/adas_core
[0.922s] Installing aeb_node script to /home/khatvangi/adas_ws/install/adas_core/lib/adas_core
[0.922s] Installing can_bridge_node script to /home/khatvangi/adas_ws/install/adas_core/lib/adas_core
[0.922s] Installing ekf_node script to /home/khatvangi/adas_ws/install/adas_core/lib/adas_core
[0.922s] Installing lka_node script to /home/khatvangi/adas_ws/install/adas_core/lib/adas_core
[0.922s] Installing safety_arbiter script to /home/khatvangi/adas_ws/install/adas_core/lib/adas_core
[0.922s] Installing tsd_node script to /home/khatvangi/adas_ws/install/adas_core/lib/adas_core
[0.922s] 
[0.922s] Installed /home/khatvangi/adas_ws/build/adas_core
[0.922s] running symlink_data
[0.944s] Invoked command in '/home/khatvangi/adas_ws/build/adas_core' returned '0': DEBUGINFOD_URLS=https://debuginfod.ubuntu.com PYTHONPATH=/home/khatvangi/adas_ws/build/adas_core/prefix_override:/usr/lib/python3/dist-packages/colcon_core/task/python/colcon_distutils_commands:/home/khatvangi/adas_ws/install/adas_core/lib/python3.12/site-packages:${PYTHONPATH} /usr/bin/python3 -W ignore:setup.py install is deprecated -W ignore:easy_install command is deprecated setup.py develop --editable --build-directory /home/khatvangi/adas_ws/build/adas_core/build --no-deps symlink_data
