[0.553s] Invoking command in '/home/khatvangi/adas_ws/build/adas_core': AMENT_PREFIX_PATH=/home/khatvangi/adas_ws/install/adas_msgs:${AMENT_PREFIX_PATH} CMAKE_PREFIX_PATH=/home/khatvangi/adas_ws/install/adas_msgs:${CMAKE_PREFIX_PATH} DEBUGINFOD_URLS=https://debuginfod.ubuntu.com LD_LIBRARY_PATH=/home/khatvangi/adas_ws/install/adas_msgs/lib:${LD_LIBRARY_PATH} PYTHONPATH=/home/khatvangi/adas_ws/build/adas_core/prefix_override:/usr/lib/python3/dist-packages/colcon_core/task/python/colcon_distutils_commands:/home/khatvangi/adas_ws/install/adas_core/lib/python3.12/site-packages:/home/khatvangi/adas_ws/install/adas_msgs/lib/python3.12/site-packages:${PYTHONPATH} /usr/bin/python3 -W ignore:setup.py install is deprecated -W ignore:easy_install command is deprecated setup.py develop --editable --build-directory /home/khatvangi/adas_ws/build/adas_core/build --no-deps symlink_data
[0.784s] running develop
[0.923s] running egg_info
[0.936s] writing adas_core.egg-info/PKG-INFO
[0.937s] writing dependency_links to adas_core.egg-info/dependency_links.txt
[0.937s] writing entry points to adas_core.egg-info/entry_points.txt
[0.937s] writing requirements to adas_core.egg-info/requires.txt
[0.937s] writing top-level names to adas_core.egg-info/top_level.txt
[0.966s] reading manifest file 'adas_core.egg-info/SOURCES.txt'
[0.967s] writing manifest file 'adas_core.egg-info/SOURCES.txt'
[0.981s] running build_ext
[0.981s] Creating /home/khatvangi/adas_ws/install/adas_core/lib/python3.12/site-packages/adas-core.egg-link (link to .)
[0.982s] Installing acc_node script to /home/khatvangi/adas_ws/install/adas_core/lib/adas_core
[0.982s] Installing aeb_node script to /home/khatvangi/adas_ws/install/adas_core/lib/adas_core
[0.982s] Installing camera_node script to /home/khatvangi/adas_ws/install/adas_core/lib/adas_core
[0.982s] Installing can_bridge_node script to /home/khatvangi/adas_ws/install/adas_core/lib/adas_core
[0.982s] Installing dashboard_node script to /home/khatvangi/adas_ws/install/adas_core/lib/adas_core
[0.982s] Installing ekf_node script to /home/khatvangi/adas_ws/install/adas_core/lib/adas_core
[0.982s] Installing imu_node script to /home/khatvangi/adas_ws/install/adas_core/lib/adas_core
[0.982s] Installing lane_node script to /home/khatvangi/adas_ws/install/adas_core/lib/adas_core
[0.982s] Installing lka_node script to /home/khatvangi/adas_ws/install/adas_core/lib/adas_core
[0.982s] Installing mode_manager script to /home/khatvangi/adas_ws/install/adas_core/lib/adas_core
[0.982s] Installing safety_arbiter script to /home/khatvangi/adas_ws/install/adas_core/lib/adas_core
[0.982s] Installing tf_luna_node script to /home/khatvangi/adas_ws/install/adas_core/lib/adas_core
[0.982s] Installing tof_node script to /home/khatvangi/adas_ws/install/adas_core/lib/adas_core
[0.982s] Installing traffic_node script to /home/khatvangi/adas_ws/install/adas_core/lib/adas_core
[0.982s] Installing yolo_node script to /home/khatvangi/adas_ws/install/adas_core/lib/adas_core
[0.982s] 
[0.982s] Installed /home/khatvangi/adas_ws/build/adas_core
[0.982s] running symlink_data
[1.003s] Invoked command in '/home/khatvangi/adas_ws/build/adas_core' returned '0': AMENT_PREFIX_PATH=/home/khatvangi/adas_ws/install/adas_msgs:${AMENT_PREFIX_PATH} CMAKE_PREFIX_PATH=/home/khatvangi/adas_ws/install/adas_msgs:${CMAKE_PREFIX_PATH} DEBUGINFOD_URLS=https://debuginfod.ubuntu.com LD_LIBRARY_PATH=/home/khatvangi/adas_ws/install/adas_msgs/lib:${LD_LIBRARY_PATH} PYTHONPATH=/home/khatvangi/adas_ws/build/adas_core/prefix_override:/usr/lib/python3/dist-packages/colcon_core/task/python/colcon_distutils_commands:/home/khatvangi/adas_ws/install/adas_core/lib/python3.12/site-packages:/home/khatvangi/adas_ws/install/adas_msgs/lib/python3.12/site-packages:${PYTHONPATH} /usr/bin/python3 -W ignore:setup.py install is deprecated -W ignore:easy_install command is deprecated setup.py develop --editable --build-directory /home/khatvangi/adas_ws/build/adas_core/build --no-deps symlink_data
