[0.210s] Invoking command in '/home/khatvangi/adas_ws/build/robot_bringup': CMAKE_PREFIX_PATH=${CMAKE_PREFIX_PATH}:/home/khatvangi/adas_ws/install/perception:/home/khatvangi/adas_ws/install/dashboard:/home/khatvangi/adas_ws/install/adas_core:/home/khatvangi/project_ws_v2/install/adas_core:/opt/ros/jazzy DEBUGINFOD_URLS=https://debuginfod.ubuntu.com /usr/bin/cmake --build /home/khatvangi/adas_ws/build/robot_bringup -- -j20 -l20
[0.291s] Invoked command in '/home/khatvangi/adas_ws/build/robot_bringup' returned '0': CMAKE_PREFIX_PATH=${CMAKE_PREFIX_PATH}:/home/khatvangi/adas_ws/install/perception:/home/khatvangi/adas_ws/install/dashboard:/home/khatvangi/adas_ws/install/adas_core:/home/khatvangi/project_ws_v2/install/adas_core:/opt/ros/jazzy DEBUGINFOD_URLS=https://debuginfod.ubuntu.com /usr/bin/cmake --build /home/khatvangi/adas_ws/build/robot_bringup -- -j20 -l20
[0.301s] Invoking command in '/home/khatvangi/adas_ws/build/robot_bringup': CMAKE_PREFIX_PATH=${CMAKE_PREFIX_PATH}:/home/khatvangi/adas_ws/install/perception:/home/khatvangi/adas_ws/install/dashboard:/home/khatvangi/adas_ws/install/adas_core:/home/khatvangi/project_ws_v2/install/adas_core:/opt/ros/jazzy DEBUGINFOD_URLS=https://debuginfod.ubuntu.com /usr/bin/cmake --install /home/khatvangi/adas_ws/build/robot_bringup
[0.310s] -- Install configuration: ""
[0.311s] -- Execute custom install script
[0.312s] -- Up-to-date symlink: /home/khatvangi/adas_ws/install/robot_bringup/share/robot_bringup//urdf/autonomous_car.urdf
[0.312s] -- Up-to-date symlink: /home/khatvangi/adas_ws/install/robot_bringup/share/robot_bringup//meshes/base_link.STL
[0.312s] -- Up-to-date symlink: /home/khatvangi/adas_ws/install/robot_bringup/share/robot_bringup//meshes/camera_link.STL
[0.312s] -- Up-to-date symlink: /home/khatvangi/adas_ws/install/robot_bringup/share/robot_bringup//meshes/left_front.STL
[0.313s] -- Up-to-date symlink: /home/khatvangi/adas_ws/install/robot_bringup/share/robot_bringup//meshes/left_front_knuckle.STL
[0.313s] -- Up-to-date symlink: /home/khatvangi/adas_ws/install/robot_bringup/share/robot_bringup//meshes/left_rear.STL
[0.313s] -- Up-to-date symlink: /home/khatvangi/adas_ws/install/robot_bringup/share/robot_bringup//meshes/lidar_link.STL
[0.313s] -- Up-to-date symlink: /home/khatvangi/adas_ws/install/robot_bringup/share/robot_bringup//meshes/right_front.STL
[0.313s] -- Up-to-date symlink: /home/khatvangi/adas_ws/install/robot_bringup/share/robot_bringup//meshes/right_front_knuckle.STL
[0.313s] -- Up-to-date symlink: /home/khatvangi/adas_ws/install/robot_bringup/share/robot_bringup//meshes/right_rear.STL
[0.313s] -- Up-to-date symlink: /home/khatvangi/adas_ws/install/robot_bringup/share/robot_bringup//meshes/tofL_link.STL
[0.313s] -- Up-to-date symlink: /home/khatvangi/adas_ws/install/robot_bringup/share/robot_bringup//meshes/tofR_link.STL
[0.313s] -- Up-to-date symlink: /home/khatvangi/adas_ws/install/robot_bringup/share/robot_bringup//worlds/aeb_world.sdf
[0.313s] -- Symlinking: /home/khatvangi/adas_ws/install/robot_bringup/share/robot_bringup//worlds/generate_lka_world.py
[0.321s] -- Symlinking: /home/khatvangi/adas_ws/install/robot_bringup/share/robot_bringup//worlds/lka_world.sdf
[0.333s] -- Up-to-date symlink: /home/khatvangi/adas_ws/install/robot_bringup/share/robot_bringup//launch/aeb.launch.py
[0.333s] -- Symlinking: /home/khatvangi/adas_ws/install/robot_bringup/share/robot_bringup//launch/lka.launch.py
[0.341s] -- Up-to-date symlink: /home/khatvangi/adas_ws/install/robot_bringup/share/ament_index/resource_index/package_run_dependencies/robot_bringup
[0.342s] -- Up-to-date symlink: /home/khatvangi/adas_ws/install/robot_bringup/share/ament_index/resource_index/parent_prefix_path/robot_bringup
[0.342s] -- Up-to-date symlink: /home/khatvangi/adas_ws/install/robot_bringup/share/robot_bringup/environment/ament_prefix_path.sh
[0.342s] -- Up-to-date symlink: /home/khatvangi/adas_ws/install/robot_bringup/share/robot_bringup/environment/ament_prefix_path.dsv
[0.342s] -- Up-to-date symlink: /home/khatvangi/adas_ws/install/robot_bringup/share/robot_bringup/environment/path.sh
[0.342s] -- Up-to-date symlink: /home/khatvangi/adas_ws/install/robot_bringup/share/robot_bringup/environment/path.dsv
[0.342s] -- Up-to-date symlink: /home/khatvangi/adas_ws/install/robot_bringup/share/robot_bringup/local_setup.bash
[0.342s] -- Up-to-date symlink: /home/khatvangi/adas_ws/install/robot_bringup/share/robot_bringup/local_setup.sh
[0.342s] -- Up-to-date symlink: /home/khatvangi/adas_ws/install/robot_bringup/share/robot_bringup/local_setup.zsh
[0.342s] -- Up-to-date symlink: /home/khatvangi/adas_ws/install/robot_bringup/share/robot_bringup/local_setup.dsv
[0.343s] -- Symlinking: /home/khatvangi/adas_ws/install/robot_bringup/share/robot_bringup/package.dsv
[0.354s] -- Up-to-date symlink: /home/khatvangi/adas_ws/install/robot_bringup/share/ament_index/resource_index/packages/robot_bringup
[0.354s] -- Up-to-date symlink: /home/khatvangi/adas_ws/install/robot_bringup/share/robot_bringup/cmake/robot_bringupConfig.cmake
[0.354s] -- Up-to-date symlink: /home/khatvangi/adas_ws/install/robot_bringup/share/robot_bringup/cmake/robot_bringupConfig-version.cmake
[0.354s] -- Up-to-date symlink: /home/khatvangi/adas_ws/install/robot_bringup/share/robot_bringup/package.xml
[0.354s] -- Up-to-date: /home/khatvangi/adas_ws/install/robot_bringup/lib/robot_bringup/spawn_ego
[0.356s] Invoked command in '/home/khatvangi/adas_ws/build/robot_bringup' returned '0': CMAKE_PREFIX_PATH=${CMAKE_PREFIX_PATH}:/home/khatvangi/adas_ws/install/perception:/home/khatvangi/adas_ws/install/dashboard:/home/khatvangi/adas_ws/install/adas_core:/home/khatvangi/project_ws_v2/install/adas_core:/opt/ros/jazzy DEBUGINFOD_URLS=https://debuginfod.ubuntu.com /usr/bin/cmake --install /home/khatvangi/adas_ws/build/robot_bringup
