[0.756s] Invoking command in '/home/khatvangi/adas_ws/build/perception': DEBUGINFOD_URLS=https://debuginfod.ubuntu.com PYTHONPATH=/home/khatvangi/adas_ws/build/perception/prefix_override:/usr/lib/python3/dist-packages/colcon_core/task/python/colcon_distutils_commands:/home/khatvangi/adas_ws/install/perception/lib/python3.12/site-packages:${PYTHONPATH} /usr/bin/python3 -W ignore:setup.py install is deprecated -W ignore:easy_install command is deprecated setup.py develop --editable --build-directory /home/khatvangi/adas_ws/build/perception/build --no-deps symlink_data
[0.951s] running develop
[1.061s] running egg_info
[1.061s] creating perception.egg-info
[1.072s] writing perception.egg-info/PKG-INFO
[1.073s] writing dependency_links to perception.egg-info/dependency_links.txt
[1.073s] writing entry points to perception.egg-info/entry_points.txt
[1.073s] writing requirements to perception.egg-info/requires.txt
[1.073s] writing top-level names to perception.egg-info/top_level.txt
[1.073s] writing manifest file 'perception.egg-info/SOURCES.txt'
[1.096s] reading manifest file 'perception.egg-info/SOURCES.txt'
[1.096s] writing manifest file 'perception.egg-info/SOURCES.txt'
[1.110s] running build_ext
[1.110s] Creating /home/khatvangi/adas_ws/install/perception/lib/python3.12/site-packages/perception.egg-link (link to .)
[1.110s] Installing camera_node script to /home/khatvangi/adas_ws/install/perception/lib/perception
[1.111s] Installing lidar_node script to /home/khatvangi/adas_ws/install/perception/lib/perception
[1.111s] 
[1.111s] Installed /home/khatvangi/adas_ws/build/perception
[1.111s] running symlink_data
[1.111s] creating /home/khatvangi/adas_ws/install/perception/share/ament_index
[1.111s] creating /home/khatvangi/adas_ws/install/perception/share/ament_index/resource_index
[1.111s] creating /home/khatvangi/adas_ws/install/perception/share/ament_index/resource_index/packages
[1.111s] symbolically linking /home/khatvangi/adas_ws/build/perception/resource/perception -> /home/khatvangi/adas_ws/install/perception/share/ament_index/resource_index/packages
[1.111s] symbolically linking /home/khatvangi/adas_ws/build/perception/package.xml -> /home/khatvangi/adas_ws/install/perception/share/perception
[1.139s] Invoked command in '/home/khatvangi/adas_ws/build/perception' returned '0': DEBUGINFOD_URLS=https://debuginfod.ubuntu.com PYTHONPATH=/home/khatvangi/adas_ws/build/perception/prefix_override:/usr/lib/python3/dist-packages/colcon_core/task/python/colcon_distutils_commands:/home/khatvangi/adas_ws/install/perception/lib/python3.12/site-packages:${PYTHONPATH} /usr/bin/python3 -W ignore:setup.py install is deprecated -W ignore:easy_install command is deprecated setup.py develop --editable --build-directory /home/khatvangi/adas_ws/build/perception/build --no-deps symlink_data
