[0.507s] Invoking command in '/home/khatvangi/adas_ws/build/adas_core': DEBUGINFOD_URLS=https://debuginfod.ubuntu.com PYTHONPATH=/home/khatvangi/adas_ws/build/adas_core/prefix_override:/usr/lib/python3/dist-packages/colcon_core/task/python/colcon_distutils_commands:/home/khatvangi/adas_ws/install/adas_core/lib/python3.12/site-packages:${PYTHONPATH} /usr/bin/python3 -W ignore:setup.py install is deprecated -W ignore:easy_install command is deprecated setup.py develop --editable --build-directory /home/khatvangi/adas_ws/build/adas_core/build --no-deps symlink_data
[0.714s] running develop
[0.847s] running egg_info
[0.860s] writing adas_core.egg-info/PKG-INFO
[0.861s] writing dependency_links to adas_core.egg-info/dependency_links.txt
[0.861s] writing entry points to adas_core.egg-info/entry_points.txt
[0.861s] writing requirements to adas_core.egg-info/requires.txt
[0.861s] writing top-level names to adas_core.egg-info/top_level.txt
[0.888s] reading manifest file 'adas_core.egg-info/SOURCES.txt'
[0.889s] writing manifest file 'adas_core.egg-info/SOURCES.txt'
[0.903s] running build_ext
[0.903s] Creating /home/khatvangi/adas_ws/install/adas_core/lib/python3.12/site-packages/adas-core.egg-link (link to .)
[0.904s] Installing acc_node script to /home/khatvangi/adas_ws/install/adas_core/lib/adas_core
[0.904s] Installing aeb_node script to /home/khatvangi/adas_ws/install/adas_core/lib/adas_core
[0.904s] Installing can_bridge_node script to /home/khatvangi/adas_ws/install/adas_core/lib/adas_core
[0.904s] Installing ekf_node script to /home/khatvangi/adas_ws/install/adas_core/lib/adas_core
[0.904s] Installing lka_node script to /home/khatvangi/adas_ws/install/adas_core/lib/adas_core
[0.904s] Installing safety_arbiter script to /home/khatvangi/adas_ws/install/adas_core/lib/adas_core
[0.904s] Installing tsd_node script to /home/khatvangi/adas_ws/install/adas_core/lib/adas_core
[0.904s] 
[0.904s] Installed /home/khatvangi/adas_ws/build/adas_core
[0.904s] running symlink_data
[0.924s] Invoked command in '/home/khatvangi/adas_ws/build/adas_core' returned '0': DEBUGINFOD_URLS=https://debuginfod.ubuntu.com PYTHONPATH=/home/khatvangi/adas_ws/build/adas_core/prefix_override:/usr/lib/python3/dist-packages/colcon_core/task/python/colcon_distutils_commands:/home/khatvangi/adas_ws/install/adas_core/lib/python3.12/site-packages:${PYTHONPATH} /usr/bin/python3 -W ignore:setup.py install is deprecated -W ignore:easy_install command is deprecated setup.py develop --editable --build-directory /home/khatvangi/adas_ws/build/adas_core/build --no-deps symlink_data
