[0.671s] Invoking command in '/home/khatvangi/adas_ws/build/adas_core': CMAKE_PREFIX_PATH=/home/khatvangi/adas_ws/install/adas_msgs:/home/khatvangi/adas_ws/install/robot_bringup:/home/khatvangi/project_ws_v2/install/autonomous_car:/opt/ros/jazzy/opt/gz_sim_vendor:/opt/ros/jazzy/opt/gz_sensors_vendor:/opt/ros/jazzy/opt/gz_physics_vendor:/opt/ros/jazzy/opt/sdformat_vendor:/opt/ros/jazzy/opt/gz_gui_vendor:/opt/ros/jazzy/opt/gz_transport_vendor:/opt/ros/jazzy/opt/gz_rendering_vendor:/opt/ros/jazzy/opt/gz_plugin_vendor:/opt/ros/jazzy/opt/gz_fuel_tools_vendor:/opt/ros/jazzy/opt/gz_msgs_vendor:/opt/ros/jazzy/opt/gz_common_vendor:/opt/ros/jazzy/opt/gz_math_vendor:/opt/ros/jazzy/opt/gz_utils_vendor:/opt/ros/jazzy/opt/gz_tools_vendor:/opt/ros/jazzy/opt/gz_ogre_next_vendor:/opt/ros/jazzy/opt/gz_dartsim_vendor:/opt/ros/jazzy/opt/gz_cmake_vendor DEBUGINFOD_URLS=https://debuginfod.ubuntu.com PYTHONPATH=/home/khatvangi/adas_ws/build/adas_core/prefix_override:/usr/lib/python3/dist-packages/colcon_core/task/python/colcon_distutils_commands:/home/khatvangi/adas_ws/install/adas_core/lib/python3.12/site-packages:/home/khatvangi/adas_ws/install/adas_msgs/lib/python3.12/site-packages:/home/khatvangi/adas_ws/build/perception:/home/khatvangi/adas_ws/install/perception/lib/python3.12/site-packages:/home/khatvangi/adas_ws/build/dashboard:/home/khatvangi/adas_ws/install/dashboard/lib/python3.12/site-packages:/home/khatvangi/adas_ws/build/adas_core:/home/khatvangi/adas_ws/install/adas_core/lib/python3.12/site-packages:/home/khatvangi/project_ws_v2/build/adas_core:/home/khatvangi/project_ws_v2/install/adas_core/lib/python3.12/site-packages:/opt/ros/jazzy/lib/python3.12/site-packages /usr/bin/python3 -W ignore:setup.py install is deprecated -W ignore:easy_install command is deprecated setup.py develop --editable --build-directory /home/khatvangi/adas_ws/build/adas_core/build --no-deps symlink_data
[0.911s] running develop
[1.078s] running egg_info
[1.094s] writing adas_core.egg-info/PKG-INFO
[1.095s] writing dependency_links to adas_core.egg-info/dependency_links.txt
[1.095s] writing entry points to adas_core.egg-info/entry_points.txt
[1.095s] writing requirements to adas_core.egg-info/requires.txt
[1.095s] writing top-level names to adas_core.egg-info/top_level.txt
[1.128s] reading manifest file 'adas_core.egg-info/SOURCES.txt'
[1.130s] writing manifest file 'adas_core.egg-info/SOURCES.txt'
[1.146s] running build_ext
[1.146s] Creating /home/khatvangi/adas_ws/install/adas_core/lib/python3.12/site-packages/adas-core.egg-link (link to .)
[1.147s] Installing acc_node script to /home/khatvangi/adas_ws/install/adas_core/lib/adas_core
[1.147s] Installing aeb_node script to /home/khatvangi/adas_ws/install/adas_core/lib/adas_core
[1.147s] Installing camera_node script to /home/khatvangi/adas_ws/install/adas_core/lib/adas_core
[1.147s] Installing can_bridge_node script to /home/khatvangi/adas_ws/install/adas_core/lib/adas_core
[1.147s] Installing dashboard_node script to /home/khatvangi/adas_ws/install/adas_core/lib/adas_core
[1.148s] Installing ekf_node script to /home/khatvangi/adas_ws/install/adas_core/lib/adas_core
[1.148s] Installing imu_node script to /home/khatvangi/adas_ws/install/adas_core/lib/adas_core
[1.148s] Installing lane_node script to /home/khatvangi/adas_ws/install/adas_core/lib/adas_core
[1.148s] Installing lka_node script to /home/khatvangi/adas_ws/install/adas_core/lib/adas_core
[1.148s] Installing mode_manager script to /home/khatvangi/adas_ws/install/adas_core/lib/adas_core
[1.148s] Installing safety_arbiter script to /home/khatvangi/adas_ws/install/adas_core/lib/adas_core
[1.148s] Installing tf_luna_node script to /home/khatvangi/adas_ws/install/adas_core/lib/adas_core
[1.148s] Installing tof_node script to /home/khatvangi/adas_ws/install/adas_core/lib/adas_core
[1.148s] Installing traffic_node script to /home/khatvangi/adas_ws/install/adas_core/lib/adas_core
[1.148s] Installing yolo_node script to /home/khatvangi/adas_ws/install/adas_core/lib/adas_core
[1.148s] 
[1.148s] Installed /home/khatvangi/adas_ws/build/adas_core
[1.148s] running symlink_data
[1.169s] Invoked command in '/home/khatvangi/adas_ws/build/adas_core' returned '0': CMAKE_PREFIX_PATH=/home/khatvangi/adas_ws/install/adas_msgs:/home/khatvangi/adas_ws/install/robot_bringup:/home/khatvangi/project_ws_v2/install/autonomous_car:/opt/ros/jazzy/opt/gz_sim_vendor:/opt/ros/jazzy/opt/gz_sensors_vendor:/opt/ros/jazzy/opt/gz_physics_vendor:/opt/ros/jazzy/opt/sdformat_vendor:/opt/ros/jazzy/opt/gz_gui_vendor:/opt/ros/jazzy/opt/gz_transport_vendor:/opt/ros/jazzy/opt/gz_rendering_vendor:/opt/ros/jazzy/opt/gz_plugin_vendor:/opt/ros/jazzy/opt/gz_fuel_tools_vendor:/opt/ros/jazzy/opt/gz_msgs_vendor:/opt/ros/jazzy/opt/gz_common_vendor:/opt/ros/jazzy/opt/gz_math_vendor:/opt/ros/jazzy/opt/gz_utils_vendor:/opt/ros/jazzy/opt/gz_tools_vendor:/opt/ros/jazzy/opt/gz_ogre_next_vendor:/opt/ros/jazzy/opt/gz_dartsim_vendor:/opt/ros/jazzy/opt/gz_cmake_vendor DEBUGINFOD_URLS=https://debuginfod.ubuntu.com PYTHONPATH=/home/khatvangi/adas_ws/build/adas_core/prefix_override:/usr/lib/python3/dist-packages/colcon_core/task/python/colcon_distutils_commands:/home/khatvangi/adas_ws/install/adas_core/lib/python3.12/site-packages:/home/khatvangi/adas_ws/install/adas_msgs/lib/python3.12/site-packages:/home/khatvangi/adas_ws/build/perception:/home/khatvangi/adas_ws/install/perception/lib/python3.12/site-packages:/home/khatvangi/adas_ws/build/dashboard:/home/khatvangi/adas_ws/install/dashboard/lib/python3.12/site-packages:/home/khatvangi/adas_ws/build/adas_core:/home/khatvangi/adas_ws/install/adas_core/lib/python3.12/site-packages:/home/khatvangi/project_ws_v2/build/adas_core:/home/khatvangi/project_ws_v2/install/adas_core/lib/python3.12/site-packages:/opt/ros/jazzy/lib/python3.12/site-packages /usr/bin/python3 -W ignore:setup.py install is deprecated -W ignore:easy_install command is deprecated setup.py develop --editable --build-directory /home/khatvangi/adas_ws/build/adas_core/build --no-deps symlink_data
