[0.388s] Invoking command in '/home/khatvangi/adas_ws/build/robot_bringup': CMAKE_PREFIX_PATH=${CMAKE_PREFIX_PATH}:/home/khatvangi/adas_ws/install/perception:/home/khatvangi/adas_ws/install/dashboard:/home/khatvangi/adas_ws/install/adas_core:/home/khatvangi/project_ws_v2/install/adas_core:/opt/ros/jazzy DEBUGINFOD_URLS=https://debuginfod.ubuntu.com /usr/bin/cmake /home/khatvangi/adas_ws/src/robot_bringup -DAMENT_CMAKE_SYMLINK_INSTALL=1 -DCMAKE_INSTALL_PREFIX=/home/khatvangi/adas_ws/install/robot_bringup
[0.472s] -- The C compiler identification is GNU 13.3.0
[0.546s] -- The CXX compiler identification is GNU 13.3.0
[0.562s] -- Detecting C compiler ABI info
[0.639s] -- Detecting C compiler ABI info - done
[0.647s] -- Check for working C compiler: /usr/bin/cc - skipped
[0.647s] -- Detecting C compile features
[0.648s] -- Detecting C compile features - done
[0.656s] -- Detecting CXX compiler ABI info
[0.744s] -- Detecting CXX compiler ABI info - done
[0.750s] -- Check for working CXX compiler: /usr/bin/c++ - skipped
[0.750s] -- Detecting CXX compile features
[0.750s] -- Detecting CXX compile features - done
[0.754s] -- Found ament_cmake: 2.5.5 (/opt/ros/jazzy/share/ament_cmake/cmake)
[0.877s] -- Found Python3: /usr/bin/python3 (found version "3.12.3") found components: Interpreter 
[0.935s] -- Override CMake install command with custom implementation using symlinks instead of copying resources
[1.033s] -- Configuring done (0.6s)
[1.034s] -- Generating done (0.0s)
[1.035s] -- Build files have been written to: /home/khatvangi/adas_ws/build/robot_bringup
[1.039s] Invoked command in '/home/khatvangi/adas_ws/build/robot_bringup' returned '0': CMAKE_PREFIX_PATH=${CMAKE_PREFIX_PATH}:/home/khatvangi/adas_ws/install/perception:/home/khatvangi/adas_ws/install/dashboard:/home/khatvangi/adas_ws/install/adas_core:/home/khatvangi/project_ws_v2/install/adas_core:/opt/ros/jazzy DEBUGINFOD_URLS=https://debuginfod.ubuntu.com /usr/bin/cmake /home/khatvangi/adas_ws/src/robot_bringup -DAMENT_CMAKE_SYMLINK_INSTALL=1 -DCMAKE_INSTALL_PREFIX=/home/khatvangi/adas_ws/install/robot_bringup
[1.040s] Invoking command in '/home/khatvangi/adas_ws/build/robot_bringup': CMAKE_PREFIX_PATH=${CMAKE_PREFIX_PATH}:/home/khatvangi/adas_ws/install/perception:/home/khatvangi/adas_ws/install/dashboard:/home/khatvangi/adas_ws/install/adas_core:/home/khatvangi/project_ws_v2/install/adas_core:/opt/ros/jazzy DEBUGINFOD_URLS=https://debuginfod.ubuntu.com /usr/bin/cmake --build /home/khatvangi/adas_ws/build/robot_bringup -- -j20 -l20
[1.071s] Invoked command in '/home/khatvangi/adas_ws/build/robot_bringup' returned '0': CMAKE_PREFIX_PATH=${CMAKE_PREFIX_PATH}:/home/khatvangi/adas_ws/install/perception:/home/khatvangi/adas_ws/install/dashboard:/home/khatvangi/adas_ws/install/adas_core:/home/khatvangi/project_ws_v2/install/adas_core:/opt/ros/jazzy DEBUGINFOD_URLS=https://debuginfod.ubuntu.com /usr/bin/cmake --build /home/khatvangi/adas_ws/build/robot_bringup -- -j20 -l20
[1.078s] Invoking command in '/home/khatvangi/adas_ws/build/robot_bringup': CMAKE_PREFIX_PATH=${CMAKE_PREFIX_PATH}:/home/khatvangi/adas_ws/install/perception:/home/khatvangi/adas_ws/install/dashboard:/home/khatvangi/adas_ws/install/adas_core:/home/khatvangi/project_ws_v2/install/adas_core:/opt/ros/jazzy DEBUGINFOD_URLS=https://debuginfod.ubuntu.com /usr/bin/cmake --install /home/khatvangi/adas_ws/build/robot_bringup
[1.085s] -- Install configuration: ""
[1.086s] -- Execute custom install script
[1.086s] -- Symlinking: /home/khatvangi/adas_ws/install/robot_bringup/share/robot_bringup//urdf/autonomous_car.urdf
[1.094s] -- Symlinking: /home/khatvangi/adas_ws/install/robot_bringup/share/robot_bringup//worlds/aeb_world.sdf
[1.102s] -- Symlinking: /home/khatvangi/adas_ws/install/robot_bringup/share/robot_bringup//launch/aeb.launch.py
[1.111s] -- Symlinking: /home/khatvangi/adas_ws/install/robot_bringup/share/ament_index/resource_index/package_run_dependencies/robot_bringup
[1.118s] -- Symlinking: /home/khatvangi/adas_ws/install/robot_bringup/share/ament_index/resource_index/parent_prefix_path/robot_bringup
[1.126s] -- Symlinking: /home/khatvangi/adas_ws/install/robot_bringup/share/robot_bringup/environment/ament_prefix_path.sh
[1.133s] -- Symlinking: /home/khatvangi/adas_ws/install/robot_bringup/share/robot_bringup/environment/ament_prefix_path.dsv
[1.140s] -- Symlinking: /home/khatvangi/adas_ws/install/robot_bringup/share/robot_bringup/environment/path.sh
[1.146s] -- Symlinking: /home/khatvangi/adas_ws/install/robot_bringup/share/robot_bringup/environment/path.dsv
[1.152s] -- Symlinking: /home/khatvangi/adas_ws/install/robot_bringup/share/robot_bringup/local_setup.bash
[1.159s] -- Symlinking: /home/khatvangi/adas_ws/install/robot_bringup/share/robot_bringup/local_setup.sh
[1.167s] -- Symlinking: /home/khatvangi/adas_ws/install/robot_bringup/share/robot_bringup/local_setup.zsh
[1.175s] -- Symlinking: /home/khatvangi/adas_ws/install/robot_bringup/share/robot_bringup/local_setup.dsv
[1.181s] -- Symlinking: /home/khatvangi/adas_ws/install/robot_bringup/share/robot_bringup/package.dsv
[1.188s] -- Symlinking: /home/khatvangi/adas_ws/install/robot_bringup/share/ament_index/resource_index/packages/robot_bringup
[1.195s] -- Symlinking: /home/khatvangi/adas_ws/install/robot_bringup/share/robot_bringup/cmake/robot_bringupConfig.cmake
[1.204s] -- Symlinking: /home/khatvangi/adas_ws/install/robot_bringup/share/robot_bringup/cmake/robot_bringupConfig-version.cmake
[1.211s] -- Symlinking: /home/khatvangi/adas_ws/install/robot_bringup/share/robot_bringup/package.xml
[1.222s] -- Installing: /home/khatvangi/adas_ws/install/robot_bringup/lib/robot_bringup/spawn_ego
[1.223s] Invoked command in '/home/khatvangi/adas_ws/build/robot_bringup' returned '0': CMAKE_PREFIX_PATH=${CMAKE_PREFIX_PATH}:/home/khatvangi/adas_ws/install/perception:/home/khatvangi/adas_ws/install/dashboard:/home/khatvangi/adas_ws/install/adas_core:/home/khatvangi/project_ws_v2/install/adas_core:/opt/ros/jazzy DEBUGINFOD_URLS=https://debuginfod.ubuntu.com /usr/bin/cmake --install /home/khatvangi/adas_ws/build/robot_bringup
