[0.063s] DEBUG:colcon:Command line arguments: ['/usr/bin/colcon', 'build', '--symlink-install']
[0.063s] DEBUG:colcon:Parsed command line arguments: Namespace(log_base=None, log_level=None, verb_name='build', build_base='build', install_base='install', merge_install=False, symlink_install=True, test_result_base=None, continue_on_error=False, executor='parallel', parallel_workers=20, event_handlers=None, ignore_user_meta=False, metas=['./colcon.meta'], base_paths=['.'], packages_ignore=None, packages_ignore_regex=None, paths=None, packages_up_to=None, packages_up_to_regex=None, packages_above=None, packages_above_and_dependencies=None, packages_above_depth=None, packages_select_by_dep=None, packages_skip_by_dep=None, packages_skip_up_to=None, packages_select_build_failed=False, packages_skip_build_finished=False, packages_select_test_failures=False, packages_skip_test_passed=False, packages_select=None, packages_skip=None, packages_select_regex=None, packages_skip_regex=None, packages_start=None, packages_end=None, allow_overriding=[], cmake_args=None, cmake_target=None, cmake_target_skip_unavailable=False, cmake_clean_cache=False, cmake_clean_first=False, cmake_force_configure=False, ament_cmake_args=None, catkin_cmake_args=None, catkin_skip_building_tests=False, verb_parser=<colcon_defaults.argument_parser.defaults.DefaultArgumentsDecorator object at 0x787f0dd83f20>, verb_extension=<colcon_core.verb.build.BuildVerb object at 0x787f0dd83a10>, main=<bound method BuildVerb.main of <colcon_core.verb.build.BuildVerb object at 0x787f0dd83a10>>)
[0.086s] Level 1:colcon.colcon_core.package_discovery:discover_packages(colcon_meta) check parameters
[0.086s] Level 1:colcon.colcon_core.package_discovery:discover_packages(recursive) check parameters
[0.086s] Level 1:colcon.colcon_core.package_discovery:discover_packages(ignore) check parameters
[0.086s] Level 1:colcon.colcon_core.package_discovery:discover_packages(path) check parameters
[0.086s] Level 1:colcon.colcon_core.package_discovery:discover_packages(colcon_meta) discover
[0.086s] Level 1:colcon.colcon_core.package_discovery:discover_packages(recursive) discover
[0.086s] INFO:colcon.colcon_core.package_discovery:Crawling recursively for packages in '/home/khatvangi/adas_ws'
[0.086s] Level 1:colcon.colcon_core.package_identification:_identify(.) by extensions ['ignore', 'ignore_ament_install']
[0.087s] Level 1:colcon.colcon_core.package_identification:_identify(.) by extension 'ignore'
[0.087s] Level 1:colcon.colcon_core.package_identification:_identify(.) by extension 'ignore_ament_install'
[0.087s] Level 1:colcon.colcon_core.package_identification:_identify(.) by extensions ['colcon_pkg']
[0.087s] Level 1:colcon.colcon_core.package_identification:_identify(.) by extension 'colcon_pkg'
[0.087s] Level 1:colcon.colcon_core.package_identification:_identify(.) by extensions ['colcon_meta']
[0.087s] Level 1:colcon.colcon_core.package_identification:_identify(.) by extension 'colcon_meta'
[0.087s] Level 1:colcon.colcon_core.package_identification:_identify(.) by extensions ['ros']
[0.087s] Level 1:colcon.colcon_core.package_identification:_identify(.) by extension 'ros'
[0.102s] Level 1:colcon.colcon_core.package_identification:_identify(.) by extensions ['cmake', 'python']
[0.102s] Level 1:colcon.colcon_core.package_identification:_identify(.) by extension 'cmake'
[0.102s] Level 1:colcon.colcon_core.package_identification:_identify(.) by extension 'python'
[0.102s] Level 1:colcon.colcon_core.package_identification:_identify(.) by extensions ['python_setup_py']
[0.102s] Level 1:colcon.colcon_core.package_identification:_identify(.) by extension 'python_setup_py'
[0.102s] Level 1:colcon.colcon_core.package_identification:_identify(build) by extensions ['ignore', 'ignore_ament_install']
[0.102s] Level 1:colcon.colcon_core.package_identification:_identify(build) by extension 'ignore'
[0.102s] Level 1:colcon.colcon_core.package_identification:_identify(build) ignored
[0.102s] Level 1:colcon.colcon_core.package_identification:_identify(install) by extensions ['ignore', 'ignore_ament_install']
[0.102s] Level 1:colcon.colcon_core.package_identification:_identify(install) by extension 'ignore'
[0.102s] Level 1:colcon.colcon_core.package_identification:_identify(install) ignored
[0.102s] Level 1:colcon.colcon_core.package_identification:_identify(log) by extensions ['ignore', 'ignore_ament_install']
[0.103s] Level 1:colcon.colcon_core.package_identification:_identify(log) by extension 'ignore'
[0.103s] Level 1:colcon.colcon_core.package_identification:_identify(log) ignored
[0.103s] Level 1:colcon.colcon_core.package_identification:_identify(src) by extensions ['ignore', 'ignore_ament_install']
[0.103s] Level 1:colcon.colcon_core.package_identification:_identify(src) by extension 'ignore'
[0.103s] Level 1:colcon.colcon_core.package_identification:_identify(src) by extension 'ignore_ament_install'
[0.103s] Level 1:colcon.colcon_core.package_identification:_identify(src) by extensions ['colcon_pkg']
[0.103s] Level 1:colcon.colcon_core.package_identification:_identify(src) by extension 'colcon_pkg'
[0.103s] Level 1:colcon.colcon_core.package_identification:_identify(src) by extensions ['colcon_meta']
[0.103s] Level 1:colcon.colcon_core.package_identification:_identify(src) by extension 'colcon_meta'
[0.103s] Level 1:colcon.colcon_core.package_identification:_identify(src) by extensions ['ros']
[0.103s] Level 1:colcon.colcon_core.package_identification:_identify(src) by extension 'ros'
[0.103s] Level 1:colcon.colcon_core.package_identification:_identify(src) by extensions ['cmake', 'python']
[0.103s] Level 1:colcon.colcon_core.package_identification:_identify(src) by extension 'cmake'
[0.103s] Level 1:colcon.colcon_core.package_identification:_identify(src) by extension 'python'
[0.103s] Level 1:colcon.colcon_core.package_identification:_identify(src) by extensions ['python_setup_py']
[0.103s] Level 1:colcon.colcon_core.package_identification:_identify(src) by extension 'python_setup_py'
[0.103s] Level 1:colcon.colcon_core.package_identification:_identify(src/adas_core) by extensions ['ignore', 'ignore_ament_install']
[0.103s] Level 1:colcon.colcon_core.package_identification:_identify(src/adas_core) by extension 'ignore'
[0.103s] Level 1:colcon.colcon_core.package_identification:_identify(src/adas_core) by extension 'ignore_ament_install'
[0.103s] Level 1:colcon.colcon_core.package_identification:_identify(src/adas_core) by extensions ['colcon_pkg']
[0.103s] Level 1:colcon.colcon_core.package_identification:_identify(src/adas_core) by extension 'colcon_pkg'
[0.103s] Level 1:colcon.colcon_core.package_identification:_identify(src/adas_core) by extensions ['colcon_meta']
[0.103s] Level 1:colcon.colcon_core.package_identification:_identify(src/adas_core) by extension 'colcon_meta'
[0.103s] Level 1:colcon.colcon_core.package_identification:_identify(src/adas_core) by extensions ['ros']
[0.103s] Level 1:colcon.colcon_core.package_identification:_identify(src/adas_core) by extension 'ros'
[0.105s] DEBUG:colcon.colcon_core.package_identification:Package 'src/adas_core' with type 'ros.ament_python' and name 'adas_core'
[0.105s] Level 1:colcon.colcon_core.package_identification:_identify(src/dashboard) by extensions ['ignore', 'ignore_ament_install']
[0.105s] Level 1:colcon.colcon_core.package_identification:_identify(src/dashboard) by extension 'ignore'
[0.105s] Level 1:colcon.colcon_core.package_identification:_identify(src/dashboard) by extension 'ignore_ament_install'
[0.105s] Level 1:colcon.colcon_core.package_identification:_identify(src/dashboard) by extensions ['colcon_pkg']
[0.105s] Level 1:colcon.colcon_core.package_identification:_identify(src/dashboard) by extension 'colcon_pkg'
[0.105s] Level 1:colcon.colcon_core.package_identification:_identify(src/dashboard) by extensions ['colcon_meta']
[0.105s] Level 1:colcon.colcon_core.package_identification:_identify(src/dashboard) by extension 'colcon_meta'
[0.105s] Level 1:colcon.colcon_core.package_identification:_identify(src/dashboard) by extensions ['ros']
[0.105s] Level 1:colcon.colcon_core.package_identification:_identify(src/dashboard) by extension 'ros'
[0.105s] DEBUG:colcon.colcon_core.package_identification:Package 'src/dashboard' with type 'ros.ament_python' and name 'dashboard'
[0.105s] Level 1:colcon.colcon_core.package_identification:_identify(src/perception) by extensions ['ignore', 'ignore_ament_install']
[0.105s] Level 1:colcon.colcon_core.package_identification:_identify(src/perception) by extension 'ignore'
[0.105s] Level 1:colcon.colcon_core.package_identification:_identify(src/perception) by extension 'ignore_ament_install'
[0.105s] Level 1:colcon.colcon_core.package_identification:_identify(src/perception) by extensions ['colcon_pkg']
[0.105s] Level 1:colcon.colcon_core.package_identification:_identify(src/perception) by extension 'colcon_pkg'
[0.105s] Level 1:colcon.colcon_core.package_identification:_identify(src/perception) by extensions ['colcon_meta']
[0.105s] Level 1:colcon.colcon_core.package_identification:_identify(src/perception) by extension 'colcon_meta'
[0.105s] Level 1:colcon.colcon_core.package_identification:_identify(src/perception) by extensions ['ros']
[0.105s] Level 1:colcon.colcon_core.package_identification:_identify(src/perception) by extension 'ros'
[0.106s] DEBUG:colcon.colcon_core.package_identification:Package 'src/perception' with type 'ros.ament_python' and name 'perception'
[0.106s] Level 1:colcon.colcon_core.package_identification:_identify(src/robot_bringup) by extensions ['ignore', 'ignore_ament_install']
[0.106s] Level 1:colcon.colcon_core.package_identification:_identify(src/robot_bringup) by extension 'ignore'
[0.106s] Level 1:colcon.colcon_core.package_identification:_identify(src/robot_bringup) by extension 'ignore_ament_install'
[0.106s] Level 1:colcon.colcon_core.package_identification:_identify(src/robot_bringup) by extensions ['colcon_pkg']
[0.106s] Level 1:colcon.colcon_core.package_identification:_identify(src/robot_bringup) by extension 'colcon_pkg'
[0.106s] Level 1:colcon.colcon_core.package_identification:_identify(src/robot_bringup) by extensions ['colcon_meta']
[0.106s] Level 1:colcon.colcon_core.package_identification:_identify(src/robot_bringup) by extension 'colcon_meta'
[0.106s] Level 1:colcon.colcon_core.package_identification:_identify(src/robot_bringup) by extensions ['ros']
[0.106s] Level 1:colcon.colcon_core.package_identification:_identify(src/robot_bringup) by extension 'ros'
[0.106s] DEBUG:colcon.colcon_core.package_identification:Package 'src/robot_bringup' with type 'ros.ament_cmake' and name 'robot_bringup'
[0.106s] Level 1:colcon.colcon_core.package_discovery:discover_packages(recursive) using defaults
[0.106s] Level 1:colcon.colcon_core.package_discovery:discover_packages(ignore) discover
[0.106s] Level 1:colcon.colcon_core.package_discovery:discover_packages(ignore) using defaults
[0.106s] Level 1:colcon.colcon_core.package_discovery:discover_packages(path) discover
[0.106s] Level 1:colcon.colcon_core.package_discovery:discover_packages(path) using defaults
[0.117s] Level 1:colcon.colcon_core.package_discovery:discover_packages(prefix_path) check parameters
[0.117s] Level 1:colcon.colcon_core.package_discovery:discover_packages(prefix_path) discover
[0.117s] WARNING:colcon.colcon_ros.prefix_path.ament:The path '/home/khatvangi/adas_ws/install/robot_bringup' in the environment variable AMENT_PREFIX_PATH doesn't exist
[0.118s] WARNING:colcon.colcon_ros.prefix_path.ament:The path '/home/khatvangi/adas_ws/install/perception' in the environment variable AMENT_PREFIX_PATH doesn't exist
[0.118s] WARNING:colcon.colcon_ros.prefix_path.ament:The path '/home/khatvangi/adas_ws/install/dashboard' in the environment variable AMENT_PREFIX_PATH doesn't exist
[0.118s] WARNING:colcon.colcon_ros.prefix_path.ament:The path '/home/khatvangi/adas_ws/install/adas_core' in the environment variable AMENT_PREFIX_PATH doesn't exist
[0.118s] WARNING:colcon.colcon_ros.prefix_path.catkin:The path '/home/khatvangi/adas_ws/install/robot_bringup' in the environment variable CMAKE_PREFIX_PATH doesn't exist
[0.118s] DEBUG:colcon.colcon_installed_package_information.package_discovery:Found 0 installed packages in /home/khatvangi/adas_ws/install
[0.118s] DEBUG:colcon.colcon_installed_package_information.package_discovery:Found 2 installed packages in /home/khatvangi/project_ws_v2/install
[0.119s] DEBUG:colcon.colcon_installed_package_information.package_discovery:Found 369 installed packages in /opt/ros/jazzy
[0.120s] Level 1:colcon.colcon_core.package_discovery:discover_packages(prefix_path) using defaults
[0.144s] Level 5:colcon.colcon_core.verb:set package 'adas_core' build argument 'cmake_args' from command line to 'None'
[0.144s] Level 5:colcon.colcon_core.verb:set package 'adas_core' build argument 'cmake_target' from command line to 'None'
[0.144s] Level 5:colcon.colcon_core.verb:set package 'adas_core' build argument 'cmake_target_skip_unavailable' from command line to 'False'
[0.144s] Level 5:colcon.colcon_core.verb:set package 'adas_core' build argument 'cmake_clean_cache' from command line to 'False'
[0.144s] Level 5:colcon.colcon_core.verb:set package 'adas_core' build argument 'cmake_clean_first' from command line to 'False'
[0.144s] Level 5:colcon.colcon_core.verb:set package 'adas_core' build argument 'cmake_force_configure' from command line to 'False'
[0.144s] Level 5:colcon.colcon_core.verb:set package 'adas_core' build argument 'ament_cmake_args' from command line to 'None'
[0.144s] Level 5:colcon.colcon_core.verb:set package 'adas_core' build argument 'catkin_cmake_args' from command line to 'None'
[0.144s] Level 5:colcon.colcon_core.verb:set package 'adas_core' build argument 'catkin_skip_building_tests' from command line to 'False'
[0.144s] DEBUG:colcon.colcon_core.verb:Building package 'adas_core' with the following arguments: {'ament_cmake_args': None, 'build_base': '/home/khatvangi/adas_ws/build/adas_core', 'catkin_cmake_args': None, 'catkin_skip_building_tests': False, 'cmake_args': None, 'cmake_clean_cache': False, 'cmake_clean_first': False, 'cmake_force_configure': False, 'cmake_target': None, 'cmake_target_skip_unavailable': False, 'install_base': '/home/khatvangi/adas_ws/install/adas_core', 'merge_install': False, 'path': '/home/khatvangi/adas_ws/src/adas_core', 'symlink_install': True, 'test_result_base': None}
[0.144s] Level 5:colcon.colcon_core.verb:set package 'dashboard' build argument 'cmake_args' from command line to 'None'
[0.144s] Level 5:colcon.colcon_core.verb:set package 'dashboard' build argument 'cmake_target' from command line to 'None'
[0.144s] Level 5:colcon.colcon_core.verb:set package 'dashboard' build argument 'cmake_target_skip_unavailable' from command line to 'False'
[0.144s] Level 5:colcon.colcon_core.verb:set package 'dashboard' build argument 'cmake_clean_cache' from command line to 'False'
[0.144s] Level 5:colcon.colcon_core.verb:set package 'dashboard' build argument 'cmake_clean_first' from command line to 'False'
[0.144s] Level 5:colcon.colcon_core.verb:set package 'dashboard' build argument 'cmake_force_configure' from command line to 'False'
[0.144s] Level 5:colcon.colcon_core.verb:set package 'dashboard' build argument 'ament_cmake_args' from command line to 'None'
[0.144s] Level 5:colcon.colcon_core.verb:set package 'dashboard' build argument 'catkin_cmake_args' from command line to 'None'
[0.144s] Level 5:colcon.colcon_core.verb:set package 'dashboard' build argument 'catkin_skip_building_tests' from command line to 'False'
[0.144s] DEBUG:colcon.colcon_core.verb:Building package 'dashboard' with the following arguments: {'ament_cmake_args': None, 'build_base': '/home/khatvangi/adas_ws/build/dashboard', 'catkin_cmake_args': None, 'catkin_skip_building_tests': False, 'cmake_args': None, 'cmake_clean_cache': False, 'cmake_clean_first': False, 'cmake_force_configure': False, 'cmake_target': None, 'cmake_target_skip_unavailable': False, 'install_base': '/home/khatvangi/adas_ws/install/dashboard', 'merge_install': False, 'path': '/home/khatvangi/adas_ws/src/dashboard', 'symlink_install': True, 'test_result_base': None}
[0.144s] Level 5:colcon.colcon_core.verb:set package 'perception' build argument 'cmake_args' from command line to 'None'
[0.144s] Level 5:colcon.colcon_core.verb:set package 'perception' build argument 'cmake_target' from command line to 'None'
[0.144s] Level 5:colcon.colcon_core.verb:set package 'perception' build argument 'cmake_target_skip_unavailable' from command line to 'False'
[0.144s] Level 5:colcon.colcon_core.verb:set package 'perception' build argument 'cmake_clean_cache' from command line to 'False'
[0.144s] Level 5:colcon.colcon_core.verb:set package 'perception' build argument 'cmake_clean_first' from command line to 'False'
[0.144s] Level 5:colcon.colcon_core.verb:set package 'perception' build argument 'cmake_force_configure' from command line to 'False'
[0.144s] Level 5:colcon.colcon_core.verb:set package 'perception' build argument 'ament_cmake_args' from command line to 'None'
[0.144s] Level 5:colcon.colcon_core.verb:set package 'perception' build argument 'catkin_cmake_args' from command line to 'None'
[0.144s] Level 5:colcon.colcon_core.verb:set package 'perception' build argument 'catkin_skip_building_tests' from command line to 'False'
[0.144s] DEBUG:colcon.colcon_core.verb:Building package 'perception' with the following arguments: {'ament_cmake_args': None, 'build_base': '/home/khatvangi/adas_ws/build/perception', 'catkin_cmake_args': None, 'catkin_skip_building_tests': False, 'cmake_args': None, 'cmake_clean_cache': False, 'cmake_clean_first': False, 'cmake_force_configure': False, 'cmake_target': None, 'cmake_target_skip_unavailable': False, 'install_base': '/home/khatvangi/adas_ws/install/perception', 'merge_install': False, 'path': '/home/khatvangi/adas_ws/src/perception', 'symlink_install': True, 'test_result_base': None}
[0.144s] Level 5:colcon.colcon_core.verb:set package 'robot_bringup' build argument 'cmake_args' from command line to 'None'
[0.144s] Level 5:colcon.colcon_core.verb:set package 'robot_bringup' build argument 'cmake_target' from command line to 'None'
[0.145s] Level 5:colcon.colcon_core.verb:set package 'robot_bringup' build argument 'cmake_target_skip_unavailable' from command line to 'False'
[0.145s] Level 5:colcon.colcon_core.verb:set package 'robot_bringup' build argument 'cmake_clean_cache' from command line to 'False'
[0.145s] Level 5:colcon.colcon_core.verb:set package 'robot_bringup' build argument 'cmake_clean_first' from command line to 'False'
[0.145s] Level 5:colcon.colcon_core.verb:set package 'robot_bringup' build argument 'cmake_force_configure' from command line to 'False'
[0.145s] Level 5:colcon.colcon_core.verb:set package 'robot_bringup' build argument 'ament_cmake_args' from command line to 'None'
[0.145s] Level 5:colcon.colcon_core.verb:set package 'robot_bringup' build argument 'catkin_cmake_args' from command line to 'None'
[0.145s] Level 5:colcon.colcon_core.verb:set package 'robot_bringup' build argument 'catkin_skip_building_tests' from command line to 'False'
[0.145s] DEBUG:colcon.colcon_core.verb:Building package 'robot_bringup' with the following arguments: {'ament_cmake_args': None, 'build_base': '/home/khatvangi/adas_ws/build/robot_bringup', 'catkin_cmake_args': None, 'catkin_skip_building_tests': False, 'cmake_args': None, 'cmake_clean_cache': False, 'cmake_clean_first': False, 'cmake_force_configure': False, 'cmake_target': None, 'cmake_target_skip_unavailable': False, 'install_base': '/home/khatvangi/adas_ws/install/robot_bringup', 'merge_install': False, 'path': '/home/khatvangi/adas_ws/src/robot_bringup', 'symlink_install': True, 'test_result_base': None}
[0.145s] INFO:colcon.colcon_core.executor:Executing jobs using 'parallel' executor
[0.145s] DEBUG:colcon.colcon_parallel_executor.executor.parallel:run_until_complete
[0.145s] INFO:colcon.colcon_ros.task.ament_python.build:Building ROS package in '/home/khatvangi/adas_ws/src/adas_core' with build type 'ament_python'
[0.145s] Level 1:colcon.colcon_core.shell:create_environment_hook('adas_core', 'ament_prefix_path')
[0.147s] INFO:colcon.colcon_core.plugin_system:Skipping extension 'colcon_core.shell.bat': Not used on non-Windows systems
[0.147s] INFO:colcon.colcon_core.shell:Creating environment hook '/home/khatvangi/adas_ws/install/adas_core/share/adas_core/hook/ament_prefix_path.ps1'
[0.147s] INFO:colcon.colcon_core.shell:Creating environment descriptor '/home/khatvangi/adas_ws/install/adas_core/share/adas_core/hook/ament_prefix_path.dsv'
[0.147s] INFO:colcon.colcon_core.shell:Creating environment hook '/home/khatvangi/adas_ws/install/adas_core/share/adas_core/hook/ament_prefix_path.sh'
[0.148s] INFO:colcon.colcon_core.shell:Skip shell extension 'powershell' for command environment: Not usable outside of PowerShell
[0.148s] DEBUG:colcon.colcon_core.shell:Skip shell extension 'dsv' for command environment
[0.150s] INFO:colcon.colcon_ros.task.ament_python.build:Building ROS package in '/home/khatvangi/adas_ws/src/dashboard' with build type 'ament_python'
[0.150s] Level 1:colcon.colcon_core.shell:create_environment_hook('dashboard', 'ament_prefix_path')
[0.150s] INFO:colcon.colcon_core.shell:Creating environment hook '/home/khatvangi/adas_ws/install/dashboard/share/dashboard/hook/ament_prefix_path.ps1'
[0.150s] INFO:colcon.colcon_core.shell:Creating environment descriptor '/home/khatvangi/adas_ws/install/dashboard/share/dashboard/hook/ament_prefix_path.dsv'
[0.150s] INFO:colcon.colcon_core.shell:Creating environment hook '/home/khatvangi/adas_ws/install/dashboard/share/dashboard/hook/ament_prefix_path.sh'
[0.151s] INFO:colcon.colcon_core.shell:Skip shell extension 'powershell' for command environment: Not usable outside of PowerShell
[0.151s] DEBUG:colcon.colcon_core.shell:Skip shell extension 'dsv' for command environment
[0.152s] INFO:colcon.colcon_ros.task.ament_python.build:Building ROS package in '/home/khatvangi/adas_ws/src/perception' with build type 'ament_python'
[0.152s] Level 1:colcon.colcon_core.shell:create_environment_hook('perception', 'ament_prefix_path')
[0.152s] INFO:colcon.colcon_core.shell:Creating environment hook '/home/khatvangi/adas_ws/install/perception/share/perception/hook/ament_prefix_path.ps1'
[0.153s] INFO:colcon.colcon_core.shell:Creating environment descriptor '/home/khatvangi/adas_ws/install/perception/share/perception/hook/ament_prefix_path.dsv'
[0.153s] INFO:colcon.colcon_core.shell:Creating environment hook '/home/khatvangi/adas_ws/install/perception/share/perception/hook/ament_prefix_path.sh'
[0.153s] INFO:colcon.colcon_core.shell:Skip shell extension 'powershell' for command environment: Not usable outside of PowerShell
[0.153s] DEBUG:colcon.colcon_core.shell:Skip shell extension 'dsv' for command environment
[0.155s] INFO:colcon.colcon_ros.task.ament_cmake.build:Building ROS package in '/home/khatvangi/adas_ws/src/robot_bringup' with build type 'ament_cmake'
[0.155s] INFO:colcon.colcon_cmake.task.cmake.build:Building CMake package in '/home/khatvangi/adas_ws/src/robot_bringup'
[0.155s] INFO:colcon.colcon_core.shell:Skip shell extension 'powershell' for command environment: Not usable outside of PowerShell
[0.155s] DEBUG:colcon.colcon_core.shell:Skip shell extension 'dsv' for command environment
[0.287s] INFO:colcon.colcon_core.task.python.build:Building Python package in '/home/khatvangi/adas_ws/src/adas_core'
[0.287s] INFO:colcon.colcon_core.shell:Skip shell extension 'powershell' for command environment: Not usable outside of PowerShell
[0.287s] DEBUG:colcon.colcon_core.shell:Skip shell extension 'dsv' for command environment
[0.414s] INFO:colcon.colcon_core.task.python.build:Building Python package in '/home/khatvangi/adas_ws/src/dashboard'
[0.414s] INFO:colcon.colcon_core.shell:Skip shell extension 'powershell' for command environment: Not usable outside of PowerShell
[0.414s] DEBUG:colcon.colcon_core.shell:Skip shell extension 'dsv' for command environment
[0.539s] INFO:colcon.colcon_core.task.python.build:Building Python package in '/home/khatvangi/adas_ws/src/perception'
[0.539s] INFO:colcon.colcon_core.shell:Skip shell extension 'powershell' for command environment: Not usable outside of PowerShell
[0.539s] DEBUG:colcon.colcon_core.shell:Skip shell extension 'dsv' for command environment
[0.543s] DEBUG:colcon.colcon_core.event_handler.log_command:Invoking command in '/home/khatvangi/adas_ws/build/robot_bringup': CMAKE_PREFIX_PATH=${CMAKE_PREFIX_PATH}:/home/khatvangi/adas_ws/install/perception:/home/khatvangi/adas_ws/install/dashboard:/home/khatvangi/adas_ws/install/adas_core:/home/khatvangi/project_ws_v2/install/adas_core:/opt/ros/jazzy DEBUGINFOD_URLS=https://debuginfod.ubuntu.com /usr/bin/cmake /home/khatvangi/adas_ws/src/robot_bringup -DAMENT_CMAKE_SYMLINK_INSTALL=1 -DCMAKE_INSTALL_PREFIX=/home/khatvangi/adas_ws/install/robot_bringup
[0.902s] DEBUG:colcon.colcon_core.event_handler.log_command:Invoking command in '/home/khatvangi/adas_ws/build/adas_core': DEBUGINFOD_URLS=https://debuginfod.ubuntu.com PYTHONPATH=/home/khatvangi/adas_ws/build/adas_core/prefix_override:/usr/lib/python3/dist-packages/colcon_core/task/python/colcon_distutils_commands:/home/khatvangi/adas_ws/install/adas_core/lib/python3.12/site-packages:${PYTHONPATH} /usr/bin/python3 -W ignore:setup.py install is deprecated -W ignore:easy_install command is deprecated setup.py develop --editable --build-directory /home/khatvangi/adas_ws/build/adas_core/build --no-deps symlink_data
[0.902s] DEBUG:colcon.colcon_core.event_handler.log_command:Invoking command in '/home/khatvangi/adas_ws/build/dashboard': DEBUGINFOD_URLS=https://debuginfod.ubuntu.com PYTHONPATH=/home/khatvangi/adas_ws/build/dashboard/prefix_override:/usr/lib/python3/dist-packages/colcon_core/task/python/colcon_distutils_commands:/home/khatvangi/adas_ws/install/dashboard/lib/python3.12/site-packages:${PYTHONPATH} /usr/bin/python3 -W ignore:setup.py install is deprecated -W ignore:easy_install command is deprecated setup.py develop --editable --build-directory /home/khatvangi/adas_ws/build/dashboard/build --no-deps symlink_data
[0.908s] DEBUG:colcon.colcon_core.event_handler.log_command:Invoking command in '/home/khatvangi/adas_ws/build/perception': DEBUGINFOD_URLS=https://debuginfod.ubuntu.com PYTHONPATH=/home/khatvangi/adas_ws/build/perception/prefix_override:/usr/lib/python3/dist-packages/colcon_core/task/python/colcon_distutils_commands:/home/khatvangi/adas_ws/install/perception/lib/python3.12/site-packages:${PYTHONPATH} /usr/bin/python3 -W ignore:setup.py install is deprecated -W ignore:easy_install command is deprecated setup.py develop --editable --build-directory /home/khatvangi/adas_ws/build/perception/build --no-deps symlink_data
[1.194s] DEBUG:colcon.colcon_core.event_handler.log_command:Invoked command in '/home/khatvangi/adas_ws/build/robot_bringup' returned '0': CMAKE_PREFIX_PATH=${CMAKE_PREFIX_PATH}:/home/khatvangi/adas_ws/install/perception:/home/khatvangi/adas_ws/install/dashboard:/home/khatvangi/adas_ws/install/adas_core:/home/khatvangi/project_ws_v2/install/adas_core:/opt/ros/jazzy DEBUGINFOD_URLS=https://debuginfod.ubuntu.com /usr/bin/cmake /home/khatvangi/adas_ws/src/robot_bringup -DAMENT_CMAKE_SYMLINK_INSTALL=1 -DCMAKE_INSTALL_PREFIX=/home/khatvangi/adas_ws/install/robot_bringup
[1.196s] DEBUG:colcon.colcon_core.event_handler.log_command:Invoking command in '/home/khatvangi/adas_ws/build/robot_bringup': CMAKE_PREFIX_PATH=${CMAKE_PREFIX_PATH}:/home/khatvangi/adas_ws/install/perception:/home/khatvangi/adas_ws/install/dashboard:/home/khatvangi/adas_ws/install/adas_core:/home/khatvangi/project_ws_v2/install/adas_core:/opt/ros/jazzy DEBUGINFOD_URLS=https://debuginfod.ubuntu.com /usr/bin/cmake --build /home/khatvangi/adas_ws/build/robot_bringup -- -j20 -l20
[1.226s] DEBUG:colcon.colcon_core.event_handler.log_command:Invoked command in '/home/khatvangi/adas_ws/build/robot_bringup' returned '0': CMAKE_PREFIX_PATH=${CMAKE_PREFIX_PATH}:/home/khatvangi/adas_ws/install/perception:/home/khatvangi/adas_ws/install/dashboard:/home/khatvangi/adas_ws/install/adas_core:/home/khatvangi/project_ws_v2/install/adas_core:/opt/ros/jazzy DEBUGINFOD_URLS=https://debuginfod.ubuntu.com /usr/bin/cmake --build /home/khatvangi/adas_ws/build/robot_bringup -- -j20 -l20
[1.233s] DEBUG:colcon.colcon_core.event_handler.log_command:Invoking command in '/home/khatvangi/adas_ws/build/robot_bringup': CMAKE_PREFIX_PATH=${CMAKE_PREFIX_PATH}:/home/khatvangi/adas_ws/install/perception:/home/khatvangi/adas_ws/install/dashboard:/home/khatvangi/adas_ws/install/adas_core:/home/khatvangi/project_ws_v2/install/adas_core:/opt/ros/jazzy DEBUGINFOD_URLS=https://debuginfod.ubuntu.com /usr/bin/cmake --install /home/khatvangi/adas_ws/build/robot_bringup
[1.279s] Level 1:colcon.colcon_core.shell:create_environment_hook('adas_core', 'pythonpath_develop')
[1.280s] INFO:colcon.colcon_core.shell:Creating environment hook '/home/khatvangi/adas_ws/build/adas_core/share/adas_core/hook/pythonpath_develop.ps1'
[1.280s] DEBUG:colcon.colcon_core.event_handler.log_command:Invoked command in '/home/khatvangi/adas_ws/build/adas_core' returned '0': DEBUGINFOD_URLS=https://debuginfod.ubuntu.com PYTHONPATH=/home/khatvangi/adas_ws/build/adas_core/prefix_override:/usr/lib/python3/dist-packages/colcon_core/task/python/colcon_distutils_commands:/home/khatvangi/adas_ws/install/adas_core/lib/python3.12/site-packages:${PYTHONPATH} /usr/bin/python3 -W ignore:setup.py install is deprecated -W ignore:easy_install command is deprecated setup.py develop --editable --build-directory /home/khatvangi/adas_ws/build/adas_core/build --no-deps symlink_data
[1.280s] INFO:colcon.colcon_core.shell:Creating environment descriptor '/home/khatvangi/adas_ws/build/adas_core/share/adas_core/hook/pythonpath_develop.dsv'
[1.281s] INFO:colcon.colcon_core.shell:Creating environment hook '/home/khatvangi/adas_ws/build/adas_core/share/adas_core/hook/pythonpath_develop.sh'
[1.282s] Level 1:colcon.colcon_core.environment:checking '/home/khatvangi/adas_ws/install/adas_core' for CMake module files
[1.283s] Level 1:colcon.colcon_core.environment:checking '/home/khatvangi/adas_ws/install/adas_core' for CMake config files
[1.283s] Level 1:colcon.colcon_core.environment:checking '/home/khatvangi/adas_ws/install/adas_core/lib'
[1.283s] Level 1:colcon.colcon_core.environment:checking '/home/khatvangi/adas_ws/install/adas_core/bin'
[1.283s] Level 1:colcon.colcon_core.environment:checking '/home/khatvangi/adas_ws/install/adas_core/lib/pkgconfig/adas_core.pc'
[1.283s] Level 1:colcon.colcon_core.environment:checking '/home/khatvangi/adas_ws/install/adas_core/lib/python3.12/site-packages'
[1.283s] Level 1:colcon.colcon_core.shell:create_environment_hook('adas_core', 'pythonpath')
[1.283s] INFO:colcon.colcon_core.shell:Creating environment hook '/home/khatvangi/adas_ws/install/adas_core/share/adas_core/hook/pythonpath.ps1'
[1.284s] INFO:colcon.colcon_core.shell:Creating environment descriptor '/home/khatvangi/adas_ws/install/adas_core/share/adas_core/hook/pythonpath.dsv'
[1.284s] INFO:colcon.colcon_core.shell:Creating environment hook '/home/khatvangi/adas_ws/install/adas_core/share/adas_core/hook/pythonpath.sh'
[1.284s] Level 1:colcon.colcon_core.environment:checking '/home/khatvangi/adas_ws/install/adas_core/bin'
[1.284s] Level 1:colcon.colcon_core.environment:create_environment_scripts_only(adas_core)
[1.284s] INFO:colcon.colcon_core.shell:Creating package script '/home/khatvangi/adas_ws/install/adas_core/share/adas_core/package.ps1'
[1.285s] INFO:colcon.colcon_core.shell:Creating package descriptor '/home/khatvangi/adas_ws/install/adas_core/share/adas_core/package.dsv'
[1.285s] INFO:colcon.colcon_core.shell:Creating package script '/home/khatvangi/adas_ws/install/adas_core/share/adas_core/package.sh'
[1.285s] INFO:colcon.colcon_core.shell:Creating package script '/home/khatvangi/adas_ws/install/adas_core/share/adas_core/package.bash'
[1.286s] INFO:colcon.colcon_core.shell:Creating package script '/home/khatvangi/adas_ws/install/adas_core/share/adas_core/package.zsh'
[1.286s] Level 1:colcon.colcon_core.environment:create_file_with_runtime_dependencies(/home/khatvangi/adas_ws/install/adas_core/share/colcon-core/packages/adas_core)
[1.286s] Level 1:colcon.colcon_core.shell:create_environment_hook('dashboard', 'pythonpath_develop')
[1.286s] INFO:colcon.colcon_core.shell:Creating environment hook '/home/khatvangi/adas_ws/build/dashboard/share/dashboard/hook/pythonpath_develop.ps1'
[1.287s] INFO:colcon.colcon_core.shell:Creating environment descriptor '/home/khatvangi/adas_ws/build/dashboard/share/dashboard/hook/pythonpath_develop.dsv'
[1.287s] INFO:colcon.colcon_core.shell:Creating environment hook '/home/khatvangi/adas_ws/build/dashboard/share/dashboard/hook/pythonpath_develop.sh'
[1.287s] Level 1:colcon.colcon_core.environment:checking '/home/khatvangi/adas_ws/install/dashboard' for CMake module files
[1.288s] DEBUG:colcon.colcon_core.event_handler.log_command:Invoked command in '/home/khatvangi/adas_ws/build/dashboard' returned '0': DEBUGINFOD_URLS=https://debuginfod.ubuntu.com PYTHONPATH=/home/khatvangi/adas_ws/build/dashboard/prefix_override:/usr/lib/python3/dist-packages/colcon_core/task/python/colcon_distutils_commands:/home/khatvangi/adas_ws/install/dashboard/lib/python3.12/site-packages:${PYTHONPATH} /usr/bin/python3 -W ignore:setup.py install is deprecated -W ignore:easy_install command is deprecated setup.py develop --editable --build-directory /home/khatvangi/adas_ws/build/dashboard/build --no-deps symlink_data
[1.288s] Level 1:colcon.colcon_core.environment:checking '/home/khatvangi/adas_ws/install/dashboard' for CMake config files
[1.288s] Level 1:colcon.colcon_core.environment:checking '/home/khatvangi/adas_ws/install/dashboard/lib'
[1.288s] Level 1:colcon.colcon_core.environment:checking '/home/khatvangi/adas_ws/install/dashboard/bin'
[1.288s] Level 1:colcon.colcon_core.environment:checking '/home/khatvangi/adas_ws/install/dashboard/lib/pkgconfig/dashboard.pc'
[1.289s] Level 1:colcon.colcon_core.environment:checking '/home/khatvangi/adas_ws/install/dashboard/lib/python3.12/site-packages'
[1.289s] Level 1:colcon.colcon_core.shell:create_environment_hook('dashboard', 'pythonpath')
[1.289s] INFO:colcon.colcon_core.shell:Creating environment hook '/home/khatvangi/adas_ws/install/dashboard/share/dashboard/hook/pythonpath.ps1'
[1.289s] INFO:colcon.colcon_core.shell:Creating environment descriptor '/home/khatvangi/adas_ws/install/dashboard/share/dashboard/hook/pythonpath.dsv'
[1.289s] INFO:colcon.colcon_core.shell:Creating environment hook '/home/khatvangi/adas_ws/install/dashboard/share/dashboard/hook/pythonpath.sh'
[1.290s] Level 1:colcon.colcon_core.environment:checking '/home/khatvangi/adas_ws/install/dashboard/bin'
[1.290s] Level 1:colcon.colcon_core.environment:create_environment_scripts_only(dashboard)
[1.290s] INFO:colcon.colcon_core.shell:Creating package script '/home/khatvangi/adas_ws/install/dashboard/share/dashboard/package.ps1'
[1.290s] INFO:colcon.colcon_core.shell:Creating package descriptor '/home/khatvangi/adas_ws/install/dashboard/share/dashboard/package.dsv'
[1.290s] INFO:colcon.colcon_core.shell:Creating package script '/home/khatvangi/adas_ws/install/dashboard/share/dashboard/package.sh'
[1.290s] INFO:colcon.colcon_core.shell:Creating package script '/home/khatvangi/adas_ws/install/dashboard/share/dashboard/package.bash'
[1.291s] INFO:colcon.colcon_core.shell:Creating package script '/home/khatvangi/adas_ws/install/dashboard/share/dashboard/package.zsh'
[1.291s] Level 1:colcon.colcon_core.environment:create_file_with_runtime_dependencies(/home/khatvangi/adas_ws/install/dashboard/share/colcon-core/packages/dashboard)
[1.291s] Level 1:colcon.colcon_core.shell:create_environment_hook('perception', 'pythonpath_develop')
[1.292s] INFO:colcon.colcon_core.shell:Creating environment hook '/home/khatvangi/adas_ws/build/perception/share/perception/hook/pythonpath_develop.ps1'
[1.292s] DEBUG:colcon.colcon_core.event_handler.log_command:Invoked command in '/home/khatvangi/adas_ws/build/perception' returned '0': DEBUGINFOD_URLS=https://debuginfod.ubuntu.com PYTHONPATH=/home/khatvangi/adas_ws/build/perception/prefix_override:/usr/lib/python3/dist-packages/colcon_core/task/python/colcon_distutils_commands:/home/khatvangi/adas_ws/install/perception/lib/python3.12/site-packages:${PYTHONPATH} /usr/bin/python3 -W ignore:setup.py install is deprecated -W ignore:easy_install command is deprecated setup.py develop --editable --build-directory /home/khatvangi/adas_ws/build/perception/build --no-deps symlink_data
[1.292s] INFO:colcon.colcon_core.shell:Creating environment descriptor '/home/khatvangi/adas_ws/build/perception/share/perception/hook/pythonpath_develop.dsv'
[1.292s] INFO:colcon.colcon_core.shell:Creating environment hook '/home/khatvangi/adas_ws/build/perception/share/perception/hook/pythonpath_develop.sh'
[1.292s] Level 1:colcon.colcon_core.environment:checking '/home/khatvangi/adas_ws/install/perception' for CMake module files
[1.293s] Level 1:colcon.colcon_core.environment:checking '/home/khatvangi/adas_ws/install/perception' for CMake config files
[1.293s] Level 1:colcon.colcon_core.environment:checking '/home/khatvangi/adas_ws/install/perception/lib'
[1.293s] Level 1:colcon.colcon_core.environment:checking '/home/khatvangi/adas_ws/install/perception/bin'
[1.293s] Level 1:colcon.colcon_core.environment:checking '/home/khatvangi/adas_ws/install/perception/lib/pkgconfig/perception.pc'
[1.293s] Level 1:colcon.colcon_core.environment:checking '/home/khatvangi/adas_ws/install/perception/lib/python3.12/site-packages'
[1.293s] Level 1:colcon.colcon_core.shell:create_environment_hook('perception', 'pythonpath')
[1.293s] INFO:colcon.colcon_core.shell:Creating environment hook '/home/khatvangi/adas_ws/install/perception/share/perception/hook/pythonpath.ps1'
[1.294s] INFO:colcon.colcon_core.shell:Creating environment descriptor '/home/khatvangi/adas_ws/install/perception/share/perception/hook/pythonpath.dsv'
[1.294s] INFO:colcon.colcon_core.shell:Creating environment hook '/home/khatvangi/adas_ws/install/perception/share/perception/hook/pythonpath.sh'
[1.294s] Level 1:colcon.colcon_core.environment:checking '/home/khatvangi/adas_ws/install/perception/bin'
[1.294s] Level 1:colcon.colcon_core.environment:create_environment_scripts_only(perception)
[1.294s] INFO:colcon.colcon_core.shell:Creating package script '/home/khatvangi/adas_ws/install/perception/share/perception/package.ps1'
[1.294s] INFO:colcon.colcon_core.shell:Creating package descriptor '/home/khatvangi/adas_ws/install/perception/share/perception/package.dsv'
[1.295s] INFO:colcon.colcon_core.shell:Creating package script '/home/khatvangi/adas_ws/install/perception/share/perception/package.sh'
[1.295s] INFO:colcon.colcon_core.shell:Creating package script '/home/khatvangi/adas_ws/install/perception/share/perception/package.bash'
[1.295s] INFO:colcon.colcon_core.shell:Creating package script '/home/khatvangi/adas_ws/install/perception/share/perception/package.zsh'
[1.295s] Level 1:colcon.colcon_core.environment:create_file_with_runtime_dependencies(/home/khatvangi/adas_ws/install/perception/share/colcon-core/packages/perception)
[1.378s] Level 1:colcon.colcon_core.environment:create_environment_scripts_only(robot_bringup)
[1.378s] Level 1:colcon.colcon_core.environment:checking '/home/khatvangi/adas_ws/install/robot_bringup' for CMake module files
[1.378s] DEBUG:colcon.colcon_core.event_handler.log_command:Invoked command in '/home/khatvangi/adas_ws/build/robot_bringup' returned '0': CMAKE_PREFIX_PATH=${CMAKE_PREFIX_PATH}:/home/khatvangi/adas_ws/install/perception:/home/khatvangi/adas_ws/install/dashboard:/home/khatvangi/adas_ws/install/adas_core:/home/khatvangi/project_ws_v2/install/adas_core:/opt/ros/jazzy DEBUGINFOD_URLS=https://debuginfod.ubuntu.com /usr/bin/cmake --install /home/khatvangi/adas_ws/build/robot_bringup
[1.378s] Level 1:colcon.colcon_core.environment:checking '/home/khatvangi/adas_ws/install/robot_bringup' for CMake config files
[1.379s] Level 1:colcon.colcon_core.shell:create_environment_hook('robot_bringup', 'cmake_prefix_path')
[1.379s] INFO:colcon.colcon_core.shell:Creating environment hook '/home/khatvangi/adas_ws/install/robot_bringup/share/robot_bringup/hook/cmake_prefix_path.ps1'
[1.379s] INFO:colcon.colcon_core.shell:Creating environment descriptor '/home/khatvangi/adas_ws/install/robot_bringup/share/robot_bringup/hook/cmake_prefix_path.dsv'
[1.379s] INFO:colcon.colcon_core.shell:Creating environment hook '/home/khatvangi/adas_ws/install/robot_bringup/share/robot_bringup/hook/cmake_prefix_path.sh'
[1.380s] Level 1:colcon.colcon_core.environment:checking '/home/khatvangi/adas_ws/install/robot_bringup/lib'
[1.380s] Level 1:colcon.colcon_core.environment:checking '/home/khatvangi/adas_ws/install/robot_bringup/bin'
[1.380s] Level 1:colcon.colcon_core.environment:checking '/home/khatvangi/adas_ws/install/robot_bringup/lib/pkgconfig/robot_bringup.pc'
[1.380s] Level 1:colcon.colcon_core.environment:checking '/home/khatvangi/adas_ws/install/robot_bringup/lib/python3.12/site-packages'
[1.380s] Level 1:colcon.colcon_core.environment:checking '/home/khatvangi/adas_ws/install/robot_bringup/bin'
[1.380s] INFO:colcon.colcon_core.shell:Creating package script '/home/khatvangi/adas_ws/install/robot_bringup/share/robot_bringup/package.ps1'
[1.381s] INFO:colcon.colcon_core.shell:Creating package descriptor '/home/khatvangi/adas_ws/install/robot_bringup/share/robot_bringup/package.dsv'
[1.381s] INFO:colcon.colcon_core.shell:Creating package script '/home/khatvangi/adas_ws/install/robot_bringup/share/robot_bringup/package.sh'
[1.381s] INFO:colcon.colcon_core.shell:Creating package script '/home/khatvangi/adas_ws/install/robot_bringup/share/robot_bringup/package.bash'
[1.382s] INFO:colcon.colcon_core.shell:Creating package script '/home/khatvangi/adas_ws/install/robot_bringup/share/robot_bringup/package.zsh'
[1.382s] Level 1:colcon.colcon_core.environment:create_file_with_runtime_dependencies(/home/khatvangi/adas_ws/install/robot_bringup/share/colcon-core/packages/robot_bringup)
[1.382s] Level 1:colcon.colcon_core.environment:create_environment_scripts_only(robot_bringup)
[1.382s] Level 1:colcon.colcon_core.environment:checking '/home/khatvangi/adas_ws/install/robot_bringup' for CMake module files
[1.383s] Level 1:colcon.colcon_core.environment:checking '/home/khatvangi/adas_ws/install/robot_bringup' for CMake config files
[1.383s] Level 1:colcon.colcon_core.shell:create_environment_hook('robot_bringup', 'cmake_prefix_path')
[1.383s] INFO:colcon.colcon_core.shell:Creating environment hook '/home/khatvangi/adas_ws/install/robot_bringup/share/robot_bringup/hook/cmake_prefix_path.ps1'
[1.383s] INFO:colcon.colcon_core.shell:Creating environment descriptor '/home/khatvangi/adas_ws/install/robot_bringup/share/robot_bringup/hook/cmake_prefix_path.dsv'
[1.383s] INFO:colcon.colcon_core.shell:Creating environment hook '/home/khatvangi/adas_ws/install/robot_bringup/share/robot_bringup/hook/cmake_prefix_path.sh'
[1.384s] Level 1:colcon.colcon_core.environment:checking '/home/khatvangi/adas_ws/install/robot_bringup/lib'
[1.384s] Level 1:colcon.colcon_core.environment:checking '/home/khatvangi/adas_ws/install/robot_bringup/bin'
[1.384s] Level 1:colcon.colcon_core.environment:checking '/home/khatvangi/adas_ws/install/robot_bringup/lib/pkgconfig/robot_bringup.pc'
[1.384s] Level 1:colcon.colcon_core.environment:checking '/home/khatvangi/adas_ws/install/robot_bringup/lib/python3.12/site-packages'
[1.384s] Level 1:colcon.colcon_core.environment:checking '/home/khatvangi/adas_ws/install/robot_bringup/bin'
[1.384s] INFO:colcon.colcon_core.shell:Creating package script '/home/khatvangi/adas_ws/install/robot_bringup/share/robot_bringup/package.ps1'
[1.384s] INFO:colcon.colcon_core.shell:Creating package descriptor '/home/khatvangi/adas_ws/install/robot_bringup/share/robot_bringup/package.dsv'
[1.385s] INFO:colcon.colcon_core.shell:Creating package script '/home/khatvangi/adas_ws/install/robot_bringup/share/robot_bringup/package.sh'
[1.385s] INFO:colcon.colcon_core.shell:Creating package script '/home/khatvangi/adas_ws/install/robot_bringup/share/robot_bringup/package.bash'
[1.385s] INFO:colcon.colcon_core.shell:Creating package script '/home/khatvangi/adas_ws/install/robot_bringup/share/robot_bringup/package.zsh'
[1.385s] Level 1:colcon.colcon_core.environment:create_file_with_runtime_dependencies(/home/khatvangi/adas_ws/install/robot_bringup/share/colcon-core/packages/robot_bringup)
[1.385s] DEBUG:colcon.colcon_parallel_executor.executor.parallel:closing loop
[1.385s] DEBUG:colcon.colcon_parallel_executor.executor.parallel:loop closed
[1.385s] DEBUG:colcon.colcon_parallel_executor.executor.parallel:run_until_complete finished with '0'
[1.385s] DEBUG:colcon.colcon_core.event_reactor:joining thread
[1.389s] INFO:colcon.colcon_core.plugin_system:Skipping extension 'colcon_notification.desktop_notification.terminal_notifier': Not used on non-Darwin systems
[1.389s] INFO:colcon.colcon_core.plugin_system:Skipping extension 'colcon_notification.desktop_notification.win32': Not used on non-Windows systems
[1.389s] INFO:colcon.colcon_notification.desktop_notification:Sending desktop notification using 'notify2'
[1.403s] DEBUG:colcon.colcon_core.event_reactor:joined thread
[1.403s] INFO:colcon.colcon_core.shell:Creating prefix script '/home/khatvangi/adas_ws/install/local_setup.ps1'
[1.403s] INFO:colcon.colcon_core.shell:Creating prefix util module '/home/khatvangi/adas_ws/install/_local_setup_util_ps1.py'
[1.404s] INFO:colcon.colcon_core.shell:Creating prefix chain script '/home/khatvangi/adas_ws/install/setup.ps1'
[1.405s] INFO:colcon.colcon_core.shell:Creating prefix script '/home/khatvangi/adas_ws/install/local_setup.sh'
[1.405s] INFO:colcon.colcon_core.shell:Creating prefix util module '/home/khatvangi/adas_ws/install/_local_setup_util_sh.py'
[1.405s] INFO:colcon.colcon_core.shell:Creating prefix chain script '/home/khatvangi/adas_ws/install/setup.sh'
[1.406s] INFO:colcon.colcon_core.shell:Creating prefix script '/home/khatvangi/adas_ws/install/local_setup.bash'
[1.406s] INFO:colcon.colcon_core.shell:Creating prefix chain script '/home/khatvangi/adas_ws/install/setup.bash'
[1.406s] INFO:colcon.colcon_core.shell:Creating prefix script '/home/khatvangi/adas_ws/install/local_setup.zsh'
[1.407s] INFO:colcon.colcon_core.shell:Creating prefix chain script '/home/khatvangi/adas_ws/install/setup.zsh'
