[0.068s] DEBUG:colcon:Command line arguments: ['/usr/bin/colcon', 'build', '--symlink-install']
[0.068s] DEBUG:colcon:Parsed command line arguments: Namespace(log_base=None, log_level=None, verb_name='build', build_base='build', install_base='install', merge_install=False, symlink_install=True, test_result_base=None, continue_on_error=False, executor='parallel', parallel_workers=20, event_handlers=None, ignore_user_meta=False, metas=['./colcon.meta'], base_paths=['.'], packages_ignore=None, packages_ignore_regex=None, paths=None, packages_up_to=None, packages_up_to_regex=None, packages_above=None, packages_above_and_dependencies=None, packages_above_depth=None, packages_select_by_dep=None, packages_skip_by_dep=None, packages_skip_up_to=None, packages_select_build_failed=False, packages_skip_build_finished=False, packages_select_test_failures=False, packages_skip_test_passed=False, packages_select=None, packages_skip=None, packages_select_regex=None, packages_skip_regex=None, packages_start=None, packages_end=None, allow_overriding=[], cmake_args=None, cmake_target=None, cmake_target_skip_unavailable=False, cmake_clean_cache=False, cmake_clean_first=False, cmake_force_configure=False, ament_cmake_args=None, catkin_cmake_args=None, catkin_skip_building_tests=False, verb_parser=<colcon_defaults.argument_parser.defaults.DefaultArgumentsDecorator object at 0x74e2db8bf770>, verb_extension=<colcon_core.verb.build.BuildVerb object at 0x74e2db8bf260>, main=<bound method BuildVerb.main of <colcon_core.verb.build.BuildVerb object at 0x74e2db8bf260>>)
[0.094s] Level 1:colcon.colcon_core.package_discovery:discover_packages(colcon_meta) check parameters
[0.094s] Level 1:colcon.colcon_core.package_discovery:discover_packages(recursive) check parameters
[0.094s] Level 1:colcon.colcon_core.package_discovery:discover_packages(ignore) check parameters
[0.094s] Level 1:colcon.colcon_core.package_discovery:discover_packages(path) check parameters
[0.094s] Level 1:colcon.colcon_core.package_discovery:discover_packages(colcon_meta) discover
[0.094s] Level 1:colcon.colcon_core.package_discovery:discover_packages(recursive) discover
[0.094s] INFO:colcon.colcon_core.package_discovery:Crawling recursively for packages in '/home/khatvangi/adas_ws'
[0.094s] Level 1:colcon.colcon_core.package_identification:_identify(.) by extensions ['ignore', 'ignore_ament_install']
[0.095s] Level 1:colcon.colcon_core.package_identification:_identify(.) by extension 'ignore'
[0.095s] Level 1:colcon.colcon_core.package_identification:_identify(.) by extension 'ignore_ament_install'
[0.095s] Level 1:colcon.colcon_core.package_identification:_identify(.) by extensions ['colcon_pkg']
[0.095s] Level 1:colcon.colcon_core.package_identification:_identify(.) by extension 'colcon_pkg'
[0.095s] Level 1:colcon.colcon_core.package_identification:_identify(.) by extensions ['colcon_meta']
[0.095s] Level 1:colcon.colcon_core.package_identification:_identify(.) by extension 'colcon_meta'
[0.095s] Level 1:colcon.colcon_core.package_identification:_identify(.) by extensions ['ros']
[0.095s] Level 1:colcon.colcon_core.package_identification:_identify(.) by extension 'ros'
[0.115s] Level 1:colcon.colcon_core.package_identification:_identify(.) by extensions ['cmake', 'python']
[0.115s] Level 1:colcon.colcon_core.package_identification:_identify(.) by extension 'cmake'
[0.115s] Level 1:colcon.colcon_core.package_identification:_identify(.) by extension 'python'
[0.115s] Level 1:colcon.colcon_core.package_identification:_identify(.) by extensions ['python_setup_py']
[0.115s] Level 1:colcon.colcon_core.package_identification:_identify(.) by extension 'python_setup_py'
[0.116s] Level 1:colcon.colcon_core.package_identification:_identify(build) by extensions ['ignore', 'ignore_ament_install']
[0.116s] Level 1:colcon.colcon_core.package_identification:_identify(build) by extension 'ignore'
[0.116s] Level 1:colcon.colcon_core.package_identification:_identify(build) ignored
[0.116s] Level 1:colcon.colcon_core.package_identification:_identify(install) by extensions ['ignore', 'ignore_ament_install']
[0.116s] Level 1:colcon.colcon_core.package_identification:_identify(install) by extension 'ignore'
[0.116s] Level 1:colcon.colcon_core.package_identification:_identify(install) ignored
[0.116s] Level 1:colcon.colcon_core.package_identification:_identify(log) by extensions ['ignore', 'ignore_ament_install']
[0.116s] Level 1:colcon.colcon_core.package_identification:_identify(log) by extension 'ignore'
[0.116s] Level 1:colcon.colcon_core.package_identification:_identify(log) ignored
[0.116s] Level 1:colcon.colcon_core.package_identification:_identify(src) by extensions ['ignore', 'ignore_ament_install']
[0.116s] Level 1:colcon.colcon_core.package_identification:_identify(src) by extension 'ignore'
[0.116s] Level 1:colcon.colcon_core.package_identification:_identify(src) by extension 'ignore_ament_install'
[0.116s] Level 1:colcon.colcon_core.package_identification:_identify(src) by extensions ['colcon_pkg']
[0.116s] Level 1:colcon.colcon_core.package_identification:_identify(src) by extension 'colcon_pkg'
[0.116s] Level 1:colcon.colcon_core.package_identification:_identify(src) by extensions ['colcon_meta']
[0.117s] Level 1:colcon.colcon_core.package_identification:_identify(src) by extension 'colcon_meta'
[0.117s] Level 1:colcon.colcon_core.package_identification:_identify(src) by extensions ['ros']
[0.117s] Level 1:colcon.colcon_core.package_identification:_identify(src) by extension 'ros'
[0.117s] Level 1:colcon.colcon_core.package_identification:_identify(src) by extensions ['cmake', 'python']
[0.117s] Level 1:colcon.colcon_core.package_identification:_identify(src) by extension 'cmake'
[0.117s] Level 1:colcon.colcon_core.package_identification:_identify(src) by extension 'python'
[0.117s] Level 1:colcon.colcon_core.package_identification:_identify(src) by extensions ['python_setup_py']
[0.117s] Level 1:colcon.colcon_core.package_identification:_identify(src) by extension 'python_setup_py'
[0.117s] Level 1:colcon.colcon_core.package_identification:_identify(src/adas_core) by extensions ['ignore', 'ignore_ament_install']
[0.117s] Level 1:colcon.colcon_core.package_identification:_identify(src/adas_core) by extension 'ignore'
[0.117s] Level 1:colcon.colcon_core.package_identification:_identify(src/adas_core) by extension 'ignore_ament_install'
[0.117s] Level 1:colcon.colcon_core.package_identification:_identify(src/adas_core) by extensions ['colcon_pkg']
[0.117s] Level 1:colcon.colcon_core.package_identification:_identify(src/adas_core) by extension 'colcon_pkg'
[0.117s] Level 1:colcon.colcon_core.package_identification:_identify(src/adas_core) by extensions ['colcon_meta']
[0.117s] Level 1:colcon.colcon_core.package_identification:_identify(src/adas_core) by extension 'colcon_meta'
[0.117s] Level 1:colcon.colcon_core.package_identification:_identify(src/adas_core) by extensions ['ros']
[0.117s] Level 1:colcon.colcon_core.package_identification:_identify(src/adas_core) by extension 'ros'
[0.119s] DEBUG:colcon.colcon_core.package_identification:Package 'src/adas_core' with type 'ros.ament_cmake' and name 'adas_core'
[0.119s] Level 1:colcon.colcon_core.package_identification:_identify(src/dashboard) by extensions ['ignore', 'ignore_ament_install']
[0.119s] Level 1:colcon.colcon_core.package_identification:_identify(src/dashboard) by extension 'ignore'
[0.120s] Level 1:colcon.colcon_core.package_identification:_identify(src/dashboard) by extension 'ignore_ament_install'
[0.120s] Level 1:colcon.colcon_core.package_identification:_identify(src/dashboard) by extensions ['colcon_pkg']
[0.120s] Level 1:colcon.colcon_core.package_identification:_identify(src/dashboard) by extension 'colcon_pkg'
[0.120s] Level 1:colcon.colcon_core.package_identification:_identify(src/dashboard) by extensions ['colcon_meta']
[0.120s] Level 1:colcon.colcon_core.package_identification:_identify(src/dashboard) by extension 'colcon_meta'
[0.120s] Level 1:colcon.colcon_core.package_identification:_identify(src/dashboard) by extensions ['ros']
[0.120s] Level 1:colcon.colcon_core.package_identification:_identify(src/dashboard) by extension 'ros'
[0.121s] DEBUG:colcon.colcon_core.package_identification:Package 'src/dashboard' with type 'ros.ament_python' and name 'dashboard'
[0.121s] Level 1:colcon.colcon_core.package_identification:_identify(src/perception) by extensions ['ignore', 'ignore_ament_install']
[0.121s] Level 1:colcon.colcon_core.package_identification:_identify(src/perception) by extension 'ignore'
[0.121s] Level 1:colcon.colcon_core.package_identification:_identify(src/perception) by extension 'ignore_ament_install'
[0.121s] Level 1:colcon.colcon_core.package_identification:_identify(src/perception) by extensions ['colcon_pkg']
[0.121s] Level 1:colcon.colcon_core.package_identification:_identify(src/perception) by extension 'colcon_pkg'
[0.121s] Level 1:colcon.colcon_core.package_identification:_identify(src/perception) by extensions ['colcon_meta']
[0.121s] Level 1:colcon.colcon_core.package_identification:_identify(src/perception) by extension 'colcon_meta'
[0.121s] Level 1:colcon.colcon_core.package_identification:_identify(src/perception) by extensions ['ros']
[0.121s] Level 1:colcon.colcon_core.package_identification:_identify(src/perception) by extension 'ros'
[0.122s] DEBUG:colcon.colcon_core.package_identification:Package 'src/perception' with type 'ros.ament_python' and name 'perception'
[0.122s] Level 1:colcon.colcon_core.package_identification:_identify(src/robot_bringup) by extensions ['ignore', 'ignore_ament_install']
[0.122s] Level 1:colcon.colcon_core.package_identification:_identify(src/robot_bringup) by extension 'ignore'
[0.122s] Level 1:colcon.colcon_core.package_identification:_identify(src/robot_bringup) by extension 'ignore_ament_install'
[0.122s] Level 1:colcon.colcon_core.package_identification:_identify(src/robot_bringup) by extensions ['colcon_pkg']
[0.122s] Level 1:colcon.colcon_core.package_identification:_identify(src/robot_bringup) by extension 'colcon_pkg'
[0.122s] Level 1:colcon.colcon_core.package_identification:_identify(src/robot_bringup) by extensions ['colcon_meta']
[0.122s] Level 1:colcon.colcon_core.package_identification:_identify(src/robot_bringup) by extension 'colcon_meta'
[0.122s] Level 1:colcon.colcon_core.package_identification:_identify(src/robot_bringup) by extensions ['ros']
[0.122s] Level 1:colcon.colcon_core.package_identification:_identify(src/robot_bringup) by extension 'ros'
[0.122s] DEBUG:colcon.colcon_core.package_identification:Package 'src/robot_bringup' with type 'ros.ament_cmake' and name 'robot_bringup'
[0.122s] Level 1:colcon.colcon_core.package_discovery:discover_packages(recursive) using defaults
[0.122s] Level 1:colcon.colcon_core.package_discovery:discover_packages(ignore) discover
[0.122s] Level 1:colcon.colcon_core.package_discovery:discover_packages(ignore) using defaults
[0.122s] Level 1:colcon.colcon_core.package_discovery:discover_packages(path) discover
[0.122s] Level 1:colcon.colcon_core.package_discovery:discover_packages(path) using defaults
[0.135s] Level 1:colcon.colcon_core.package_discovery:discover_packages(prefix_path) check parameters
[0.135s] Level 1:colcon.colcon_core.package_discovery:discover_packages(prefix_path) discover
[0.136s] DEBUG:colcon.colcon_installed_package_information.package_discovery:Found 4 installed packages in /home/khatvangi/adas_ws/install
[0.137s] DEBUG:colcon.colcon_installed_package_information.package_discovery:Found 2 installed packages in /home/khatvangi/project_ws_v2/install
[0.138s] DEBUG:colcon.colcon_installed_package_information.package_discovery:Found 416 installed packages in /opt/ros/jazzy
[0.139s] Level 1:colcon.colcon_core.package_discovery:discover_packages(prefix_path) using defaults
[0.168s] Level 5:colcon.colcon_core.verb:set package 'adas_core' build argument 'cmake_args' from command line to 'None'
[0.169s] Level 5:colcon.colcon_core.verb:set package 'adas_core' build argument 'cmake_target' from command line to 'None'
[0.169s] Level 5:colcon.colcon_core.verb:set package 'adas_core' build argument 'cmake_target_skip_unavailable' from command line to 'False'
[0.169s] Level 5:colcon.colcon_core.verb:set package 'adas_core' build argument 'cmake_clean_cache' from command line to 'False'
[0.169s] Level 5:colcon.colcon_core.verb:set package 'adas_core' build argument 'cmake_clean_first' from command line to 'False'
[0.169s] Level 5:colcon.colcon_core.verb:set package 'adas_core' build argument 'cmake_force_configure' from command line to 'False'
[0.169s] Level 5:colcon.colcon_core.verb:set package 'adas_core' build argument 'ament_cmake_args' from command line to 'None'
[0.169s] Level 5:colcon.colcon_core.verb:set package 'adas_core' build argument 'catkin_cmake_args' from command line to 'None'
[0.169s] Level 5:colcon.colcon_core.verb:set package 'adas_core' build argument 'catkin_skip_building_tests' from command line to 'False'
[0.169s] DEBUG:colcon.colcon_core.verb:Building package 'adas_core' with the following arguments: {'ament_cmake_args': None, 'build_base': '/home/khatvangi/adas_ws/build/adas_core', 'catkin_cmake_args': None, 'catkin_skip_building_tests': False, 'cmake_args': None, 'cmake_clean_cache': False, 'cmake_clean_first': False, 'cmake_force_configure': False, 'cmake_target': None, 'cmake_target_skip_unavailable': False, 'install_base': '/home/khatvangi/adas_ws/install/adas_core', 'merge_install': False, 'path': '/home/khatvangi/adas_ws/src/adas_core', 'symlink_install': True, 'test_result_base': None}
[0.169s] Level 5:colcon.colcon_core.verb:set package 'dashboard' build argument 'cmake_args' from command line to 'None'
[0.169s] Level 5:colcon.colcon_core.verb:set package 'dashboard' build argument 'cmake_target' from command line to 'None'
[0.169s] Level 5:colcon.colcon_core.verb:set package 'dashboard' build argument 'cmake_target_skip_unavailable' from command line to 'False'
[0.169s] Level 5:colcon.colcon_core.verb:set package 'dashboard' build argument 'cmake_clean_cache' from command line to 'False'
[0.169s] Level 5:colcon.colcon_core.verb:set package 'dashboard' build argument 'cmake_clean_first' from command line to 'False'
[0.169s] Level 5:colcon.colcon_core.verb:set package 'dashboard' build argument 'cmake_force_configure' from command line to 'False'
[0.169s] Level 5:colcon.colcon_core.verb:set package 'dashboard' build argument 'ament_cmake_args' from command line to 'None'
[0.169s] Level 5:colcon.colcon_core.verb:set package 'dashboard' build argument 'catkin_cmake_args' from command line to 'None'
[0.169s] Level 5:colcon.colcon_core.verb:set package 'dashboard' build argument 'catkin_skip_building_tests' from command line to 'False'
[0.169s] DEBUG:colcon.colcon_core.verb:Building package 'dashboard' with the following arguments: {'ament_cmake_args': None, 'build_base': '/home/khatvangi/adas_ws/build/dashboard', 'catkin_cmake_args': None, 'catkin_skip_building_tests': False, 'cmake_args': None, 'cmake_clean_cache': False, 'cmake_clean_first': False, 'cmake_force_configure': False, 'cmake_target': None, 'cmake_target_skip_unavailable': False, 'install_base': '/home/khatvangi/adas_ws/install/dashboard', 'merge_install': False, 'path': '/home/khatvangi/adas_ws/src/dashboard', 'symlink_install': True, 'test_result_base': None}
[0.169s] Level 5:colcon.colcon_core.verb:set package 'perception' build argument 'cmake_args' from command line to 'None'
[0.169s] Level 5:colcon.colcon_core.verb:set package 'perception' build argument 'cmake_target' from command line to 'None'
[0.169s] Level 5:colcon.colcon_core.verb:set package 'perception' build argument 'cmake_target_skip_unavailable' from command line to 'False'
[0.169s] Level 5:colcon.colcon_core.verb:set package 'perception' build argument 'cmake_clean_cache' from command line to 'False'
[0.169s] Level 5:colcon.colcon_core.verb:set package 'perception' build argument 'cmake_clean_first' from command line to 'False'
[0.169s] Level 5:colcon.colcon_core.verb:set package 'perception' build argument 'cmake_force_configure' from command line to 'False'
[0.169s] Level 5:colcon.colcon_core.verb:set package 'perception' build argument 'ament_cmake_args' from command line to 'None'
[0.169s] Level 5:colcon.colcon_core.verb:set package 'perception' build argument 'catkin_cmake_args' from command line to 'None'
[0.169s] Level 5:colcon.colcon_core.verb:set package 'perception' build argument 'catkin_skip_building_tests' from command line to 'False'
[0.169s] DEBUG:colcon.colcon_core.verb:Building package 'perception' with the following arguments: {'ament_cmake_args': None, 'build_base': '/home/khatvangi/adas_ws/build/perception', 'catkin_cmake_args': None, 'catkin_skip_building_tests': False, 'cmake_args': None, 'cmake_clean_cache': False, 'cmake_clean_first': False, 'cmake_force_configure': False, 'cmake_target': None, 'cmake_target_skip_unavailable': False, 'install_base': '/home/khatvangi/adas_ws/install/perception', 'merge_install': False, 'path': '/home/khatvangi/adas_ws/src/perception', 'symlink_install': True, 'test_result_base': None}
[0.169s] Level 5:colcon.colcon_core.verb:set package 'robot_bringup' build argument 'cmake_args' from command line to 'None'
[0.169s] Level 5:colcon.colcon_core.verb:set package 'robot_bringup' build argument 'cmake_target' from command line to 'None'
[0.169s] Level 5:colcon.colcon_core.verb:set package 'robot_bringup' build argument 'cmake_target_skip_unavailable' from command line to 'False'
[0.169s] Level 5:colcon.colcon_core.verb:set package 'robot_bringup' build argument 'cmake_clean_cache' from command line to 'False'
[0.169s] Level 5:colcon.colcon_core.verb:set package 'robot_bringup' build argument 'cmake_clean_first' from command line to 'False'
[0.169s] Level 5:colcon.colcon_core.verb:set package 'robot_bringup' build argument 'cmake_force_configure' from command line to 'False'
[0.169s] Level 5:colcon.colcon_core.verb:set package 'robot_bringup' build argument 'ament_cmake_args' from command line to 'None'
[0.169s] Level 5:colcon.colcon_core.verb:set package 'robot_bringup' build argument 'catkin_cmake_args' from command line to 'None'
[0.169s] Level 5:colcon.colcon_core.verb:set package 'robot_bringup' build argument 'catkin_skip_building_tests' from command line to 'False'
[0.169s] DEBUG:colcon.colcon_core.verb:Building package 'robot_bringup' with the following arguments: {'ament_cmake_args': None, 'build_base': '/home/khatvangi/adas_ws/build/robot_bringup', 'catkin_cmake_args': None, 'catkin_skip_building_tests': False, 'cmake_args': None, 'cmake_clean_cache': False, 'cmake_clean_first': False, 'cmake_force_configure': False, 'cmake_target': None, 'cmake_target_skip_unavailable': False, 'install_base': '/home/khatvangi/adas_ws/install/robot_bringup', 'merge_install': False, 'path': '/home/khatvangi/adas_ws/src/robot_bringup', 'symlink_install': True, 'test_result_base': None}
[0.169s] INFO:colcon.colcon_core.executor:Executing jobs using 'parallel' executor
[0.170s] DEBUG:colcon.colcon_parallel_executor.executor.parallel:run_until_complete
[0.170s] INFO:colcon.colcon_ros.task.ament_cmake.build:Building ROS package in '/home/khatvangi/adas_ws/src/adas_core' with build type 'ament_cmake'
[0.170s] INFO:colcon.colcon_cmake.task.cmake.build:Building CMake package in '/home/khatvangi/adas_ws/src/adas_core'
[0.172s] INFO:colcon.colcon_core.plugin_system:Skipping extension 'colcon_core.shell.bat': Not used on non-Windows systems
[0.172s] INFO:colcon.colcon_core.shell:Skip shell extension 'powershell' for command environment: Not usable outside of PowerShell
[0.172s] DEBUG:colcon.colcon_core.shell:Skip shell extension 'dsv' for command environment
[0.175s] INFO:colcon.colcon_ros.task.ament_python.build:Building ROS package in '/home/khatvangi/adas_ws/src/dashboard' with build type 'ament_python'
[0.175s] Level 1:colcon.colcon_core.shell:create_environment_hook('dashboard', 'ament_prefix_path')
[0.175s] INFO:colcon.colcon_core.shell:Creating environment hook '/home/khatvangi/adas_ws/install/dashboard/share/dashboard/hook/ament_prefix_path.ps1'
[0.175s] INFO:colcon.colcon_core.shell:Creating environment descriptor '/home/khatvangi/adas_ws/install/dashboard/share/dashboard/hook/ament_prefix_path.dsv'
[0.176s] INFO:colcon.colcon_core.shell:Creating environment hook '/home/khatvangi/adas_ws/install/dashboard/share/dashboard/hook/ament_prefix_path.sh'
[0.176s] INFO:colcon.colcon_core.shell:Skip shell extension 'powershell' for command environment: Not usable outside of PowerShell
[0.176s] DEBUG:colcon.colcon_core.shell:Skip shell extension 'dsv' for command environment
[0.178s] INFO:colcon.colcon_ros.task.ament_python.build:Building ROS package in '/home/khatvangi/adas_ws/src/perception' with build type 'ament_python'
[0.178s] Level 1:colcon.colcon_core.shell:create_environment_hook('perception', 'ament_prefix_path')
[0.179s] INFO:colcon.colcon_core.shell:Creating environment hook '/home/khatvangi/adas_ws/install/perception/share/perception/hook/ament_prefix_path.ps1'
[0.179s] INFO:colcon.colcon_core.shell:Creating environment descriptor '/home/khatvangi/adas_ws/install/perception/share/perception/hook/ament_prefix_path.dsv'
[0.179s] INFO:colcon.colcon_core.shell:Creating environment hook '/home/khatvangi/adas_ws/install/perception/share/perception/hook/ament_prefix_path.sh'
[0.179s] INFO:colcon.colcon_core.shell:Skip shell extension 'powershell' for command environment: Not usable outside of PowerShell
[0.179s] DEBUG:colcon.colcon_core.shell:Skip shell extension 'dsv' for command environment
[0.182s] INFO:colcon.colcon_ros.task.ament_cmake.build:Building ROS package in '/home/khatvangi/adas_ws/src/robot_bringup' with build type 'ament_cmake'
[0.182s] INFO:colcon.colcon_cmake.task.cmake.build:Building CMake package in '/home/khatvangi/adas_ws/src/robot_bringup'
[0.182s] INFO:colcon.colcon_core.shell:Skip shell extension 'powershell' for command environment: Not usable outside of PowerShell
[0.182s] DEBUG:colcon.colcon_core.shell:Skip shell extension 'dsv' for command environment
[0.187s] DEBUG:colcon.colcon_core.event_handler.log_command:Invoking command in '/home/khatvangi/adas_ws/build/adas_core': CMAKE_PREFIX_PATH=${CMAKE_PREFIX_PATH}:/home/khatvangi/adas_ws/install/perception:/home/khatvangi/adas_ws/install/dashboard:/home/khatvangi/adas_ws/install/adas_core:/home/khatvangi/project_ws_v2/install/adas_core:/opt/ros/jazzy DEBUGINFOD_URLS=https://debuginfod.ubuntu.com /usr/bin/cmake /home/khatvangi/adas_ws/src/adas_core -DAMENT_CMAKE_SYMLINK_INSTALL=1 -DCMAKE_INSTALL_PREFIX=/home/khatvangi/adas_ws/install/adas_core
[0.375s] INFO:colcon.colcon_core.task.python.build:Building Python package in '/home/khatvangi/adas_ws/src/dashboard'
[0.376s] INFO:colcon.colcon_core.shell:Skip shell extension 'powershell' for command environment: Not usable outside of PowerShell
[0.376s] DEBUG:colcon.colcon_core.shell:Skip shell extension 'dsv' for command environment
[0.573s] INFO:colcon.colcon_core.task.python.build:Building Python package in '/home/khatvangi/adas_ws/src/perception'
[0.574s] INFO:colcon.colcon_core.shell:Skip shell extension 'powershell' for command environment: Not usable outside of PowerShell
[0.574s] DEBUG:colcon.colcon_core.shell:Skip shell extension 'dsv' for command environment
[0.581s] DEBUG:colcon.colcon_core.event_handler.log_command:Invoking command in '/home/khatvangi/adas_ws/build/robot_bringup': CMAKE_PREFIX_PATH=${CMAKE_PREFIX_PATH}:/home/khatvangi/adas_ws/install/perception:/home/khatvangi/adas_ws/install/dashboard:/home/khatvangi/adas_ws/install/adas_core:/home/khatvangi/project_ws_v2/install/adas_core:/opt/ros/jazzy DEBUGINFOD_URLS=https://debuginfod.ubuntu.com /usr/bin/cmake --build /home/khatvangi/adas_ws/build/robot_bringup -- -j20 -l20
[0.635s] DEBUG:colcon.colcon_core.event_handler.log_command:Invoked command in '/home/khatvangi/adas_ws/build/robot_bringup' returned '0': CMAKE_PREFIX_PATH=${CMAKE_PREFIX_PATH}:/home/khatvangi/adas_ws/install/perception:/home/khatvangi/adas_ws/install/dashboard:/home/khatvangi/adas_ws/install/adas_core:/home/khatvangi/project_ws_v2/install/adas_core:/opt/ros/jazzy DEBUGINFOD_URLS=https://debuginfod.ubuntu.com /usr/bin/cmake --build /home/khatvangi/adas_ws/build/robot_bringup -- -j20 -l20
[0.645s] DEBUG:colcon.colcon_core.event_handler.log_command:Invoking command in '/home/khatvangi/adas_ws/build/robot_bringup': CMAKE_PREFIX_PATH=${CMAKE_PREFIX_PATH}:/home/khatvangi/adas_ws/install/perception:/home/khatvangi/adas_ws/install/dashboard:/home/khatvangi/adas_ws/install/adas_core:/home/khatvangi/project_ws_v2/install/adas_core:/opt/ros/jazzy DEBUGINFOD_URLS=https://debuginfod.ubuntu.com /usr/bin/cmake --install /home/khatvangi/adas_ws/build/robot_bringup
[0.671s] Level 1:colcon.colcon_core.environment:create_environment_scripts_only(robot_bringup)
[0.672s] DEBUG:colcon.colcon_core.event_handler.log_command:Invoked command in '/home/khatvangi/adas_ws/build/robot_bringup' returned '0': CMAKE_PREFIX_PATH=${CMAKE_PREFIX_PATH}:/home/khatvangi/adas_ws/install/perception:/home/khatvangi/adas_ws/install/dashboard:/home/khatvangi/adas_ws/install/adas_core:/home/khatvangi/project_ws_v2/install/adas_core:/opt/ros/jazzy DEBUGINFOD_URLS=https://debuginfod.ubuntu.com /usr/bin/cmake --install /home/khatvangi/adas_ws/build/robot_bringup
[0.674s] Level 1:colcon.colcon_core.environment:checking '/home/khatvangi/adas_ws/install/robot_bringup' for CMake module files
[0.674s] Level 1:colcon.colcon_core.environment:checking '/home/khatvangi/adas_ws/install/robot_bringup' for CMake config files
[0.674s] Level 1:colcon.colcon_core.shell:create_environment_hook('robot_bringup', 'cmake_prefix_path')
[0.675s] INFO:colcon.colcon_core.shell:Creating environment hook '/home/khatvangi/adas_ws/install/robot_bringup/share/robot_bringup/hook/cmake_prefix_path.ps1'
[0.675s] INFO:colcon.colcon_core.shell:Creating environment descriptor '/home/khatvangi/adas_ws/install/robot_bringup/share/robot_bringup/hook/cmake_prefix_path.dsv'
[0.675s] INFO:colcon.colcon_core.shell:Creating environment hook '/home/khatvangi/adas_ws/install/robot_bringup/share/robot_bringup/hook/cmake_prefix_path.sh'
[0.676s] Level 1:colcon.colcon_core.environment:checking '/home/khatvangi/adas_ws/install/robot_bringup/lib'
[0.676s] Level 1:colcon.colcon_core.environment:checking '/home/khatvangi/adas_ws/install/robot_bringup/bin'
[0.676s] Level 1:colcon.colcon_core.environment:checking '/home/khatvangi/adas_ws/install/robot_bringup/lib/pkgconfig/robot_bringup.pc'
[0.676s] Level 1:colcon.colcon_core.environment:checking '/home/khatvangi/adas_ws/install/robot_bringup/lib/python3.12/site-packages'
[0.676s] Level 1:colcon.colcon_core.environment:checking '/home/khatvangi/adas_ws/install/robot_bringup/bin'
[0.677s] INFO:colcon.colcon_core.shell:Creating package script '/home/khatvangi/adas_ws/install/robot_bringup/share/robot_bringup/package.ps1'
[0.677s] INFO:colcon.colcon_core.shell:Creating package descriptor '/home/khatvangi/adas_ws/install/robot_bringup/share/robot_bringup/package.dsv'
[0.678s] INFO:colcon.colcon_core.shell:Creating package script '/home/khatvangi/adas_ws/install/robot_bringup/share/robot_bringup/package.sh'
[0.678s] INFO:colcon.colcon_core.shell:Creating package script '/home/khatvangi/adas_ws/install/robot_bringup/share/robot_bringup/package.bash'
[0.678s] INFO:colcon.colcon_core.shell:Creating package script '/home/khatvangi/adas_ws/install/robot_bringup/share/robot_bringup/package.zsh'
[0.679s] Level 1:colcon.colcon_core.environment:create_file_with_runtime_dependencies(/home/khatvangi/adas_ws/install/robot_bringup/share/colcon-core/packages/robot_bringup)
[0.679s] Level 1:colcon.colcon_core.environment:create_environment_scripts_only(robot_bringup)
[0.679s] Level 1:colcon.colcon_core.environment:checking '/home/khatvangi/adas_ws/install/robot_bringup' for CMake module files
[0.680s] Level 1:colcon.colcon_core.environment:checking '/home/khatvangi/adas_ws/install/robot_bringup' for CMake config files
[0.680s] Level 1:colcon.colcon_core.shell:create_environment_hook('robot_bringup', 'cmake_prefix_path')
[0.680s] INFO:colcon.colcon_core.shell:Creating environment hook '/home/khatvangi/adas_ws/install/robot_bringup/share/robot_bringup/hook/cmake_prefix_path.ps1'
[0.680s] INFO:colcon.colcon_core.shell:Creating environment descriptor '/home/khatvangi/adas_ws/install/robot_bringup/share/robot_bringup/hook/cmake_prefix_path.dsv'
[0.680s] INFO:colcon.colcon_core.shell:Creating environment hook '/home/khatvangi/adas_ws/install/robot_bringup/share/robot_bringup/hook/cmake_prefix_path.sh'
[0.681s] Level 1:colcon.colcon_core.environment:checking '/home/khatvangi/adas_ws/install/robot_bringup/lib'
[0.681s] Level 1:colcon.colcon_core.environment:checking '/home/khatvangi/adas_ws/install/robot_bringup/bin'
[0.681s] Level 1:colcon.colcon_core.environment:checking '/home/khatvangi/adas_ws/install/robot_bringup/lib/pkgconfig/robot_bringup.pc'
[0.681s] Level 1:colcon.colcon_core.environment:checking '/home/khatvangi/adas_ws/install/robot_bringup/lib/python3.12/site-packages'
[0.682s] Level 1:colcon.colcon_core.environment:checking '/home/khatvangi/adas_ws/install/robot_bringup/bin'
[0.682s] INFO:colcon.colcon_core.shell:Creating package script '/home/khatvangi/adas_ws/install/robot_bringup/share/robot_bringup/package.ps1'
[0.682s] INFO:colcon.colcon_core.shell:Creating package descriptor '/home/khatvangi/adas_ws/install/robot_bringup/share/robot_bringup/package.dsv'
[0.682s] INFO:colcon.colcon_core.shell:Creating package script '/home/khatvangi/adas_ws/install/robot_bringup/share/robot_bringup/package.sh'
[0.683s] INFO:colcon.colcon_core.shell:Creating package script '/home/khatvangi/adas_ws/install/robot_bringup/share/robot_bringup/package.bash'
[0.683s] INFO:colcon.colcon_core.shell:Creating package script '/home/khatvangi/adas_ws/install/robot_bringup/share/robot_bringup/package.zsh'
[0.683s] Level 1:colcon.colcon_core.environment:create_file_with_runtime_dependencies(/home/khatvangi/adas_ws/install/robot_bringup/share/colcon-core/packages/robot_bringup)
[1.124s] DEBUG:colcon.colcon_core.event_handler.log_command:Invoking command in '/home/khatvangi/adas_ws/build/dashboard': DEBUGINFOD_URLS=https://debuginfod.ubuntu.com PYTHONPATH=/home/khatvangi/adas_ws/build/dashboard/prefix_override:/usr/lib/python3/dist-packages/colcon_core/task/python/colcon_distutils_commands:/home/khatvangi/adas_ws/install/dashboard/lib/python3.12/site-packages:${PYTHONPATH} /usr/bin/python3 -W ignore:setup.py install is deprecated -W ignore:easy_install command is deprecated setup.py develop --editable --build-directory /home/khatvangi/adas_ws/build/dashboard/build --no-deps symlink_data
[1.125s] DEBUG:colcon.colcon_core.event_handler.log_command:Invoking command in '/home/khatvangi/adas_ws/build/perception': DEBUGINFOD_URLS=https://debuginfod.ubuntu.com PYTHONPATH=/home/khatvangi/adas_ws/build/perception/prefix_override:/usr/lib/python3/dist-packages/colcon_core/task/python/colcon_distutils_commands:/home/khatvangi/adas_ws/install/perception/lib/python3.12/site-packages:${PYTHONPATH} /usr/bin/python3 -W ignore:setup.py install is deprecated -W ignore:easy_install command is deprecated setup.py develop --editable --build-directory /home/khatvangi/adas_ws/build/perception/build --no-deps symlink_data
[1.751s] Level 1:colcon.colcon_core.shell:create_environment_hook('dashboard', 'pythonpath_develop')
[1.751s] INFO:colcon.colcon_core.shell:Creating environment hook '/home/khatvangi/adas_ws/build/dashboard/share/dashboard/hook/pythonpath_develop.ps1'
[1.752s] INFO:colcon.colcon_core.shell:Creating environment descriptor '/home/khatvangi/adas_ws/build/dashboard/share/dashboard/hook/pythonpath_develop.dsv'
[1.752s] DEBUG:colcon.colcon_core.event_handler.log_command:Invoked command in '/home/khatvangi/adas_ws/build/dashboard' returned '0': DEBUGINFOD_URLS=https://debuginfod.ubuntu.com PYTHONPATH=/home/khatvangi/adas_ws/build/dashboard/prefix_override:/usr/lib/python3/dist-packages/colcon_core/task/python/colcon_distutils_commands:/home/khatvangi/adas_ws/install/dashboard/lib/python3.12/site-packages:${PYTHONPATH} /usr/bin/python3 -W ignore:setup.py install is deprecated -W ignore:easy_install command is deprecated setup.py develop --editable --build-directory /home/khatvangi/adas_ws/build/dashboard/build --no-deps symlink_data
[1.752s] INFO:colcon.colcon_core.shell:Creating environment hook '/home/khatvangi/adas_ws/build/dashboard/share/dashboard/hook/pythonpath_develop.sh'
[1.753s] Level 1:colcon.colcon_core.environment:checking '/home/khatvangi/adas_ws/install/dashboard' for CMake module files
[1.753s] Level 1:colcon.colcon_core.environment:checking '/home/khatvangi/adas_ws/install/dashboard' for CMake config files
[1.753s] Level 1:colcon.colcon_core.environment:checking '/home/khatvangi/adas_ws/install/dashboard/lib'
[1.753s] Level 1:colcon.colcon_core.environment:checking '/home/khatvangi/adas_ws/install/dashboard/bin'
[1.753s] Level 1:colcon.colcon_core.environment:checking '/home/khatvangi/adas_ws/install/dashboard/lib/pkgconfig/dashboard.pc'
[1.754s] Level 1:colcon.colcon_core.environment:checking '/home/khatvangi/adas_ws/install/dashboard/lib/python3.12/site-packages'
[1.754s] Level 1:colcon.colcon_core.shell:create_environment_hook('dashboard', 'pythonpath')
[1.754s] INFO:colcon.colcon_core.shell:Creating environment hook '/home/khatvangi/adas_ws/install/dashboard/share/dashboard/hook/pythonpath.ps1'
[1.754s] INFO:colcon.colcon_core.shell:Creating environment descriptor '/home/khatvangi/adas_ws/install/dashboard/share/dashboard/hook/pythonpath.dsv'
[1.754s] INFO:colcon.colcon_core.shell:Creating environment hook '/home/khatvangi/adas_ws/install/dashboard/share/dashboard/hook/pythonpath.sh'
[1.755s] Level 1:colcon.colcon_core.environment:checking '/home/khatvangi/adas_ws/install/dashboard/bin'
[1.755s] Level 1:colcon.colcon_core.environment:create_environment_scripts_only(dashboard)
[1.755s] INFO:colcon.colcon_core.shell:Creating package script '/home/khatvangi/adas_ws/install/dashboard/share/dashboard/package.ps1'
[1.755s] INFO:colcon.colcon_core.shell:Creating package descriptor '/home/khatvangi/adas_ws/install/dashboard/share/dashboard/package.dsv'
[1.756s] INFO:colcon.colcon_core.shell:Creating package script '/home/khatvangi/adas_ws/install/dashboard/share/dashboard/package.sh'
[1.756s] INFO:colcon.colcon_core.shell:Creating package script '/home/khatvangi/adas_ws/install/dashboard/share/dashboard/package.bash'
[1.756s] INFO:colcon.colcon_core.shell:Creating package script '/home/khatvangi/adas_ws/install/dashboard/share/dashboard/package.zsh'
[1.756s] Level 1:colcon.colcon_core.environment:create_file_with_runtime_dependencies(/home/khatvangi/adas_ws/install/dashboard/share/colcon-core/packages/dashboard)
[1.776s] Level 1:colcon.colcon_core.shell:create_environment_hook('perception', 'pythonpath_develop')
[1.776s] INFO:colcon.colcon_core.shell:Creating environment hook '/home/khatvangi/adas_ws/build/perception/share/perception/hook/pythonpath_develop.ps1'
[1.776s] DEBUG:colcon.colcon_core.event_handler.log_command:Invoked command in '/home/khatvangi/adas_ws/build/perception' returned '0': DEBUGINFOD_URLS=https://debuginfod.ubuntu.com PYTHONPATH=/home/khatvangi/adas_ws/build/perception/prefix_override:/usr/lib/python3/dist-packages/colcon_core/task/python/colcon_distutils_commands:/home/khatvangi/adas_ws/install/perception/lib/python3.12/site-packages:${PYTHONPATH} /usr/bin/python3 -W ignore:setup.py install is deprecated -W ignore:easy_install command is deprecated setup.py develop --editable --build-directory /home/khatvangi/adas_ws/build/perception/build --no-deps symlink_data
[1.777s] INFO:colcon.colcon_core.shell:Creating environment descriptor '/home/khatvangi/adas_ws/build/perception/share/perception/hook/pythonpath_develop.dsv'
[1.777s] INFO:colcon.colcon_core.shell:Creating environment hook '/home/khatvangi/adas_ws/build/perception/share/perception/hook/pythonpath_develop.sh'
[1.777s] Level 1:colcon.colcon_core.environment:checking '/home/khatvangi/adas_ws/install/perception' for CMake module files
[1.778s] Level 1:colcon.colcon_core.environment:checking '/home/khatvangi/adas_ws/install/perception' for CMake config files
[1.778s] Level 1:colcon.colcon_core.environment:checking '/home/khatvangi/adas_ws/install/perception/lib'
[1.778s] Level 1:colcon.colcon_core.environment:checking '/home/khatvangi/adas_ws/install/perception/bin'
[1.778s] Level 1:colcon.colcon_core.environment:checking '/home/khatvangi/adas_ws/install/perception/lib/pkgconfig/perception.pc'
[1.779s] Level 1:colcon.colcon_core.environment:checking '/home/khatvangi/adas_ws/install/perception/lib/python3.12/site-packages'
[1.779s] Level 1:colcon.colcon_core.shell:create_environment_hook('perception', 'pythonpath')
[1.779s] INFO:colcon.colcon_core.shell:Creating environment hook '/home/khatvangi/adas_ws/install/perception/share/perception/hook/pythonpath.ps1'
[1.779s] INFO:colcon.colcon_core.shell:Creating environment descriptor '/home/khatvangi/adas_ws/install/perception/share/perception/hook/pythonpath.dsv'
[1.779s] INFO:colcon.colcon_core.shell:Creating environment hook '/home/khatvangi/adas_ws/install/perception/share/perception/hook/pythonpath.sh'
[1.780s] Level 1:colcon.colcon_core.environment:checking '/home/khatvangi/adas_ws/install/perception/bin'
[1.780s] Level 1:colcon.colcon_core.environment:create_environment_scripts_only(perception)
[1.780s] INFO:colcon.colcon_core.shell:Creating package script '/home/khatvangi/adas_ws/install/perception/share/perception/package.ps1'
[1.780s] INFO:colcon.colcon_core.shell:Creating package descriptor '/home/khatvangi/adas_ws/install/perception/share/perception/package.dsv'
[1.781s] INFO:colcon.colcon_core.shell:Creating package script '/home/khatvangi/adas_ws/install/perception/share/perception/package.sh'
[1.781s] INFO:colcon.colcon_core.shell:Creating package script '/home/khatvangi/adas_ws/install/perception/share/perception/package.bash'
[1.781s] INFO:colcon.colcon_core.shell:Creating package script '/home/khatvangi/adas_ws/install/perception/share/perception/package.zsh'
[1.781s] Level 1:colcon.colcon_core.environment:create_file_with_runtime_dependencies(/home/khatvangi/adas_ws/install/perception/share/colcon-core/packages/perception)
[4.980s] DEBUG:colcon.colcon_core.event_handler.log_command:Invoked command in '/home/khatvangi/adas_ws/build/adas_core' returned '1': CMAKE_PREFIX_PATH=${CMAKE_PREFIX_PATH}:/home/khatvangi/adas_ws/install/perception:/home/khatvangi/adas_ws/install/dashboard:/home/khatvangi/adas_ws/install/adas_core:/home/khatvangi/project_ws_v2/install/adas_core:/opt/ros/jazzy DEBUGINFOD_URLS=https://debuginfod.ubuntu.com /usr/bin/cmake /home/khatvangi/adas_ws/src/adas_core -DAMENT_CMAKE_SYMLINK_INSTALL=1 -DCMAKE_INSTALL_PREFIX=/home/khatvangi/adas_ws/install/adas_core
[5.003s] Level 1:colcon.colcon_core.environment:create_environment_scripts_only(adas_core)
[5.004s] Level 1:colcon.colcon_core.environment:checking '/home/khatvangi/adas_ws/install/adas_core' for CMake module files
[5.005s] Level 1:colcon.colcon_core.environment:checking '/home/khatvangi/adas_ws/install/adas_core' for CMake config files
[5.005s] Level 1:colcon.colcon_core.environment:checking '/home/khatvangi/adas_ws/install/adas_core/lib'
[5.005s] Level 1:colcon.colcon_core.environment:checking '/home/khatvangi/adas_ws/install/adas_core/bin'
[5.006s] Level 1:colcon.colcon_core.environment:checking '/home/khatvangi/adas_ws/install/adas_core/lib/pkgconfig/adas_core.pc'
[5.006s] Level 1:colcon.colcon_core.environment:checking '/home/khatvangi/adas_ws/install/adas_core/lib/python3.12/site-packages'
[5.006s] Level 1:colcon.colcon_core.shell:create_environment_hook('adas_core', 'pythonpath')
[5.006s] INFO:colcon.colcon_core.shell:Creating environment hook '/home/khatvangi/adas_ws/install/adas_core/share/adas_core/hook/pythonpath.ps1'
[5.007s] INFO:colcon.colcon_core.shell:Creating environment descriptor '/home/khatvangi/adas_ws/install/adas_core/share/adas_core/hook/pythonpath.dsv'
[5.008s] INFO:colcon.colcon_core.shell:Creating environment hook '/home/khatvangi/adas_ws/install/adas_core/share/adas_core/hook/pythonpath.sh'
[5.009s] Level 1:colcon.colcon_core.environment:checking '/home/khatvangi/adas_ws/install/adas_core/bin'
[5.009s] INFO:colcon.colcon_core.shell:Creating package script '/home/khatvangi/adas_ws/install/adas_core/share/adas_core/package.ps1'
[5.010s] INFO:colcon.colcon_core.shell:Creating package descriptor '/home/khatvangi/adas_ws/install/adas_core/share/adas_core/package.dsv'
[5.011s] INFO:colcon.colcon_core.shell:Creating package script '/home/khatvangi/adas_ws/install/adas_core/share/adas_core/package.sh'
[5.012s] INFO:colcon.colcon_core.shell:Creating package script '/home/khatvangi/adas_ws/install/adas_core/share/adas_core/package.bash'
[5.012s] INFO:colcon.colcon_core.shell:Creating package script '/home/khatvangi/adas_ws/install/adas_core/share/adas_core/package.zsh'
[5.013s] Level 1:colcon.colcon_core.environment:create_file_with_runtime_dependencies(/home/khatvangi/adas_ws/install/adas_core/share/colcon-core/packages/adas_core)
[5.023s] DEBUG:colcon.colcon_parallel_executor.executor.parallel:closing loop
[5.023s] DEBUG:colcon.colcon_parallel_executor.executor.parallel:loop closed
[5.024s] DEBUG:colcon.colcon_parallel_executor.executor.parallel:run_until_complete finished with '1'
[5.024s] DEBUG:colcon.colcon_core.event_reactor:joining thread
[5.034s] INFO:colcon.colcon_core.plugin_system:Skipping extension 'colcon_notification.desktop_notification.terminal_notifier': Not used on non-Darwin systems
[5.034s] INFO:colcon.colcon_core.plugin_system:Skipping extension 'colcon_notification.desktop_notification.win32': Not used on non-Windows systems
[5.034s] INFO:colcon.colcon_notification.desktop_notification:Sending desktop notification using 'notify2'
[5.066s] DEBUG:colcon.colcon_core.event_reactor:joined thread
[5.067s] INFO:colcon.colcon_core.shell:Creating prefix script '/home/khatvangi/adas_ws/install/local_setup.ps1'
[5.068s] INFO:colcon.colcon_core.shell:Creating prefix util module '/home/khatvangi/adas_ws/install/_local_setup_util_ps1.py'
[5.071s] INFO:colcon.colcon_core.shell:Creating prefix chain script '/home/khatvangi/adas_ws/install/setup.ps1'
[5.073s] INFO:colcon.colcon_core.shell:Creating prefix script '/home/khatvangi/adas_ws/install/local_setup.sh'
[5.074s] INFO:colcon.colcon_core.shell:Creating prefix util module '/home/khatvangi/adas_ws/install/_local_setup_util_sh.py'
[5.076s] INFO:colcon.colcon_core.shell:Creating prefix chain script '/home/khatvangi/adas_ws/install/setup.sh'
[5.079s] INFO:colcon.colcon_core.shell:Creating prefix script '/home/khatvangi/adas_ws/install/local_setup.bash'
[5.080s] INFO:colcon.colcon_core.shell:Creating prefix chain script '/home/khatvangi/adas_ws/install/setup.bash'
[5.082s] INFO:colcon.colcon_core.shell:Creating prefix script '/home/khatvangi/adas_ws/install/local_setup.zsh'
[5.083s] INFO:colcon.colcon_core.shell:Creating prefix chain script '/home/khatvangi/adas_ws/install/setup.zsh'
