[0.036s] Invoking command in '/home/khatvangi/adas_ws/build/adas_msgs': CMAKE_PREFIX_PATH=${CMAKE_PREFIX_PATH}:/home/khatvangi/adas_ws/install/perception:/home/khatvangi/adas_ws/install/dashboard:/home/khatvangi/adas_ws/install/adas_core:/home/khatvangi/project_ws_v2/install/adas_core:/opt/ros/jazzy DEBUGINFOD_URLS=https://debuginfod.ubuntu.com /usr/bin/cmake --build /home/khatvangi/adas_ws/build/adas_msgs -- -j20 -l20
[0.347s] [  1%] Built target adas_msgs__rosidl_generator_type_description
[0.347s] [  1%] Built target ament_cmake_python_symlink_adas_msgs
[0.347s] [  3%] Built target adas_msgs__cpp
[0.347s] [ 25%] Built target adas_msgs__rosidl_generator_c
[0.347s] [ 34%] Built target adas_msgs__rosidl_typesupport_c
[0.347s] [ 43%] Built target adas_msgs__rosidl_typesupport_introspection_cpp
[0.347s] [ 53%] Built target adas_msgs__rosidl_typesupport_introspection_c
[0.347s] [ 62%] Built target adas_msgs__rosidl_typesupport_cpp
[0.347s] [ 73%] Built target adas_msgs__rosidl_typesupport_fastrtps_cpp
[0.347s] [ 81%] Built target adas_msgs__rosidl_typesupport_fastrtps_c
[0.347s] [ 81%] Built target adas_msgs
[0.347s] [ 82%] Built target adas_msgs__py
[0.347s] [ 90%] Built target adas_msgs__rosidl_generator_py
[0.347s] [100%] Built target adas_msgs_s__rosidl_typesupport_introspection_c
[0.348s] [100%] Built target adas_msgs_s__rosidl_typesupport_fastrtps_c
[0.348s] [100%] Built target adas_msgs_s__rosidl_typesupport_c
[0.348s] running egg_info
[0.348s] writing adas_msgs.egg-info/PKG-INFO
[0.348s] writing dependency_links to adas_msgs.egg-info/dependency_links.txt
[0.348s] writing top-level names to adas_msgs.egg-info/top_level.txt
[0.348s] reading manifest file 'adas_msgs.egg-info/SOURCES.txt'
[0.348s] writing manifest file 'adas_msgs.egg-info/SOURCES.txt'
[0.348s] [100%] Built target ament_cmake_python_build_adas_msgs_egg
[0.349s] Invoked command in '/home/khatvangi/adas_ws/build/adas_msgs' returned '0': CMAKE_PREFIX_PATH=${CMAKE_PREFIX_PATH}:/home/khatvangi/adas_ws/install/perception:/home/khatvangi/adas_ws/install/dashboard:/home/khatvangi/adas_ws/install/adas_core:/home/khatvangi/project_ws_v2/install/adas_core:/opt/ros/jazzy DEBUGINFOD_URLS=https://debuginfod.ubuntu.com /usr/bin/cmake --build /home/khatvangi/adas_ws/build/adas_msgs -- -j20 -l20
[0.355s] Invoking command in '/home/khatvangi/adas_ws/build/adas_msgs': CMAKE_PREFIX_PATH=${CMAKE_PREFIX_PATH}:/home/khatvangi/adas_ws/install/perception:/home/khatvangi/adas_ws/install/dashboard:/home/khatvangi/adas_ws/install/adas_core:/home/khatvangi/project_ws_v2/install/adas_core:/opt/ros/jazzy DEBUGINFOD_URLS=https://debuginfod.ubuntu.com /usr/bin/cmake --install /home/khatvangi/adas_ws/build/adas_msgs
[0.362s] -- Install configuration: ""
[0.363s] -- Execute custom install script
[0.363s] -- Up-to-date symlink: /home/khatvangi/adas_ws/install/adas_msgs/share/ament_index/resource_index/rosidl_interfaces/adas_msgs
[0.363s] -- Up-to-date symlink: /home/khatvangi/adas_ws/install/adas_msgs/share/adas_msgs/msg/BoundingBox2D.json
[0.363s] -- Up-to-date symlink: /home/khatvangi/adas_ws/install/adas_msgs/share/adas_msgs/msg/BoundingBox2DArray.json
[0.363s] -- Up-to-date symlink: /home/khatvangi/adas_ws/install/adas_msgs/share/adas_msgs/msg/LaneData.json
[0.363s] -- Up-to-date symlink: /home/khatvangi/adas_ws/install/adas_msgs/share/adas_msgs/msg/VehicleParams.json
[0.364s] -- Up-to-date symlink: /home/khatvangi/adas_ws/install/adas_msgs/include/adas_msgs/adas_msgs/msg/bounding_box2_d.h
[0.364s] -- Up-to-date symlink: /home/khatvangi/adas_ws/install/adas_msgs/include/adas_msgs/adas_msgs/msg/bounding_box2_d_array.h
[0.364s] -- Up-to-date symlink: /home/khatvangi/adas_ws/install/adas_msgs/include/adas_msgs/adas_msgs/msg/detail/bounding_box2_d__functions.h
[0.364s] -- Up-to-date symlink: /home/khatvangi/adas_ws/install/adas_msgs/include/adas_msgs/adas_msgs/msg/detail/bounding_box2_d__struct.h
[0.364s] -- Up-to-date symlink: /home/khatvangi/adas_ws/install/adas_msgs/include/adas_msgs/adas_msgs/msg/detail/bounding_box2_d__type_support.h
[0.364s] -- Up-to-date symlink: /home/khatvangi/adas_ws/install/adas_msgs/include/adas_msgs/adas_msgs/msg/detail/bounding_box2_d_array__functions.h
[0.365s] -- Up-to-date symlink: /home/khatvangi/adas_ws/install/adas_msgs/include/adas_msgs/adas_msgs/msg/detail/bounding_box2_d_array__struct.h
[0.365s] -- Up-to-date symlink: /home/khatvangi/adas_ws/install/adas_msgs/include/adas_msgs/adas_msgs/msg/detail/bounding_box2_d_array__type_support.h
[0.365s] -- Up-to-date symlink: /home/khatvangi/adas_ws/install/adas_msgs/include/adas_msgs/adas_msgs/msg/detail/lane_data__functions.h
[0.365s] -- Up-to-date symlink: /home/khatvangi/adas_ws/install/adas_msgs/include/adas_msgs/adas_msgs/msg/detail/lane_data__struct.h
[0.365s] -- Up-to-date symlink: /home/khatvangi/adas_ws/install/adas_msgs/include/adas_msgs/adas_msgs/msg/detail/lane_data__type_support.h
[0.365s] -- Up-to-date symlink: /home/khatvangi/adas_ws/install/adas_msgs/include/adas_msgs/adas_msgs/msg/detail/vehicle_params__functions.h
[0.365s] -- Up-to-date symlink: /home/khatvangi/adas_ws/install/adas_msgs/include/adas_msgs/adas_msgs/msg/detail/vehicle_params__struct.h
[0.365s] -- Up-to-date symlink: /home/khatvangi/adas_ws/install/adas_msgs/include/adas_msgs/adas_msgs/msg/detail/vehicle_params__type_support.h
[0.365s] -- Up-to-date symlink: /home/khatvangi/adas_ws/install/adas_msgs/include/adas_msgs/adas_msgs/msg/lane_data.h
[0.365s] -- Up-to-date symlink: /home/khatvangi/adas_ws/install/adas_msgs/include/adas_msgs/adas_msgs/msg/rosidl_generator_c__visibility_control.h
[0.365s] -- Up-to-date symlink: /home/khatvangi/adas_ws/install/adas_msgs/include/adas_msgs/adas_msgs/msg/vehicle_params.h
[0.365s] -- Up-to-date symlink: /home/khatvangi/adas_ws/install/adas_msgs/share/adas_msgs/environment/library_path.sh
[0.365s] -- Up-to-date symlink: /home/khatvangi/adas_ws/install/adas_msgs/share/adas_msgs/environment/library_path.dsv
[0.366s] -- Up-to-date symlink: /home/khatvangi/adas_ws/install/adas_msgs/include/adas_msgs/adas_msgs/msg/detail/bounding_box2_d__rosidl_typesupport_fastrtps_c.h
[0.366s] -- Up-to-date symlink: /home/khatvangi/adas_ws/install/adas_msgs/include/adas_msgs/adas_msgs/msg/detail/bounding_box2_d_array__rosidl_typesupport_fastrtps_c.h
[0.366s] -- Up-to-date symlink: /home/khatvangi/adas_ws/install/adas_msgs/include/adas_msgs/adas_msgs/msg/detail/lane_data__rosidl_typesupport_fastrtps_c.h
[0.366s] -- Up-to-date symlink: /home/khatvangi/adas_ws/install/adas_msgs/include/adas_msgs/adas_msgs/msg/detail/vehicle_params__rosidl_typesupport_fastrtps_c.h
[0.366s] -- Up-to-date symlink: /home/khatvangi/adas_ws/install/adas_msgs/include/adas_msgs/adas_msgs/msg/rosidl_typesupport_fastrtps_c__visibility_control.h
[0.366s] -- Up-to-date symlink: /home/khatvangi/adas_ws/install/adas_msgs/include/adas_msgs/adas_msgs/msg/detail/bounding_box2_d__rosidl_typesupport_introspection_c.h
[0.366s] -- Up-to-date symlink: /home/khatvangi/adas_ws/install/adas_msgs/include/adas_msgs/adas_msgs/msg/detail/bounding_box2_d_array__rosidl_typesupport_introspection_c.h
[0.366s] -- Up-to-date symlink: /home/khatvangi/adas_ws/install/adas_msgs/include/adas_msgs/adas_msgs/msg/detail/lane_data__rosidl_typesupport_introspection_c.h
[0.367s] -- Up-to-date symlink: /home/khatvangi/adas_ws/install/adas_msgs/include/adas_msgs/adas_msgs/msg/detail/vehicle_params__rosidl_typesupport_introspection_c.h
[0.367s] -- Up-to-date symlink: /home/khatvangi/adas_ws/install/adas_msgs/include/adas_msgs/adas_msgs/msg/rosidl_typesupport_introspection_c__visibility_control.h
[0.367s] -- Up-to-date symlink: /home/khatvangi/adas_ws/install/adas_msgs/include/adas_msgs/adas_msgs/msg/bounding_box2_d.hpp
[0.367s] -- Up-to-date symlink: /home/khatvangi/adas_ws/install/adas_msgs/include/adas_msgs/adas_msgs/msg/bounding_box2_d_array.hpp
[0.367s] -- Up-to-date symlink: /home/khatvangi/adas_ws/install/adas_msgs/include/adas_msgs/adas_msgs/msg/detail/bounding_box2_d__builder.hpp
[0.367s] -- Up-to-date symlink: /home/khatvangi/adas_ws/install/adas_msgs/include/adas_msgs/adas_msgs/msg/detail/bounding_box2_d__struct.hpp
[0.367s] -- Up-to-date symlink: /home/khatvangi/adas_ws/install/adas_msgs/include/adas_msgs/adas_msgs/msg/detail/bounding_box2_d__traits.hpp
[0.367s] -- Up-to-date symlink: /home/khatvangi/adas_ws/install/adas_msgs/include/adas_msgs/adas_msgs/msg/detail/bounding_box2_d__type_support.hpp
[0.367s] -- Up-to-date symlink: /home/khatvangi/adas_ws/install/adas_msgs/include/adas_msgs/adas_msgs/msg/detail/bounding_box2_d_array__builder.hpp
[0.368s] -- Up-to-date symlink: /home/khatvangi/adas_ws/install/adas_msgs/include/adas_msgs/adas_msgs/msg/detail/bounding_box2_d_array__struct.hpp
[0.368s] -- Up-to-date symlink: /home/khatvangi/adas_ws/install/adas_msgs/include/adas_msgs/adas_msgs/msg/detail/bounding_box2_d_array__traits.hpp
[0.368s] -- Up-to-date symlink: /home/khatvangi/adas_ws/install/adas_msgs/include/adas_msgs/adas_msgs/msg/detail/bounding_box2_d_array__type_support.hpp
[0.368s] -- Up-to-date symlink: /home/khatvangi/adas_ws/install/adas_msgs/include/adas_msgs/adas_msgs/msg/detail/lane_data__builder.hpp
[0.368s] -- Up-to-date symlink: /home/khatvangi/adas_ws/install/adas_msgs/include/adas_msgs/adas_msgs/msg/detail/lane_data__struct.hpp
[0.368s] -- Up-to-date symlink: /home/khatvangi/adas_ws/install/adas_msgs/include/adas_msgs/adas_msgs/msg/detail/lane_data__traits.hpp
[0.368s] -- Up-to-date symlink: /home/khatvangi/adas_ws/install/adas_msgs/include/adas_msgs/adas_msgs/msg/detail/lane_data__type_support.hpp
[0.368s] -- Up-to-date symlink: /home/khatvangi/adas_ws/install/adas_msgs/include/adas_msgs/adas_msgs/msg/detail/vehicle_params__builder.hpp
[0.368s] -- Up-to-date symlink: /home/khatvangi/adas_ws/install/adas_msgs/include/adas_msgs/adas_msgs/msg/detail/vehicle_params__struct.hpp
[0.369s] -- Up-to-date symlink: /home/khatvangi/adas_ws/install/adas_msgs/include/adas_msgs/adas_msgs/msg/detail/vehicle_params__traits.hpp
[0.369s] -- Up-to-date symlink: /home/khatvangi/adas_ws/install/adas_msgs/include/adas_msgs/adas_msgs/msg/detail/vehicle_params__type_support.hpp
[0.369s] -- Up-to-date symlink: /home/khatvangi/adas_ws/install/adas_msgs/include/adas_msgs/adas_msgs/msg/lane_data.hpp
[0.369s] -- Up-to-date symlink: /home/khatvangi/adas_ws/install/adas_msgs/include/adas_msgs/adas_msgs/msg/rosidl_generator_cpp__visibility_control.hpp
[0.369s] -- Up-to-date symlink: /home/khatvangi/adas_ws/install/adas_msgs/include/adas_msgs/adas_msgs/msg/vehicle_params.hpp
[0.370s] -- Up-to-date symlink: /home/khatvangi/adas_ws/install/adas_msgs/include/adas_msgs/adas_msgs/msg/detail/bounding_box2_d__rosidl_typesupport_fastrtps_cpp.hpp
[0.370s] -- Up-to-date symlink: /home/khatvangi/adas_ws/install/adas_msgs/include/adas_msgs/adas_msgs/msg/detail/bounding_box2_d_array__rosidl_typesupport_fastrtps_cpp.hpp
[0.370s] -- Up-to-date symlink: /home/khatvangi/adas_ws/install/adas_msgs/include/adas_msgs/adas_msgs/msg/detail/lane_data__rosidl_typesupport_fastrtps_cpp.hpp
[0.370s] -- Up-to-date symlink: /home/khatvangi/adas_ws/install/adas_msgs/include/adas_msgs/adas_msgs/msg/detail/vehicle_params__rosidl_typesupport_fastrtps_cpp.hpp
[0.370s] -- Up-to-date symlink: /home/khatvangi/adas_ws/install/adas_msgs/include/adas_msgs/adas_msgs/msg/rosidl_typesupport_fastrtps_cpp__visibility_control.h
[0.370s] -- Up-to-date symlink: /home/khatvangi/adas_ws/install/adas_msgs/include/adas_msgs/adas_msgs/msg/detail/bounding_box2_d__rosidl_typesupport_introspection_cpp.hpp
[0.370s] -- Up-to-date symlink: /home/khatvangi/adas_ws/install/adas_msgs/include/adas_msgs/adas_msgs/msg/detail/bounding_box2_d_array__rosidl_typesupport_introspection_cpp.hpp
[0.370s] -- Up-to-date symlink: /home/khatvangi/adas_ws/install/adas_msgs/include/adas_msgs/adas_msgs/msg/detail/lane_data__rosidl_typesupport_introspection_cpp.hpp
[0.370s] -- Up-to-date symlink: /home/khatvangi/adas_ws/install/adas_msgs/include/adas_msgs/adas_msgs/msg/detail/vehicle_params__rosidl_typesupport_introspection_cpp.hpp
[0.371s] -- Up-to-date symlink: /home/khatvangi/adas_ws/install/adas_msgs/share/adas_msgs/environment/pythonpath.sh
[0.371s] -- Up-to-date symlink: /home/khatvangi/adas_ws/install/adas_msgs/share/adas_msgs/environment/pythonpath.dsv
[0.371s] -- Up-to-date symlink: /home/khatvangi/adas_ws/install/adas_msgs/lib/python3.12/site-packages/adas_msgs-1.0.0-py3.12.egg-info/PKG-INFO
[0.371s] -- Up-to-date symlink: /home/khatvangi/adas_ws/install/adas_msgs/lib/python3.12/site-packages/adas_msgs-1.0.0-py3.12.egg-info/SOURCES.txt
[0.371s] -- Up-to-date symlink: /home/khatvangi/adas_ws/install/adas_msgs/lib/python3.12/site-packages/adas_msgs-1.0.0-py3.12.egg-info/dependency_links.txt
[0.371s] -- Up-to-date symlink: /home/khatvangi/adas_ws/install/adas_msgs/lib/python3.12/site-packages/adas_msgs-1.0.0-py3.12.egg-info/top_level.txt
[0.371s] -- Up-to-date symlink: /home/khatvangi/adas_ws/install/adas_msgs/lib/python3.12/site-packages/adas_msgs/__init__.py
[0.372s] -- Up-to-date symlink: /home/khatvangi/adas_ws/install/adas_msgs/lib/python3.12/site-packages/adas_msgs/_adas_msgs_s.ep.rosidl_typesupport_c.c
[0.372s] -- Up-to-date symlink: /home/khatvangi/adas_ws/install/adas_msgs/lib/python3.12/site-packages/adas_msgs/_adas_msgs_s.ep.rosidl_typesupport_fastrtps_c.c
[0.372s] -- Up-to-date symlink: /home/khatvangi/adas_ws/install/adas_msgs/lib/python3.12/site-packages/adas_msgs/_adas_msgs_s.ep.rosidl_typesupport_introspection_c.c
[0.372s] -- Up-to-date symlink: /home/khatvangi/adas_ws/install/adas_msgs/lib/python3.12/site-packages/adas_msgs/adas_msgs_s__rosidl_typesupport_c.so
[0.372s] -- Up-to-date symlink: /home/khatvangi/adas_ws/install/adas_msgs/lib/python3.12/site-packages/adas_msgs/adas_msgs_s__rosidl_typesupport_fastrtps_c.so
[0.372s] -- Up-to-date symlink: /home/khatvangi/adas_ws/install/adas_msgs/lib/python3.12/site-packages/adas_msgs/adas_msgs_s__rosidl_typesupport_introspection_c.so
[0.372s] -- Up-to-date symlink: /home/khatvangi/adas_ws/install/adas_msgs/lib/python3.12/site-packages/adas_msgs/msg/__init__.py
[0.372s] -- Up-to-date symlink: /home/khatvangi/adas_ws/install/adas_msgs/lib/python3.12/site-packages/adas_msgs/msg/_bounding_box2_d.py
[0.372s] -- Up-to-date symlink: /home/khatvangi/adas_ws/install/adas_msgs/lib/python3.12/site-packages/adas_msgs/msg/_bounding_box2_d_array.py
[0.372s] -- Up-to-date symlink: /home/khatvangi/adas_ws/install/adas_msgs/lib/python3.12/site-packages/adas_msgs/msg/_bounding_box2_d_array_s.c
[0.372s] -- Up-to-date symlink: /home/khatvangi/adas_ws/install/adas_msgs/lib/python3.12/site-packages/adas_msgs/msg/_bounding_box2_d_s.c
[0.372s] -- Up-to-date symlink: /home/khatvangi/adas_ws/install/adas_msgs/lib/python3.12/site-packages/adas_msgs/msg/_lane_data.py
[0.372s] -- Up-to-date symlink: /home/khatvangi/adas_ws/install/adas_msgs/lib/python3.12/site-packages/adas_msgs/msg/_lane_data_s.c
[0.372s] -- Up-to-date symlink: /home/khatvangi/adas_ws/install/adas_msgs/lib/python3.12/site-packages/adas_msgs/msg/_vehicle_params.py
[0.372s] -- Up-to-date symlink: /home/khatvangi/adas_ws/install/adas_msgs/lib/python3.12/site-packages/adas_msgs/msg/_vehicle_params_s.c
[0.372s] -- Up-to-date symlink: /home/khatvangi/adas_ws/install/adas_msgs/lib/python3.12/site-packages/adas_msgs/adas_msgs_s__rosidl_typesupport_fastrtps_c.so
[0.372s] -- Up-to-date symlink: /home/khatvangi/adas_ws/install/adas_msgs/lib/python3.12/site-packages/adas_msgs/adas_msgs_s__rosidl_typesupport_introspection_c.so
[0.372s] -- Up-to-date symlink: /home/khatvangi/adas_ws/install/adas_msgs/lib/python3.12/site-packages/adas_msgs/adas_msgs_s__rosidl_typesupport_c.so
[0.372s] -- Up-to-date symlink: /home/khatvangi/adas_ws/install/adas_msgs/share/adas_msgs/msg/BoundingBox2D.idl
[0.372s] -- Up-to-date symlink: /home/khatvangi/adas_ws/install/adas_msgs/share/adas_msgs/msg/BoundingBox2DArray.idl
[0.372s] -- Up-to-date symlink: /home/khatvangi/adas_ws/install/adas_msgs/share/adas_msgs/msg/LaneData.idl
[0.372s] -- Up-to-date symlink: /home/khatvangi/adas_ws/install/adas_msgs/share/adas_msgs/msg/VehicleParams.idl
[0.373s] -- Up-to-date symlink: /home/khatvangi/adas_ws/install/adas_msgs/share/adas_msgs/msg/BoundingBox2D.msg
[0.373s] -- Up-to-date symlink: /home/khatvangi/adas_ws/install/adas_msgs/share/adas_msgs/msg/BoundingBox2DArray.msg
[0.373s] -- Up-to-date symlink: /home/khatvangi/adas_ws/install/adas_msgs/share/adas_msgs/msg/LaneData.msg
[0.373s] -- Up-to-date symlink: /home/khatvangi/adas_ws/install/adas_msgs/share/adas_msgs/msg/VehicleParams.msg
[0.373s] -- Up-to-date symlink: /home/khatvangi/adas_ws/install/adas_msgs/share/ament_index/resource_index/package_run_dependencies/adas_msgs
[0.373s] -- Up-to-date symlink: /home/khatvangi/adas_ws/install/adas_msgs/share/ament_index/resource_index/parent_prefix_path/adas_msgs
[0.373s] -- Up-to-date symlink: /home/khatvangi/adas_ws/install/adas_msgs/share/adas_msgs/environment/ament_prefix_path.sh
[0.373s] -- Up-to-date symlink: /home/khatvangi/adas_ws/install/adas_msgs/share/adas_msgs/environment/ament_prefix_path.dsv
[0.373s] -- Up-to-date symlink: /home/khatvangi/adas_ws/install/adas_msgs/share/adas_msgs/environment/path.sh
[0.373s] -- Up-to-date symlink: /home/khatvangi/adas_ws/install/adas_msgs/share/adas_msgs/environment/path.dsv
[0.373s] -- Up-to-date symlink: /home/khatvangi/adas_ws/install/adas_msgs/share/adas_msgs/local_setup.bash
[0.373s] -- Up-to-date symlink: /home/khatvangi/adas_ws/install/adas_msgs/share/adas_msgs/local_setup.sh
[0.373s] -- Up-to-date symlink: /home/khatvangi/adas_ws/install/adas_msgs/share/adas_msgs/local_setup.zsh
[0.373s] -- Up-to-date symlink: /home/khatvangi/adas_ws/install/adas_msgs/share/adas_msgs/local_setup.dsv
[0.373s] -- Symlinking: /home/khatvangi/adas_ws/install/adas_msgs/share/adas_msgs/package.dsv
[0.379s] -- Up-to-date symlink: /home/khatvangi/adas_ws/install/adas_msgs/share/ament_index/resource_index/packages/adas_msgs
[0.379s] -- Up-to-date symlink: /home/khatvangi/adas_ws/install/adas_msgs/share/adas_msgs/cmake/rosidl_cmake-extras.cmake
[0.379s] -- Up-to-date symlink: /home/khatvangi/adas_ws/install/adas_msgs/share/adas_msgs/cmake/ament_cmake_export_dependencies-extras.cmake
[0.379s] -- Up-to-date symlink: /home/khatvangi/adas_ws/install/adas_msgs/share/adas_msgs/cmake/ament_cmake_export_include_directories-extras.cmake
[0.379s] -- Up-to-date symlink: /home/khatvangi/adas_ws/install/adas_msgs/share/adas_msgs/cmake/ament_cmake_export_libraries-extras.cmake
[0.380s] -- Up-to-date symlink: /home/khatvangi/adas_ws/install/adas_msgs/share/adas_msgs/cmake/ament_cmake_export_targets-extras.cmake
[0.380s] -- Up-to-date symlink: /home/khatvangi/adas_ws/install/adas_msgs/share/adas_msgs/cmake/rosidl_cmake_export_typesupport_targets-extras.cmake
[0.380s] -- Up-to-date symlink: /home/khatvangi/adas_ws/install/adas_msgs/share/adas_msgs/cmake/rosidl_cmake_export_typesupport_libraries-extras.cmake
[0.380s] -- Up-to-date symlink: /home/khatvangi/adas_ws/install/adas_msgs/share/adas_msgs/cmake/adas_msgsConfig.cmake
[0.381s] -- Up-to-date symlink: /home/khatvangi/adas_ws/install/adas_msgs/share/adas_msgs/cmake/adas_msgsConfig-version.cmake
[0.381s] -- Up-to-date symlink: /home/khatvangi/adas_ws/install/adas_msgs/share/adas_msgs/package.xml
[0.381s] -- Up-to-date: /home/khatvangi/adas_ws/install/adas_msgs/lib/libadas_msgs__rosidl_generator_c.so
[0.381s] -- Up-to-date: /home/khatvangi/adas_ws/install/adas_msgs/lib/libadas_msgs__rosidl_typesupport_fastrtps_c.so
[0.381s] -- Up-to-date: /home/khatvangi/adas_ws/install/adas_msgs/lib/libadas_msgs__rosidl_typesupport_introspection_c.so
[0.381s] -- Up-to-date: /home/khatvangi/adas_ws/install/adas_msgs/lib/libadas_msgs__rosidl_typesupport_c.so
[0.381s] -- Up-to-date: /home/khatvangi/adas_ws/install/adas_msgs/lib/libadas_msgs__rosidl_typesupport_fastrtps_cpp.so
[0.381s] -- Up-to-date: /home/khatvangi/adas_ws/install/adas_msgs/lib/libadas_msgs__rosidl_typesupport_introspection_cpp.so
[0.381s] -- Up-to-date: /home/khatvangi/adas_ws/install/adas_msgs/lib/libadas_msgs__rosidl_typesupport_cpp.so
[0.407s] Listing '/home/khatvangi/adas_ws/install/adas_msgs/lib/python3.12/site-packages/adas_msgs'...
[0.407s] Listing '/home/khatvangi/adas_ws/install/adas_msgs/lib/python3.12/site-packages/adas_msgs/msg'...
[0.411s] -- Up-to-date: /home/khatvangi/adas_ws/install/adas_msgs/lib/libadas_msgs__rosidl_generator_py.so
[0.411s] -- Up-to-date: /home/khatvangi/adas_ws/install/adas_msgs/share/adas_msgs/cmake/export_adas_msgs__rosidl_generator_cExport.cmake
[0.411s] -- Up-to-date: /home/khatvangi/adas_ws/install/adas_msgs/share/adas_msgs/cmake/export_adas_msgs__rosidl_generator_cExport-noconfig.cmake
[0.411s] -- Up-to-date: /home/khatvangi/adas_ws/install/adas_msgs/share/adas_msgs/cmake/export_adas_msgs__rosidl_typesupport_fastrtps_cExport.cmake
[0.411s] -- Up-to-date: /home/khatvangi/adas_ws/install/adas_msgs/share/adas_msgs/cmake/export_adas_msgs__rosidl_typesupport_fastrtps_cExport-noconfig.cmake
[0.411s] -- Up-to-date: /home/khatvangi/adas_ws/install/adas_msgs/share/adas_msgs/cmake/adas_msgs__rosidl_typesupport_introspection_cExport.cmake
[0.411s] -- Up-to-date: /home/khatvangi/adas_ws/install/adas_msgs/share/adas_msgs/cmake/adas_msgs__rosidl_typesupport_introspection_cExport-noconfig.cmake
[0.411s] -- Up-to-date: /home/khatvangi/adas_ws/install/adas_msgs/share/adas_msgs/cmake/adas_msgs__rosidl_typesupport_cExport.cmake
[0.411s] -- Up-to-date: /home/khatvangi/adas_ws/install/adas_msgs/share/adas_msgs/cmake/adas_msgs__rosidl_typesupport_cExport-noconfig.cmake
[0.411s] -- Up-to-date: /home/khatvangi/adas_ws/install/adas_msgs/share/adas_msgs/cmake/export_adas_msgs__rosidl_generator_cppExport.cmake
[0.411s] -- Up-to-date: /home/khatvangi/adas_ws/install/adas_msgs/share/adas_msgs/cmake/export_adas_msgs__rosidl_typesupport_fastrtps_cppExport.cmake
[0.411s] -- Up-to-date: /home/khatvangi/adas_ws/install/adas_msgs/share/adas_msgs/cmake/export_adas_msgs__rosidl_typesupport_fastrtps_cppExport-noconfig.cmake
[0.411s] -- Up-to-date: /home/khatvangi/adas_ws/install/adas_msgs/share/adas_msgs/cmake/adas_msgs__rosidl_typesupport_introspection_cppExport.cmake
[0.411s] -- Up-to-date: /home/khatvangi/adas_ws/install/adas_msgs/share/adas_msgs/cmake/adas_msgs__rosidl_typesupport_introspection_cppExport-noconfig.cmake
[0.412s] -- Up-to-date: /home/khatvangi/adas_ws/install/adas_msgs/share/adas_msgs/cmake/adas_msgs__rosidl_typesupport_cppExport.cmake
[0.412s] -- Up-to-date: /home/khatvangi/adas_ws/install/adas_msgs/share/adas_msgs/cmake/adas_msgs__rosidl_typesupport_cppExport-noconfig.cmake
[0.412s] -- Up-to-date: /home/khatvangi/adas_ws/install/adas_msgs/share/adas_msgs/cmake/export_adas_msgs__rosidl_generator_pyExport.cmake
[0.412s] -- Up-to-date: /home/khatvangi/adas_ws/install/adas_msgs/share/adas_msgs/cmake/export_adas_msgs__rosidl_generator_pyExport-noconfig.cmake
[0.413s] Invoked command in '/home/khatvangi/adas_ws/build/adas_msgs' returned '0': CMAKE_PREFIX_PATH=${CMAKE_PREFIX_PATH}:/home/khatvangi/adas_ws/install/perception:/home/khatvangi/adas_ws/install/dashboard:/home/khatvangi/adas_ws/install/adas_core:/home/khatvangi/project_ws_v2/install/adas_core:/opt/ros/jazzy DEBUGINFOD_URLS=https://debuginfod.ubuntu.com /usr/bin/cmake --install /home/khatvangi/adas_ws/build/adas_msgs
