[0.442s] Invoking command in '/home/khatvangi/adas_ws/build/adas_core': DEBUGINFOD_URLS=https://debuginfod.ubuntu.com PYTHONPATH=/home/khatvangi/adas_ws/build/adas_core/prefix_override:/usr/lib/python3/dist-packages/colcon_core/task/python/colcon_distutils_commands:/home/khatvangi/adas_ws/install/adas_core/lib/python3.12/site-packages:${PYTHONPATH} /usr/bin/python3 -W ignore:setup.py install is deprecated -W ignore:easy_install command is deprecated setup.py develop --editable --build-directory /home/khatvangi/adas_ws/build/adas_core/build --no-deps symlink_data
[0.617s] running develop
[0.755s] running egg_info
[0.775s] writing adas_core.egg-info/PKG-INFO
[0.775s] writing dependency_links to adas_core.egg-info/dependency_links.txt
[0.775s] writing entry points to adas_core.egg-info/entry_points.txt
[0.776s] writing requirements to adas_core.egg-info/requires.txt
[0.776s] writing top-level names to adas_core.egg-info/top_level.txt
[0.798s] reading manifest file 'adas_core.egg-info/SOURCES.txt'
[0.798s] writing manifest file 'adas_core.egg-info/SOURCES.txt'
[0.810s] running build_ext
[0.810s] Creating /home/khatvangi/adas_ws/install/adas_core/lib/python3.12/site-packages/adas-core.egg-link (link to .)
[0.810s] Installing acc_node script to /home/khatvangi/adas_ws/install/adas_core/lib/adas_core
[0.810s] Installing aeb_node script to /home/khatvangi/adas_ws/install/adas_core/lib/adas_core
[0.810s] Installing can_bridge_node script to /home/khatvangi/adas_ws/install/adas_core/lib/adas_core
[0.810s] Installing ekf_node script to /home/khatvangi/adas_ws/install/adas_core/lib/adas_core
[0.810s] Installing lka_node script to /home/khatvangi/adas_ws/install/adas_core/lib/adas_core
[0.811s] Installing safety_arbiter script to /home/khatvangi/adas_ws/install/adas_core/lib/adas_core
[0.811s] Installing tsd_node script to /home/khatvangi/adas_ws/install/adas_core/lib/adas_core
[0.811s] 
[0.811s] Installed /home/khatvangi/adas_ws/build/adas_core
[0.811s] running symlink_data
[0.829s] Invoked command in '/home/khatvangi/adas_ws/build/adas_core' returned '0': DEBUGINFOD_URLS=https://debuginfod.ubuntu.com PYTHONPATH=/home/khatvangi/adas_ws/build/adas_core/prefix_override:/usr/lib/python3/dist-packages/colcon_core/task/python/colcon_distutils_commands:/home/khatvangi/adas_ws/install/adas_core/lib/python3.12/site-packages:${PYTHONPATH} /usr/bin/python3 -W ignore:setup.py install is deprecated -W ignore:easy_install command is deprecated setup.py develop --editable --build-directory /home/khatvangi/adas_ws/build/adas_core/build --no-deps symlink_data
