/home/khatvangi/.local/lib/python3.12/site-packages/setuptools/_distutils/dist.py:270: UserWarning: Unknown distribution option: 'tests_require'
  warnings.warn(msg)
running develop
running egg_info
creating adas_core.egg-info
writing adas_core.egg-info/PKG-INFO
writing dependency_links to adas_core.egg-info/dependency_links.txt
writing entry points to adas_core.egg-info/entry_points.txt
writing requirements to adas_core.egg-info/requires.txt
writing top-level names to adas_core.egg-info/top_level.txt
writing manifest file 'adas_core.egg-info/SOURCES.txt'
reading manifest file 'adas_core.egg-info/SOURCES.txt'
writing manifest file 'adas_core.egg-info/SOURCES.txt'
running build_ext
Creating /home/khatvangi/adas_ws/install/adas_core/lib/python3.12/site-packages/adas-core.egg-link (link to .)
Installing acc_node script to /home/khatvangi/adas_ws/install/adas_core/lib/adas_core
Installing aeb_node script to /home/khatvangi/adas_ws/install/adas_core/lib/adas_core
Installing camera_node script to /home/khatvangi/adas_ws/install/adas_core/lib/adas_core
Installing can_bridge_node script to /home/khatvangi/adas_ws/install/adas_core/lib/adas_core
Installing dashboard_node script to /home/khatvangi/adas_ws/install/adas_core/lib/adas_core
Installing ekf_node script to /home/khatvangi/adas_ws/install/adas_core/lib/adas_core
Installing imu_node script to /home/khatvangi/adas_ws/install/adas_core/lib/adas_core
Installing lane_node script to /home/khatvangi/adas_ws/install/adas_core/lib/adas_core
Installing lka_node script to /home/khatvangi/adas_ws/install/adas_core/lib/adas_core
Installing mode_manager script to /home/khatvangi/adas_ws/install/adas_core/lib/adas_core
Installing safety_arbiter script to /home/khatvangi/adas_ws/install/adas_core/lib/adas_core
Installing tf_luna_node script to /home/khatvangi/adas_ws/install/adas_core/lib/adas_core
Installing tof_node script to /home/khatvangi/adas_ws/install/adas_core/lib/adas_core
Installing traffic_node script to /home/khatvangi/adas_ws/install/adas_core/lib/adas_core
Installing yolo_node script to /home/khatvangi/adas_ws/install/adas_core/lib/adas_core

Installed /home/khatvangi/adas_ws/build/adas_core
running symlink_data
creating /home/khatvangi/adas_ws/install/adas_core/share/adas_core/launch
symbolically linking /home/khatvangi/adas_ws/build/adas_core/launch/pi.launch.py -> /home/khatvangi/adas_ws/install/adas_core/share/adas_core/launch
symbolically linking /home/khatvangi/adas_ws/build/adas_core/launch/laptop.launch.py -> /home/khatvangi/adas_ws/install/adas_core/share/adas_core/launch
creating /home/khatvangi/adas_ws/install/adas_core/share/adas_core/config
symbolically linking /home/khatvangi/adas_ws/build/adas_core/config/pid_params.yaml -> /home/khatvangi/adas_ws/install/adas_core/share/adas_core/config
symbolically linking /home/khatvangi/adas_ws/build/adas_core/config/ipm_calibration.yaml -> /home/khatvangi/adas_ws/install/adas_core/share/adas_core/config
