[1.003s] Invoking command in '/home/khatvangi/adas_ws/build/adas_core': AMENT_PREFIX_PATH=/home/khatvangi/adas_ws/install/adas_msgs:${AMENT_PREFIX_PATH} CMAKE_PREFIX_PATH=/home/khatvangi/adas_ws/install/adas_msgs:${CMAKE_PREFIX_PATH} DEBUGINFOD_URLS=https://debuginfod.ubuntu.com LD_LIBRARY_PATH=/home/khatvangi/adas_ws/install/adas_msgs/lib:${LD_LIBRARY_PATH} PYTHONPATH=/home/khatvangi/adas_ws/build/adas_core/prefix_override:/usr/lib/python3/dist-packages/colcon_core/task/python/colcon_distutils_commands:/home/khatvangi/adas_ws/install/adas_core/lib/python3.12/site-packages:/home/khatvangi/adas_ws/install/adas_msgs/lib/python3.12/site-packages:${PYTHONPATH} /usr/bin/python3 -W ignore:setup.py install is deprecated -W ignore:easy_install command is deprecated setup.py develop --editable --build-directory /home/khatvangi/adas_ws/build/adas_core/build --no-deps symlink_data
[1.176s] /home/khatvangi/.local/lib/python3.12/site-packages/setuptools/_distutils/dist.py:270: UserWarning: Unknown distribution option: 'tests_require'
[1.176s]   warnings.warn(msg)
[1.308s] running develop
[1.484s] running egg_info
[1.506s] creating adas_core.egg-info
[1.507s] writing adas_core.egg-info/PKG-INFO
[1.507s] writing dependency_links to adas_core.egg-info/dependency_links.txt
[1.507s] writing entry points to adas_core.egg-info/entry_points.txt
[1.507s] writing requirements to adas_core.egg-info/requires.txt
[1.507s] writing top-level names to adas_core.egg-info/top_level.txt
[1.507s] writing manifest file 'adas_core.egg-info/SOURCES.txt'
[1.543s] reading manifest file 'adas_core.egg-info/SOURCES.txt'
[1.544s] writing manifest file 'adas_core.egg-info/SOURCES.txt'
[1.564s] running build_ext
[1.564s] Creating /home/khatvangi/adas_ws/install/adas_core/lib/python3.12/site-packages/adas-core.egg-link (link to .)
[1.565s] Installing acc_node script to /home/khatvangi/adas_ws/install/adas_core/lib/adas_core
[1.565s] Installing aeb_node script to /home/khatvangi/adas_ws/install/adas_core/lib/adas_core
[1.565s] Installing camera_node script to /home/khatvangi/adas_ws/install/adas_core/lib/adas_core
[1.565s] Installing can_bridge_node script to /home/khatvangi/adas_ws/install/adas_core/lib/adas_core
[1.565s] Installing dashboard_node script to /home/khatvangi/adas_ws/install/adas_core/lib/adas_core
[1.566s] Installing ekf_node script to /home/khatvangi/adas_ws/install/adas_core/lib/adas_core
[1.566s] Installing imu_node script to /home/khatvangi/adas_ws/install/adas_core/lib/adas_core
[1.566s] Installing lane_node script to /home/khatvangi/adas_ws/install/adas_core/lib/adas_core
[1.566s] Installing lka_node script to /home/khatvangi/adas_ws/install/adas_core/lib/adas_core
[1.566s] Installing mode_manager script to /home/khatvangi/adas_ws/install/adas_core/lib/adas_core
[1.566s] Installing safety_arbiter script to /home/khatvangi/adas_ws/install/adas_core/lib/adas_core
[1.566s] Installing tf_luna_node script to /home/khatvangi/adas_ws/install/adas_core/lib/adas_core
[1.566s] Installing tof_node script to /home/khatvangi/adas_ws/install/adas_core/lib/adas_core
[1.566s] Installing traffic_node script to /home/khatvangi/adas_ws/install/adas_core/lib/adas_core
[1.566s] Installing yolo_node script to /home/khatvangi/adas_ws/install/adas_core/lib/adas_core
[1.566s] 
[1.566s] Installed /home/khatvangi/adas_ws/build/adas_core
[1.566s] running symlink_data
[1.566s] creating /home/khatvangi/adas_ws/install/adas_core/share/adas_core/launch
[1.567s] symbolically linking /home/khatvangi/adas_ws/build/adas_core/launch/pi.launch.py -> /home/khatvangi/adas_ws/install/adas_core/share/adas_core/launch
[1.567s] symbolically linking /home/khatvangi/adas_ws/build/adas_core/launch/laptop.launch.py -> /home/khatvangi/adas_ws/install/adas_core/share/adas_core/launch
[1.567s] creating /home/khatvangi/adas_ws/install/adas_core/share/adas_core/config
[1.567s] symbolically linking /home/khatvangi/adas_ws/build/adas_core/config/pid_params.yaml -> /home/khatvangi/adas_ws/install/adas_core/share/adas_core/config
[1.567s] symbolically linking /home/khatvangi/adas_ws/build/adas_core/config/ipm_calibration.yaml -> /home/khatvangi/adas_ws/install/adas_core/share/adas_core/config
[1.592s] Invoked command in '/home/khatvangi/adas_ws/build/adas_core' returned '0': AMENT_PREFIX_PATH=/home/khatvangi/adas_ws/install/adas_msgs:${AMENT_PREFIX_PATH} CMAKE_PREFIX_PATH=/home/khatvangi/adas_ws/install/adas_msgs:${CMAKE_PREFIX_PATH} DEBUGINFOD_URLS=https://debuginfod.ubuntu.com LD_LIBRARY_PATH=/home/khatvangi/adas_ws/install/adas_msgs/lib:${LD_LIBRARY_PATH} PYTHONPATH=/home/khatvangi/adas_ws/build/adas_core/prefix_override:/usr/lib/python3/dist-packages/colcon_core/task/python/colcon_distutils_commands:/home/khatvangi/adas_ws/install/adas_core/lib/python3.12/site-packages:/home/khatvangi/adas_ws/install/adas_msgs/lib/python3.12/site-packages:${PYTHONPATH} /usr/bin/python3 -W ignore:setup.py install is deprecated -W ignore:easy_install command is deprecated setup.py develop --editable --build-directory /home/khatvangi/adas_ws/build/adas_core/build --no-deps symlink_data
