[  1%] Built target adas_msgs__rosidl_generator_type_description
[  1%] Built target ament_cmake_python_symlink_adas_msgs
[  3%] Built target adas_msgs__cpp
[ 25%] Built target adas_msgs__rosidl_generator_c
[ 34%] Built target adas_msgs__rosidl_typesupport_introspection_c
[ 43%] Built target adas_msgs__rosidl_typesupport_fastrtps_cpp
[ 53%] Built target adas_msgs__rosidl_typesupport_cpp
[ 62%] Built target adas_msgs__rosidl_typesupport_introspection_cpp
[ 71%] Built target adas_msgs__rosidl_typesupport_c
[ 81%] Built target adas_msgs__rosidl_typesupport_fastrtps_c
[ 81%] Built target adas_msgs
[ 82%] Built target adas_msgs__py
[ 90%] Built target adas_msgs__rosidl_generator_py
[ 93%] Built target adas_msgs_s__rosidl_typesupport_fastrtps_c
[ 96%] Built target adas_msgs_s__rosidl_typesupport_c
[100%] Built target adas_msgs_s__rosidl_typesupport_introspection_c
running egg_info
writing adas_msgs.egg-info/PKG-INFO
writing dependency_links to adas_msgs.egg-info/dependency_links.txt
writing top-level names to adas_msgs.egg-info/top_level.txt
reading manifest file 'adas_msgs.egg-info/SOURCES.txt'
writing manifest file 'adas_msgs.egg-info/SOURCES.txt'
[100%] Built target ament_cmake_python_build_adas_msgs_egg
-- Install configuration: ""
-- Execute custom install script
-- Up-to-date symlink: /home/khatvangi/adas_ws/install/adas_msgs/share/ament_index/resource_index/rosidl_interfaces/adas_msgs
-- Up-to-date symlink: /home/khatvangi/adas_ws/install/adas_msgs/share/adas_msgs/msg/BoundingBox2D.json
-- Up-to-date symlink: /home/khatvangi/adas_ws/install/adas_msgs/share/adas_msgs/msg/BoundingBox2DArray.json
-- Up-to-date symlink: /home/khatvangi/adas_ws/install/adas_msgs/share/adas_msgs/msg/LaneData.json
-- Up-to-date symlink: /home/khatvangi/adas_ws/install/adas_msgs/share/adas_msgs/msg/VehicleParams.json
-- Up-to-date symlink: /home/khatvangi/adas_ws/install/adas_msgs/include/adas_msgs/adas_msgs/msg/bounding_box2_d.h
-- Up-to-date symlink: /home/khatvangi/adas_ws/install/adas_msgs/include/adas_msgs/adas_msgs/msg/bounding_box2_d_array.h
-- Up-to-date symlink: /home/khatvangi/adas_ws/install/adas_msgs/include/adas_msgs/adas_msgs/msg/detail/bounding_box2_d__functions.h
-- Up-to-date symlink: /home/khatvangi/adas_ws/install/adas_msgs/include/adas_msgs/adas_msgs/msg/detail/bounding_box2_d__struct.h
-- Up-to-date symlink: /home/khatvangi/adas_ws/install/adas_msgs/include/adas_msgs/adas_msgs/msg/detail/bounding_box2_d__type_support.h
-- Up-to-date symlink: /home/khatvangi/adas_ws/install/adas_msgs/include/adas_msgs/adas_msgs/msg/detail/bounding_box2_d_array__functions.h
-- Up-to-date symlink: /home/khatvangi/adas_ws/install/adas_msgs/include/adas_msgs/adas_msgs/msg/detail/bounding_box2_d_array__struct.h
-- Up-to-date symlink: /home/khatvangi/adas_ws/install/adas_msgs/include/adas_msgs/adas_msgs/msg/detail/bounding_box2_d_array__type_support.h
-- Up-to-date symlink: /home/khatvangi/adas_ws/install/adas_msgs/include/adas_msgs/adas_msgs/msg/detail/lane_data__functions.h
-- Up-to-date symlink: /home/khatvangi/adas_ws/install/adas_msgs/include/adas_msgs/adas_msgs/msg/detail/lane_data__struct.h
-- Up-to-date symlink: /home/khatvangi/adas_ws/install/adas_msgs/include/adas_msgs/adas_msgs/msg/detail/lane_data__type_support.h
-- Up-to-date symlink: /home/khatvangi/adas_ws/install/adas_msgs/include/adas_msgs/adas_msgs/msg/detail/vehicle_params__functions.h
-- Up-to-date symlink: /home/khatvangi/adas_ws/install/adas_msgs/include/adas_msgs/adas_msgs/msg/detail/vehicle_params__struct.h
-- Up-to-date symlink: /home/khatvangi/adas_ws/install/adas_msgs/include/adas_msgs/adas_msgs/msg/detail/vehicle_params__type_support.h
-- Up-to-date symlink: /home/khatvangi/adas_ws/install/adas_msgs/include/adas_msgs/adas_msgs/msg/lane_data.h
-- Up-to-date symlink: /home/khatvangi/adas_ws/install/adas_msgs/include/adas_msgs/adas_msgs/msg/rosidl_generator_c__visibility_control.h
-- Up-to-date symlink: /home/khatvangi/adas_ws/install/adas_msgs/include/adas_msgs/adas_msgs/msg/vehicle_params.h
-- Up-to-date symlink: /home/khatvangi/adas_ws/install/adas_msgs/share/adas_msgs/environment/library_path.sh
-- Up-to-date symlink: /home/khatvangi/adas_ws/install/adas_msgs/share/adas_msgs/environment/library_path.dsv
-- Up-to-date symlink: /home/khatvangi/adas_ws/install/adas_msgs/include/adas_msgs/adas_msgs/msg/detail/bounding_box2_d__rosidl_typesupport_fastrtps_c.h
-- Up-to-date symlink: /home/khatvangi/adas_ws/install/adas_msgs/include/adas_msgs/adas_msgs/msg/detail/bounding_box2_d_array__rosidl_typesupport_fastrtps_c.h
-- Up-to-date symlink: /home/khatvangi/adas_ws/install/adas_msgs/include/adas_msgs/adas_msgs/msg/detail/lane_data__rosidl_typesupport_fastrtps_c.h
-- Up-to-date symlink: /home/khatvangi/adas_ws/install/adas_msgs/include/adas_msgs/adas_msgs/msg/detail/vehicle_params__rosidl_typesupport_fastrtps_c.h
-- Up-to-date symlink: /home/khatvangi/adas_ws/install/adas_msgs/include/adas_msgs/adas_msgs/msg/rosidl_typesupport_fastrtps_c__visibility_control.h
-- Up-to-date symlink: /home/khatvangi/adas_ws/install/adas_msgs/include/adas_msgs/adas_msgs/msg/detail/bounding_box2_d__rosidl_typesupport_introspection_c.h
-- Up-to-date symlink: /home/khatvangi/adas_ws/install/adas_msgs/include/adas_msgs/adas_msgs/msg/detail/bounding_box2_d_array__rosidl_typesupport_introspection_c.h
-- Up-to-date symlink: /home/khatvangi/adas_ws/install/adas_msgs/include/adas_msgs/adas_msgs/msg/detail/lane_data__rosidl_typesupport_introspection_c.h
-- Up-to-date symlink: /home/khatvangi/adas_ws/install/adas_msgs/include/adas_msgs/adas_msgs/msg/detail/vehicle_params__rosidl_typesupport_introspection_c.h
-- Up-to-date symlink: /home/khatvangi/adas_ws/install/adas_msgs/include/adas_msgs/adas_msgs/msg/rosidl_typesupport_introspection_c__visibility_control.h
-- Up-to-date symlink: /home/khatvangi/adas_ws/install/adas_msgs/include/adas_msgs/adas_msgs/msg/bounding_box2_d.hpp
-- Up-to-date symlink: /home/khatvangi/adas_ws/install/adas_msgs/include/adas_msgs/adas_msgs/msg/bounding_box2_d_array.hpp
-- Up-to-date symlink: /home/khatvangi/adas_ws/install/adas_msgs/include/adas_msgs/adas_msgs/msg/detail/bounding_box2_d__builder.hpp
-- Up-to-date symlink: /home/khatvangi/adas_ws/install/adas_msgs/include/adas_msgs/adas_msgs/msg/detail/bounding_box2_d__struct.hpp
-- Up-to-date symlink: /home/khatvangi/adas_ws/install/adas_msgs/include/adas_msgs/adas_msgs/msg/detail/bounding_box2_d__traits.hpp
-- Up-to-date symlink: /home/khatvangi/adas_ws/install/adas_msgs/include/adas_msgs/adas_msgs/msg/detail/bounding_box2_d__type_support.hpp
-- Up-to-date symlink: /home/khatvangi/adas_ws/install/adas_msgs/include/adas_msgs/adas_msgs/msg/detail/bounding_box2_d_array__builder.hpp
-- Up-to-date symlink: /home/khatvangi/adas_ws/install/adas_msgs/include/adas_msgs/adas_msgs/msg/detail/bounding_box2_d_array__struct.hpp
-- Up-to-date symlink: /home/khatvangi/adas_ws/install/adas_msgs/include/adas_msgs/adas_msgs/msg/detail/bounding_box2_d_array__traits.hpp
-- Up-to-date symlink: /home/khatvangi/adas_ws/install/adas_msgs/include/adas_msgs/adas_msgs/msg/detail/bounding_box2_d_array__type_support.hpp
-- Up-to-date symlink: /home/khatvangi/adas_ws/install/adas_msgs/include/adas_msgs/adas_msgs/msg/detail/lane_data__builder.hpp
-- Up-to-date symlink: /home/khatvangi/adas_ws/install/adas_msgs/include/adas_msgs/adas_msgs/msg/detail/lane_data__struct.hpp
-- Up-to-date symlink: /home/khatvangi/adas_ws/install/adas_msgs/include/adas_msgs/adas_msgs/msg/detail/lane_data__traits.hpp
-- Up-to-date symlink: /home/khatvangi/adas_ws/install/adas_msgs/include/adas_msgs/adas_msgs/msg/detail/lane_data__type_support.hpp
-- Up-to-date symlink: /home/khatvangi/adas_ws/install/adas_msgs/include/adas_msgs/adas_msgs/msg/detail/vehicle_params__builder.hpp
-- Up-to-date symlink: /home/khatvangi/adas_ws/install/adas_msgs/include/adas_msgs/adas_msgs/msg/detail/vehicle_params__struct.hpp
-- Up-to-date symlink: /home/khatvangi/adas_ws/install/adas_msgs/include/adas_msgs/adas_msgs/msg/detail/vehicle_params__traits.hpp
-- Up-to-date symlink: /home/khatvangi/adas_ws/install/adas_msgs/include/adas_msgs/adas_msgs/msg/detail/vehicle_params__type_support.hpp
-- Up-to-date symlink: /home/khatvangi/adas_ws/install/adas_msgs/include/adas_msgs/adas_msgs/msg/lane_data.hpp
-- Up-to-date symlink: /home/khatvangi/adas_ws/install/adas_msgs/include/adas_msgs/adas_msgs/msg/rosidl_generator_cpp__visibility_control.hpp
-- Up-to-date symlink: /home/khatvangi/adas_ws/install/adas_msgs/include/adas_msgs/adas_msgs/msg/vehicle_params.hpp
-- Up-to-date symlink: /home/khatvangi/adas_ws/install/adas_msgs/include/adas_msgs/adas_msgs/msg/detail/bounding_box2_d__rosidl_typesupport_fastrtps_cpp.hpp
-- Up-to-date symlink: /home/khatvangi/adas_ws/install/adas_msgs/include/adas_msgs/adas_msgs/msg/detail/bounding_box2_d_array__rosidl_typesupport_fastrtps_cpp.hpp
-- Up-to-date symlink: /home/khatvangi/adas_ws/install/adas_msgs/include/adas_msgs/adas_msgs/msg/detail/lane_data__rosidl_typesupport_fastrtps_cpp.hpp
-- Up-to-date symlink: /home/khatvangi/adas_ws/install/adas_msgs/include/adas_msgs/adas_msgs/msg/detail/vehicle_params__rosidl_typesupport_fastrtps_cpp.hpp
-- Up-to-date symlink: /home/khatvangi/adas_ws/install/adas_msgs/include/adas_msgs/adas_msgs/msg/rosidl_typesupport_fastrtps_cpp__visibility_control.h
-- Up-to-date symlink: /home/khatvangi/adas_ws/install/adas_msgs/include/adas_msgs/adas_msgs/msg/detail/bounding_box2_d__rosidl_typesupport_introspection_cpp.hpp
-- Up-to-date symlink: /home/khatvangi/adas_ws/install/adas_msgs/include/adas_msgs/adas_msgs/msg/detail/bounding_box2_d_array__rosidl_typesupport_introspection_cpp.hpp
-- Up-to-date symlink: /home/khatvangi/adas_ws/install/adas_msgs/include/adas_msgs/adas_msgs/msg/detail/lane_data__rosidl_typesupport_introspection_cpp.hpp
-- Up-to-date symlink: /home/khatvangi/adas_ws/install/adas_msgs/include/adas_msgs/adas_msgs/msg/detail/vehicle_params__rosidl_typesupport_introspection_cpp.hpp
-- Up-to-date symlink: /home/khatvangi/adas_ws/install/adas_msgs/share/adas_msgs/environment/pythonpath.sh
-- Up-to-date symlink: /home/khatvangi/adas_ws/install/adas_msgs/share/adas_msgs/environment/pythonpath.dsv
-- Up-to-date symlink: /home/khatvangi/adas_ws/install/adas_msgs/lib/python3.12/site-packages/adas_msgs-1.0.0-py3.12.egg-info/PKG-INFO
-- Up-to-date symlink: /home/khatvangi/adas_ws/install/adas_msgs/lib/python3.12/site-packages/adas_msgs-1.0.0-py3.12.egg-info/SOURCES.txt
-- Up-to-date symlink: /home/khatvangi/adas_ws/install/adas_msgs/lib/python3.12/site-packages/adas_msgs-1.0.0-py3.12.egg-info/dependency_links.txt
-- Up-to-date symlink: /home/khatvangi/adas_ws/install/adas_msgs/lib/python3.12/site-packages/adas_msgs-1.0.0-py3.12.egg-info/top_level.txt
-- Up-to-date symlink: /home/khatvangi/adas_ws/install/adas_msgs/lib/python3.12/site-packages/adas_msgs/__init__.py
-- Up-to-date symlink: /home/khatvangi/adas_ws/install/adas_msgs/lib/python3.12/site-packages/adas_msgs/_adas_msgs_s.ep.rosidl_typesupport_c.c
-- Up-to-date symlink: /home/khatvangi/adas_ws/install/adas_msgs/lib/python3.12/site-packages/adas_msgs/_adas_msgs_s.ep.rosidl_typesupport_fastrtps_c.c
-- Up-to-date symlink: /home/khatvangi/adas_ws/install/adas_msgs/lib/python3.12/site-packages/adas_msgs/_adas_msgs_s.ep.rosidl_typesupport_introspection_c.c
-- Up-to-date symlink: /home/khatvangi/adas_ws/install/adas_msgs/lib/python3.12/site-packages/adas_msgs/adas_msgs_s__rosidl_typesupport_c.so
-- Up-to-date symlink: /home/khatvangi/adas_ws/install/adas_msgs/lib/python3.12/site-packages/adas_msgs/adas_msgs_s__rosidl_typesupport_fastrtps_c.so
-- Up-to-date symlink: /home/khatvangi/adas_ws/install/adas_msgs/lib/python3.12/site-packages/adas_msgs/adas_msgs_s__rosidl_typesupport_introspection_c.so
-- Up-to-date symlink: /home/khatvangi/adas_ws/install/adas_msgs/lib/python3.12/site-packages/adas_msgs/msg/__init__.py
-- Up-to-date symlink: /home/khatvangi/adas_ws/install/adas_msgs/lib/python3.12/site-packages/adas_msgs/msg/_bounding_box2_d.py
-- Up-to-date symlink: /home/khatvangi/adas_ws/install/adas_msgs/lib/python3.12/site-packages/adas_msgs/msg/_bounding_box2_d_array.py
-- Up-to-date symlink: /home/khatvangi/adas_ws/install/adas_msgs/lib/python3.12/site-packages/adas_msgs/msg/_bounding_box2_d_array_s.c
-- Up-to-date symlink: /home/khatvangi/adas_ws/install/adas_msgs/lib/python3.12/site-packages/adas_msgs/msg/_bounding_box2_d_s.c
-- Up-to-date symlink: /home/khatvangi/adas_ws/install/adas_msgs/lib/python3.12/site-packages/adas_msgs/msg/_lane_data.py
-- Up-to-date symlink: /home/khatvangi/adas_ws/install/adas_msgs/lib/python3.12/site-packages/adas_msgs/msg/_lane_data_s.c
-- Up-to-date symlink: /home/khatvangi/adas_ws/install/adas_msgs/lib/python3.12/site-packages/adas_msgs/msg/_vehicle_params.py
-- Up-to-date symlink: /home/khatvangi/adas_ws/install/adas_msgs/lib/python3.12/site-packages/adas_msgs/msg/_vehicle_params_s.c
-- Up-to-date symlink: /home/khatvangi/adas_ws/install/adas_msgs/lib/python3.12/site-packages/adas_msgs/adas_msgs_s__rosidl_typesupport_fastrtps_c.so
-- Up-to-date symlink: /home/khatvangi/adas_ws/install/adas_msgs/lib/python3.12/site-packages/adas_msgs/adas_msgs_s__rosidl_typesupport_introspection_c.so
-- Up-to-date symlink: /home/khatvangi/adas_ws/install/adas_msgs/lib/python3.12/site-packages/adas_msgs/adas_msgs_s__rosidl_typesupport_c.so
-- Up-to-date symlink: /home/khatvangi/adas_ws/install/adas_msgs/share/adas_msgs/msg/BoundingBox2D.idl
-- Up-to-date symlink: /home/khatvangi/adas_ws/install/adas_msgs/share/adas_msgs/msg/BoundingBox2DArray.idl
-- Up-to-date symlink: /home/khatvangi/adas_ws/install/adas_msgs/share/adas_msgs/msg/LaneData.idl
-- Up-to-date symlink: /home/khatvangi/adas_ws/install/adas_msgs/share/adas_msgs/msg/VehicleParams.idl
-- Up-to-date symlink: /home/khatvangi/adas_ws/install/adas_msgs/share/adas_msgs/msg/BoundingBox2D.msg
-- Up-to-date symlink: /home/khatvangi/adas_ws/install/adas_msgs/share/adas_msgs/msg/BoundingBox2DArray.msg
-- Up-to-date symlink: /home/khatvangi/adas_ws/install/adas_msgs/share/adas_msgs/msg/LaneData.msg
-- Up-to-date symlink: /home/khatvangi/adas_ws/install/adas_msgs/share/adas_msgs/msg/VehicleParams.msg
-- Up-to-date symlink: /home/khatvangi/adas_ws/install/adas_msgs/share/ament_index/resource_index/package_run_dependencies/adas_msgs
-- Up-to-date symlink: /home/khatvangi/adas_ws/install/adas_msgs/share/ament_index/resource_index/parent_prefix_path/adas_msgs
-- Up-to-date symlink: /home/khatvangi/adas_ws/install/adas_msgs/share/adas_msgs/environment/ament_prefix_path.sh
-- Up-to-date symlink: /home/khatvangi/adas_ws/install/adas_msgs/share/adas_msgs/environment/ament_prefix_path.dsv
-- Up-to-date symlink: /home/khatvangi/adas_ws/install/adas_msgs/share/adas_msgs/environment/path.sh
-- Up-to-date symlink: /home/khatvangi/adas_ws/install/adas_msgs/share/adas_msgs/environment/path.dsv
-- Up-to-date symlink: /home/khatvangi/adas_ws/install/adas_msgs/share/adas_msgs/local_setup.bash
-- Up-to-date symlink: /home/khatvangi/adas_ws/install/adas_msgs/share/adas_msgs/local_setup.sh
-- Up-to-date symlink: /home/khatvangi/adas_ws/install/adas_msgs/share/adas_msgs/local_setup.zsh
-- Up-to-date symlink: /home/khatvangi/adas_ws/install/adas_msgs/share/adas_msgs/local_setup.dsv
-- Symlinking: /home/khatvangi/adas_ws/install/adas_msgs/share/adas_msgs/package.dsv
-- Up-to-date symlink: /home/khatvangi/adas_ws/install/adas_msgs/share/ament_index/resource_index/packages/adas_msgs
-- Up-to-date symlink: /home/khatvangi/adas_ws/install/adas_msgs/share/adas_msgs/cmake/rosidl_cmake-extras.cmake
-- Up-to-date symlink: /home/khatvangi/adas_ws/install/adas_msgs/share/adas_msgs/cmake/ament_cmake_export_dependencies-extras.cmake
-- Up-to-date symlink: /home/khatvangi/adas_ws/install/adas_msgs/share/adas_msgs/cmake/ament_cmake_export_include_directories-extras.cmake
-- Up-to-date symlink: /home/khatvangi/adas_ws/install/adas_msgs/share/adas_msgs/cmake/ament_cmake_export_libraries-extras.cmake
-- Up-to-date symlink: /home/khatvangi/adas_ws/install/adas_msgs/share/adas_msgs/cmake/ament_cmake_export_targets-extras.cmake
-- Up-to-date symlink: /home/khatvangi/adas_ws/install/adas_msgs/share/adas_msgs/cmake/rosidl_cmake_export_typesupport_targets-extras.cmake
-- Up-to-date symlink: /home/khatvangi/adas_ws/install/adas_msgs/share/adas_msgs/cmake/rosidl_cmake_export_typesupport_libraries-extras.cmake
-- Up-to-date symlink: /home/khatvangi/adas_ws/install/adas_msgs/share/adas_msgs/cmake/adas_msgsConfig.cmake
-- Up-to-date symlink: /home/khatvangi/adas_ws/install/adas_msgs/share/adas_msgs/cmake/adas_msgsConfig-version.cmake
-- Up-to-date symlink: /home/khatvangi/adas_ws/install/adas_msgs/share/adas_msgs/package.xml
-- Up-to-date: /home/khatvangi/adas_ws/install/adas_msgs/lib/libadas_msgs__rosidl_generator_c.so
-- Up-to-date: /home/khatvangi/adas_ws/install/adas_msgs/lib/libadas_msgs__rosidl_typesupport_fastrtps_c.so
-- Up-to-date: /home/khatvangi/adas_ws/install/adas_msgs/lib/libadas_msgs__rosidl_typesupport_introspection_c.so
-- Up-to-date: /home/khatvangi/adas_ws/install/adas_msgs/lib/libadas_msgs__rosidl_typesupport_c.so
-- Up-to-date: /home/khatvangi/adas_ws/install/adas_msgs/lib/libadas_msgs__rosidl_typesupport_fastrtps_cpp.so
-- Up-to-date: /home/khatvangi/adas_ws/install/adas_msgs/lib/libadas_msgs__rosidl_typesupport_introspection_cpp.so
-- Up-to-date: /home/khatvangi/adas_ws/install/adas_msgs/lib/libadas_msgs__rosidl_typesupport_cpp.so
Listing '/home/khatvangi/adas_ws/install/adas_msgs/lib/python3.12/site-packages/adas_msgs'...
Listing '/home/khatvangi/adas_ws/install/adas_msgs/lib/python3.12/site-packages/adas_msgs/msg'...
-- Up-to-date: /home/khatvangi/adas_ws/install/adas_msgs/lib/libadas_msgs__rosidl_generator_py.so
-- Up-to-date: /home/khatvangi/adas_ws/install/adas_msgs/share/adas_msgs/cmake/export_adas_msgs__rosidl_generator_cExport.cmake
-- Up-to-date: /home/khatvangi/adas_ws/install/adas_msgs/share/adas_msgs/cmake/export_adas_msgs__rosidl_generator_cExport-noconfig.cmake
-- Up-to-date: /home/khatvangi/adas_ws/install/adas_msgs/share/adas_msgs/cmake/export_adas_msgs__rosidl_typesupport_fastrtps_cExport.cmake
-- Up-to-date: /home/khatvangi/adas_ws/install/adas_msgs/share/adas_msgs/cmake/export_adas_msgs__rosidl_typesupport_fastrtps_cExport-noconfig.cmake
-- Up-to-date: /home/khatvangi/adas_ws/install/adas_msgs/share/adas_msgs/cmake/adas_msgs__rosidl_typesupport_introspection_cExport.cmake
-- Up-to-date: /home/khatvangi/adas_ws/install/adas_msgs/share/adas_msgs/cmake/adas_msgs__rosidl_typesupport_introspection_cExport-noconfig.cmake
-- Up-to-date: /home/khatvangi/adas_ws/install/adas_msgs/share/adas_msgs/cmake/adas_msgs__rosidl_typesupport_cExport.cmake
-- Up-to-date: /home/khatvangi/adas_ws/install/adas_msgs/share/adas_msgs/cmake/adas_msgs__rosidl_typesupport_cExport-noconfig.cmake
-- Up-to-date: /home/khatvangi/adas_ws/install/adas_msgs/share/adas_msgs/cmake/export_adas_msgs__rosidl_generator_cppExport.cmake
-- Up-to-date: /home/khatvangi/adas_ws/install/adas_msgs/share/adas_msgs/cmake/export_adas_msgs__rosidl_typesupport_fastrtps_cppExport.cmake
-- Up-to-date: /home/khatvangi/adas_ws/install/adas_msgs/share/adas_msgs/cmake/export_adas_msgs__rosidl_typesupport_fastrtps_cppExport-noconfig.cmake
-- Up-to-date: /home/khatvangi/adas_ws/install/adas_msgs/share/adas_msgs/cmake/adas_msgs__rosidl_typesupport_introspection_cppExport.cmake
-- Up-to-date: /home/khatvangi/adas_ws/install/adas_msgs/share/adas_msgs/cmake/adas_msgs__rosidl_typesupport_introspection_cppExport-noconfig.cmake
-- Up-to-date: /home/khatvangi/adas_ws/install/adas_msgs/share/adas_msgs/cmake/adas_msgs__rosidl_typesupport_cppExport.cmake
-- Up-to-date: /home/khatvangi/adas_ws/install/adas_msgs/share/adas_msgs/cmake/adas_msgs__rosidl_typesupport_cppExport-noconfig.cmake
-- Up-to-date: /home/khatvangi/adas_ws/install/adas_msgs/share/adas_msgs/cmake/export_adas_msgs__rosidl_generator_pyExport.cmake
-- Up-to-date: /home/khatvangi/adas_ws/install/adas_msgs/share/adas_msgs/cmake/export_adas_msgs__rosidl_generator_pyExport-noconfig.cmake
