[0.752s] Invoking command in '/home/khatvangi/adas_ws/build/dashboard': DEBUGINFOD_URLS=https://debuginfod.ubuntu.com PYTHONPATH=/home/khatvangi/adas_ws/build/dashboard/prefix_override:/usr/lib/python3/dist-packages/colcon_core/task/python/colcon_distutils_commands:/home/khatvangi/adas_ws/install/dashboard/lib/python3.12/site-packages:${PYTHONPATH} /usr/bin/python3 -W ignore:setup.py install is deprecated -W ignore:easy_install command is deprecated setup.py develop --editable --build-directory /home/khatvangi/adas_ws/build/dashboard/build --no-deps symlink_data
[0.945s] running develop
[1.053s] running egg_info
[1.053s] creating dashboard.egg-info
[1.064s] writing dashboard.egg-info/PKG-INFO
[1.064s] writing dependency_links to dashboard.egg-info/dependency_links.txt
[1.065s] writing entry points to dashboard.egg-info/entry_points.txt
[1.065s] writing requirements to dashboard.egg-info/requires.txt
[1.065s] writing top-level names to dashboard.egg-info/top_level.txt
[1.065s] writing manifest file 'dashboard.egg-info/SOURCES.txt'
[1.087s] reading manifest file 'dashboard.egg-info/SOURCES.txt'
[1.087s] writing manifest file 'dashboard.egg-info/SOURCES.txt'
[1.100s] running build_ext
[1.100s] Creating /home/khatvangi/adas_ws/install/dashboard/lib/python3.12/site-packages/dashboard.egg-link (link to .)
[1.101s] Installing gui_node script to /home/khatvangi/adas_ws/install/dashboard/lib/dashboard
[1.101s] 
[1.101s] Installed /home/khatvangi/adas_ws/build/dashboard
[1.101s] running symlink_data
[1.101s] creating /home/khatvangi/adas_ws/install/dashboard/share/ament_index
[1.101s] creating /home/khatvangi/adas_ws/install/dashboard/share/ament_index/resource_index
[1.101s] creating /home/khatvangi/adas_ws/install/dashboard/share/ament_index/resource_index/packages
[1.101s] symbolically linking /home/khatvangi/adas_ws/build/dashboard/resource/dashboard -> /home/khatvangi/adas_ws/install/dashboard/share/ament_index/resource_index/packages
[1.101s] symbolically linking /home/khatvangi/adas_ws/build/dashboard/package.xml -> /home/khatvangi/adas_ws/install/dashboard/share/dashboard
[1.138s] Invoked command in '/home/khatvangi/adas_ws/build/dashboard' returned '0': DEBUGINFOD_URLS=https://debuginfod.ubuntu.com PYTHONPATH=/home/khatvangi/adas_ws/build/dashboard/prefix_override:/usr/lib/python3/dist-packages/colcon_core/task/python/colcon_distutils_commands:/home/khatvangi/adas_ws/install/dashboard/lib/python3.12/site-packages:${PYTHONPATH} /usr/bin/python3 -W ignore:setup.py install is deprecated -W ignore:easy_install command is deprecated setup.py develop --editable --build-directory /home/khatvangi/adas_ws/build/dashboard/build --no-deps symlink_data
