[0.008s] Invoking command in '/home/khatvangi/adas_ws/build/robot_bringup': CMAKE_PREFIX_PATH=${CMAKE_PREFIX_PATH}:/home/khatvangi/adas_ws/install/perception:/home/khatvangi/adas_ws/install/dashboard:/home/khatvangi/adas_ws/install/adas_core:/home/khatvangi/project_ws_v2/install/adas_core:/opt/ros/jazzy DEBUGINFOD_URLS=https://debuginfod.ubuntu.com /usr/bin/cmake --build /home/khatvangi/adas_ws/build/robot_bringup -- -j20 -l20
[0.041s] Invoked command in '/home/khatvangi/adas_ws/build/robot_bringup' returned '0': CMAKE_PREFIX_PATH=${CMAKE_PREFIX_PATH}:/home/khatvangi/adas_ws/install/perception:/home/khatvangi/adas_ws/install/dashboard:/home/khatvangi/adas_ws/install/adas_core:/home/khatvangi/project_ws_v2/install/adas_core:/opt/ros/jazzy DEBUGINFOD_URLS=https://debuginfod.ubuntu.com /usr/bin/cmake --build /home/khatvangi/adas_ws/build/robot_bringup -- -j20 -l20
[0.052s] Invoking command in '/home/khatvangi/adas_ws/build/robot_bringup': CMAKE_PREFIX_PATH=${CMAKE_PREFIX_PATH}:/home/khatvangi/adas_ws/install/perception:/home/khatvangi/adas_ws/install/dashboard:/home/khatvangi/adas_ws/install/adas_core:/home/khatvangi/project_ws_v2/install/adas_core:/opt/ros/jazzy DEBUGINFOD_URLS=https://debuginfod.ubuntu.com /usr/bin/cmake --install /home/khatvangi/adas_ws/build/robot_bringup
[0.061s] -- Install configuration: ""
[0.062s] -- Execute custom install script
[0.062s] -- Up-to-date symlink: /home/khatvangi/adas_ws/install/robot_bringup/share/robot_bringup//urdf/autonomous_car.urdf
[0.062s] -- Up-to-date symlink: /home/khatvangi/adas_ws/install/robot_bringup/share/robot_bringup//worlds/aeb_world.sdf
[0.062s] -- Up-to-date symlink: /home/khatvangi/adas_ws/install/robot_bringup/share/robot_bringup//launch/aeb.launch.py
[0.062s] -- Up-to-date symlink: /home/khatvangi/adas_ws/install/robot_bringup/share/ament_index/resource_index/package_run_dependencies/robot_bringup
[0.062s] -- Up-to-date symlink: /home/khatvangi/adas_ws/install/robot_bringup/share/ament_index/resource_index/parent_prefix_path/robot_bringup
[0.063s] -- Up-to-date symlink: /home/khatvangi/adas_ws/install/robot_bringup/share/robot_bringup/environment/ament_prefix_path.sh
[0.063s] -- Up-to-date symlink: /home/khatvangi/adas_ws/install/robot_bringup/share/robot_bringup/environment/ament_prefix_path.dsv
[0.063s] -- Up-to-date symlink: /home/khatvangi/adas_ws/install/robot_bringup/share/robot_bringup/environment/path.sh
[0.063s] -- Up-to-date symlink: /home/khatvangi/adas_ws/install/robot_bringup/share/robot_bringup/environment/path.dsv
[0.063s] -- Up-to-date symlink: /home/khatvangi/adas_ws/install/robot_bringup/share/robot_bringup/local_setup.bash
[0.063s] -- Up-to-date symlink: /home/khatvangi/adas_ws/install/robot_bringup/share/robot_bringup/local_setup.sh
[0.063s] -- Up-to-date symlink: /home/khatvangi/adas_ws/install/robot_bringup/share/robot_bringup/local_setup.zsh
[0.063s] -- Up-to-date symlink: /home/khatvangi/adas_ws/install/robot_bringup/share/robot_bringup/local_setup.dsv
[0.063s] -- Symlinking: /home/khatvangi/adas_ws/install/robot_bringup/share/robot_bringup/package.dsv
[0.069s] -- Up-to-date symlink: /home/khatvangi/adas_ws/install/robot_bringup/share/ament_index/resource_index/packages/robot_bringup
[0.069s] -- Up-to-date symlink: /home/khatvangi/adas_ws/install/robot_bringup/share/robot_bringup/cmake/robot_bringupConfig.cmake
[0.069s] -- Up-to-date symlink: /home/khatvangi/adas_ws/install/robot_bringup/share/robot_bringup/cmake/robot_bringupConfig-version.cmake
[0.069s] -- Up-to-date symlink: /home/khatvangi/adas_ws/install/robot_bringup/share/robot_bringup/package.xml
[0.070s] -- Up-to-date: /home/khatvangi/adas_ws/install/robot_bringup/lib/robot_bringup/spawn_ego
[0.071s] Invoked command in '/home/khatvangi/adas_ws/build/robot_bringup' returned '0': CMAKE_PREFIX_PATH=${CMAKE_PREFIX_PATH}:/home/khatvangi/adas_ws/install/perception:/home/khatvangi/adas_ws/install/dashboard:/home/khatvangi/adas_ws/install/adas_core:/home/khatvangi/project_ws_v2/install/adas_core:/opt/ros/jazzy DEBUGINFOD_URLS=https://debuginfod.ubuntu.com /usr/bin/cmake --install /home/khatvangi/adas_ws/build/robot_bringup
