-- The C compiler identification is GNU 13.3.0
-- The CXX compiler identification is GNU 13.3.0
-- Detecting C compiler ABI info
-- Detecting C compiler ABI info - done
-- Check for working C compiler: /usr/bin/cc - skipped
-- Detecting C compile features
-- Detecting C compile features - done
-- Detecting CXX compiler ABI info
-- Detecting CXX compiler ABI info - done
-- Check for working CXX compiler: /usr/bin/c++ - skipped
-- Detecting CXX compile features
-- Detecting CXX compile features - done
-- Found ament_cmake: 2.5.5 (/opt/ros/jazzy/share/ament_cmake/cmake)
-- Found Python3: /usr/bin/python3 (found version "3.12.3") found components: Interpreter 
-- Override CMake install command with custom implementation using symlinks instead of copying resources
-- Found rosidl_default_generators: 1.6.0 (/opt/ros/jazzy/share/rosidl_default_generators/cmake)
-- Using all available rosidl_typesupport_c: rosidl_typesupport_fastrtps_c;rosidl_typesupport_introspection_c
-- Using all available rosidl_typesupport_cpp: rosidl_typesupport_fastrtps_cpp;rosidl_typesupport_introspection_cpp
-- Found rosidl_adapter: 4.6.7 (/opt/ros/jazzy/share/rosidl_adapter/cmake)
-- Found std_msgs: 5.3.6 (/opt/ros/jazzy/share/std_msgs/cmake)
-- Found ament_cmake_ros: 0.12.0 (/opt/ros/jazzy/share/ament_cmake_ros/cmake)
-- Using all available rosidl_typesupport_c: rosidl_typesupport_fastrtps_c;rosidl_typesupport_introspection_c
-- Using all available rosidl_typesupport_cpp: rosidl_typesupport_fastrtps_cpp;rosidl_typesupport_introspection_cpp
-- Found python_cmake_module: 0.11.1 (/opt/ros/jazzy/share/python_cmake_module/cmake)
-- Found PythonExtra: /usr/bin/python3  
-- Found Python3: /usr/bin/python3 (found version "3.12.3") found components: Interpreter Development NumPy Development.Module Development.Embed 
-- Configuring done (4.2s)
-- Generating done (0.0s)
-- Build files have been written to: /home/khatvangi/adas_ws/build/adas_msgs
[  1%] Generating type hashes for ROS interfaces
[  1%] Built target ament_cmake_python_symlink_adas_msgs
[  1%] Built target adas_msgs__rosidl_generator_type_description
[  3%] Generating C code for ROS interfaces
[  4%] Generating C++ code for ROS interfaces
running egg_info
creating adas_msgs.egg-info
writing adas_msgs.egg-info/PKG-INFO
writing dependency_links to adas_msgs.egg-info/dependency_links.txt
writing top-level names to adas_msgs.egg-info/top_level.txt
writing manifest file 'adas_msgs.egg-info/SOURCES.txt'
reading manifest file 'adas_msgs.egg-info/SOURCES.txt'
writing manifest file 'adas_msgs.egg-info/SOURCES.txt'
[  4%] Built target ament_cmake_python_build_adas_msgs_egg
[  4%] Built target adas_msgs__cpp
[  7%] Building C object CMakeFiles/adas_msgs__rosidl_generator_c.dir/rosidl_generator_c/adas_msgs/msg/detail/bounding_box2_d_array__type_support.c.o
[  7%] Building C object CMakeFiles/adas_msgs__rosidl_generator_c.dir/rosidl_generator_c/adas_msgs/msg/detail/bounding_box2_d_array__description.c.o
[  9%] Building C object CMakeFiles/adas_msgs__rosidl_generator_c.dir/rosidl_generator_c/adas_msgs/msg/detail/bounding_box2_d_array__functions.c.o
[ 10%] Building C object CMakeFiles/adas_msgs__rosidl_generator_c.dir/rosidl_generator_c/adas_msgs/msg/detail/lane_data__type_support.c.o
[ 12%] Building C object CMakeFiles/adas_msgs__rosidl_generator_c.dir/rosidl_generator_c/adas_msgs/msg/detail/vehicle_params__functions.c.o
[ 14%] Building C object CMakeFiles/adas_msgs__rosidl_generator_c.dir/rosidl_generator_c/adas_msgs/msg/detail/bounding_box2_d__type_support.c.o
[ 15%] Building C object CMakeFiles/adas_msgs__rosidl_generator_c.dir/rosidl_generator_c/adas_msgs/msg/detail/bounding_box2_d__description.c.o
[ 17%] Building C object CMakeFiles/adas_msgs__rosidl_generator_c.dir/rosidl_generator_c/adas_msgs/msg/detail/bounding_box2_d__functions.c.o
[ 18%] Building C object CMakeFiles/adas_msgs__rosidl_generator_c.dir/rosidl_generator_c/adas_msgs/msg/detail/lane_data__description.c.o
[ 20%] Building C object CMakeFiles/adas_msgs__rosidl_generator_c.dir/rosidl_generator_c/adas_msgs/msg/detail/lane_data__functions.c.o
[ 21%] Building C object CMakeFiles/adas_msgs__rosidl_generator_c.dir/rosidl_generator_c/adas_msgs/msg/detail/vehicle_params__description.c.o
[ 23%] Building C object CMakeFiles/adas_msgs__rosidl_generator_c.dir/rosidl_generator_c/adas_msgs/msg/detail/vehicle_params__type_support.c.o
[ 25%] Linking C shared library libadas_msgs__rosidl_generator_c.so
[ 25%] Built target adas_msgs__rosidl_generator_c
[ 26%] Generating C++ type support for eProsima Fast-RTPS
[ 28%] Generating C++ introspection for ROS interfaces
[ 29%] Generating C type support for eProsima Fast-RTPS
[ 31%] Generating C++ type support dispatch for ROS interfaces
[ 32%] Generating C type support dispatch for ROS interfaces
[ 34%] Generating C introspection for ROS interfaces
[ 35%] Building CXX object CMakeFiles/adas_msgs__rosidl_typesupport_c.dir/rosidl_typesupport_c/adas_msgs/msg/bounding_box2_d_array__type_support.cpp.o
[ 37%] Building CXX object CMakeFiles/adas_msgs__rosidl_typesupport_c.dir/rosidl_typesupport_c/adas_msgs/msg/bounding_box2_d__type_support.cpp.o
[ 39%] Building CXX object CMakeFiles/adas_msgs__rosidl_typesupport_c.dir/rosidl_typesupport_c/adas_msgs/msg/lane_data__type_support.cpp.o
[ 40%] Building CXX object CMakeFiles/adas_msgs__rosidl_typesupport_c.dir/rosidl_typesupport_c/adas_msgs/msg/vehicle_params__type_support.cpp.o
[ 42%] Building CXX object CMakeFiles/adas_msgs__rosidl_typesupport_cpp.dir/rosidl_typesupport_cpp/adas_msgs/msg/lane_data__type_support.cpp.o
[ 43%] Building CXX object CMakeFiles/adas_msgs__rosidl_typesupport_cpp.dir/rosidl_typesupport_cpp/adas_msgs/msg/vehicle_params__type_support.cpp.o
[ 45%] Building CXX object CMakeFiles/adas_msgs__rosidl_typesupport_cpp.dir/rosidl_typesupport_cpp/adas_msgs/msg/bounding_box2_d_array__type_support.cpp.o
[ 46%] Building CXX object CMakeFiles/adas_msgs__rosidl_typesupport_cpp.dir/rosidl_typesupport_cpp/adas_msgs/msg/bounding_box2_d__type_support.cpp.o
[ 48%] Building CXX object CMakeFiles/adas_msgs__rosidl_typesupport_introspection_cpp.dir/rosidl_typesupport_introspection_cpp/adas_msgs/msg/detail/lane_data__type_support.cpp.o
[ 50%] Building CXX object CMakeFiles/adas_msgs__rosidl_typesupport_introspection_cpp.dir/rosidl_typesupport_introspection_cpp/adas_msgs/msg/detail/vehicle_params__type_support.cpp.o
[ 51%] Building CXX object CMakeFiles/adas_msgs__rosidl_typesupport_introspection_cpp.dir/rosidl_typesupport_introspection_cpp/adas_msgs/msg/detail/bounding_box2_d_array__type_support.cpp.o
[ 53%] Building CXX object CMakeFiles/adas_msgs__rosidl_typesupport_introspection_cpp.dir/rosidl_typesupport_introspection_cpp/adas_msgs/msg/detail/bounding_box2_d__type_support.cpp.o
[ 54%] Linking CXX shared library libadas_msgs__rosidl_typesupport_c.so
[ 56%] Building CXX object CMakeFiles/adas_msgs__rosidl_typesupport_fastrtps_cpp.dir/rosidl_typesupport_fastrtps_cpp/adas_msgs/msg/detail/dds_fastrtps/bounding_box2_d__type_support.cpp.o
[ 57%] Building CXX object CMakeFiles/adas_msgs__rosidl_typesupport_fastrtps_cpp.dir/rosidl_typesupport_fastrtps_cpp/adas_msgs/msg/detail/dds_fastrtps/vehicle_params__type_support.cpp.o
[ 59%] Building CXX object CMakeFiles/adas_msgs__rosidl_typesupport_fastrtps_cpp.dir/rosidl_typesupport_fastrtps_cpp/adas_msgs/msg/detail/dds_fastrtps/bounding_box2_d_array__type_support.cpp.o
[ 60%] Building CXX object CMakeFiles/adas_msgs__rosidl_typesupport_fastrtps_cpp.dir/rosidl_typesupport_fastrtps_cpp/adas_msgs/msg/detail/dds_fastrtps/lane_data__type_support.cpp.o
[ 62%] Building CXX object CMakeFiles/adas_msgs__rosidl_typesupport_fastrtps_c.dir/rosidl_typesupport_fastrtps_c/adas_msgs/msg/detail/bounding_box2_d_array__type_support_c.cpp.o
[ 64%] Building CXX object CMakeFiles/adas_msgs__rosidl_typesupport_fastrtps_c.dir/rosidl_typesupport_fastrtps_c/adas_msgs/msg/detail/bounding_box2_d__type_support_c.cpp.o
[ 65%] Building CXX object CMakeFiles/adas_msgs__rosidl_typesupport_fastrtps_c.dir/rosidl_typesupport_fastrtps_c/adas_msgs/msg/detail/lane_data__type_support_c.cpp.o
[ 67%] Building CXX object CMakeFiles/adas_msgs__rosidl_typesupport_fastrtps_c.dir/rosidl_typesupport_fastrtps_c/adas_msgs/msg/detail/vehicle_params__type_support_c.cpp.o
[ 67%] Built target adas_msgs__rosidl_typesupport_c
[ 68%] Building C object CMakeFiles/adas_msgs__rosidl_typesupport_introspection_c.dir/rosidl_typesupport_introspection_c/adas_msgs/msg/detail/bounding_box2_d__type_support.c.o
[ 70%] Building C object CMakeFiles/adas_msgs__rosidl_typesupport_introspection_c.dir/rosidl_typesupport_introspection_c/adas_msgs/msg/detail/bounding_box2_d_array__type_support.c.o
[ 71%] Building C object CMakeFiles/adas_msgs__rosidl_typesupport_introspection_c.dir/rosidl_typesupport_introspection_c/adas_msgs/msg/detail/vehicle_params__type_support.c.o
[ 73%] Building C object CMakeFiles/adas_msgs__rosidl_typesupport_introspection_c.dir/rosidl_typesupport_introspection_c/adas_msgs/msg/detail/lane_data__type_support.c.o
[ 75%] Linking C shared library libadas_msgs__rosidl_typesupport_introspection_c.so
[ 75%] Built target adas_msgs__rosidl_typesupport_introspection_c
[ 76%] Linking CXX shared library libadas_msgs__rosidl_typesupport_cpp.so
[ 76%] Built target adas_msgs__rosidl_typesupport_cpp
[ 78%] Linking CXX shared library libadas_msgs__rosidl_typesupport_introspection_cpp.so
[ 78%] Built target adas_msgs__rosidl_typesupport_introspection_cpp
[ 79%] Linking CXX shared library libadas_msgs__rosidl_typesupport_fastrtps_cpp.so
[ 81%] Linking CXX shared library libadas_msgs__rosidl_typesupport_fastrtps_c.so
[ 81%] Built target adas_msgs__rosidl_typesupport_fastrtps_cpp
[ 81%] Built target adas_msgs__rosidl_typesupport_fastrtps_c
[ 81%] Built target adas_msgs
[ 82%] Generating Python code for ROS interfaces
[ 82%] Built target adas_msgs__py
[ 84%] Building C object CMakeFiles/adas_msgs__rosidl_generator_py.dir/rosidl_generator_py/adas_msgs/msg/_bounding_box2_d_array_s.c.o
[ 87%] Building C object CMakeFiles/adas_msgs__rosidl_generator_py.dir/rosidl_generator_py/adas_msgs/msg/_vehicle_params_s.c.o
[ 85%] Building C object CMakeFiles/adas_msgs__rosidl_generator_py.dir/rosidl_generator_py/adas_msgs/msg/_bounding_box2_d_s.c.o
[ 89%] Building C object CMakeFiles/adas_msgs__rosidl_generator_py.dir/rosidl_generator_py/adas_msgs/msg/_lane_data_s.c.o
[ 90%] Linking C shared library libadas_msgs__rosidl_generator_py.so
[ 90%] Built target adas_msgs__rosidl_generator_py
[ 92%] Building C object CMakeFiles/adas_msgs_s__rosidl_typesupport_fastrtps_c.dir/rosidl_generator_py/adas_msgs/_adas_msgs_s.ep.rosidl_typesupport_fastrtps_c.c.o
[ 93%] Building C object CMakeFiles/adas_msgs_s__rosidl_typesupport_introspection_c.dir/rosidl_generator_py/adas_msgs/_adas_msgs_s.ep.rosidl_typesupport_introspection_c.c.o
[ 95%] Building C object CMakeFiles/adas_msgs_s__rosidl_typesupport_c.dir/rosidl_generator_py/adas_msgs/_adas_msgs_s.ep.rosidl_typesupport_c.c.o
[ 96%] Linking C shared module rosidl_generator_py/adas_msgs/adas_msgs_s__rosidl_typesupport_introspection_c.so
[ 98%] Linking C shared module rosidl_generator_py/adas_msgs/adas_msgs_s__rosidl_typesupport_c.so
[100%] Linking C shared module rosidl_generator_py/adas_msgs/adas_msgs_s__rosidl_typesupport_fastrtps_c.so
[100%] Built target adas_msgs_s__rosidl_typesupport_introspection_c
[100%] Built target adas_msgs_s__rosidl_typesupport_c
[100%] Built target adas_msgs_s__rosidl_typesupport_fastrtps_c
-- Install configuration: ""
-- Execute custom install script
-- Symlinking: /home/khatvangi/adas_ws/install/adas_msgs/share/ament_index/resource_index/rosidl_interfaces/adas_msgs
-- Symlinking: /home/khatvangi/adas_ws/install/adas_msgs/share/adas_msgs/msg/BoundingBox2D.json
-- Symlinking: /home/khatvangi/adas_ws/install/adas_msgs/share/adas_msgs/msg/BoundingBox2DArray.json
-- Symlinking: /home/khatvangi/adas_ws/install/adas_msgs/share/adas_msgs/msg/LaneData.json
-- Symlinking: /home/khatvangi/adas_ws/install/adas_msgs/share/adas_msgs/msg/VehicleParams.json
-- Symlinking: /home/khatvangi/adas_ws/install/adas_msgs/include/adas_msgs/adas_msgs/msg/bounding_box2_d.h
-- Symlinking: /home/khatvangi/adas_ws/install/adas_msgs/include/adas_msgs/adas_msgs/msg/bounding_box2_d_array.h
-- Symlinking: /home/khatvangi/adas_ws/install/adas_msgs/include/adas_msgs/adas_msgs/msg/detail/bounding_box2_d__functions.h
-- Symlinking: /home/khatvangi/adas_ws/install/adas_msgs/include/adas_msgs/adas_msgs/msg/detail/bounding_box2_d__struct.h
-- Symlinking: /home/khatvangi/adas_ws/install/adas_msgs/include/adas_msgs/adas_msgs/msg/detail/bounding_box2_d__type_support.h
-- Symlinking: /home/khatvangi/adas_ws/install/adas_msgs/include/adas_msgs/adas_msgs/msg/detail/bounding_box2_d_array__functions.h
-- Symlinking: /home/khatvangi/adas_ws/install/adas_msgs/include/adas_msgs/adas_msgs/msg/detail/bounding_box2_d_array__struct.h
-- Symlinking: /home/khatvangi/adas_ws/install/adas_msgs/include/adas_msgs/adas_msgs/msg/detail/bounding_box2_d_array__type_support.h
-- Symlinking: /home/khatvangi/adas_ws/install/adas_msgs/include/adas_msgs/adas_msgs/msg/detail/lane_data__functions.h
-- Symlinking: /home/khatvangi/adas_ws/install/adas_msgs/include/adas_msgs/adas_msgs/msg/detail/lane_data__struct.h
-- Symlinking: /home/khatvangi/adas_ws/install/adas_msgs/include/adas_msgs/adas_msgs/msg/detail/lane_data__type_support.h
-- Symlinking: /home/khatvangi/adas_ws/install/adas_msgs/include/adas_msgs/adas_msgs/msg/detail/vehicle_params__functions.h
-- Symlinking: /home/khatvangi/adas_ws/install/adas_msgs/include/adas_msgs/adas_msgs/msg/detail/vehicle_params__struct.h
-- Symlinking: /home/khatvangi/adas_ws/install/adas_msgs/include/adas_msgs/adas_msgs/msg/detail/vehicle_params__type_support.h
-- Symlinking: /home/khatvangi/adas_ws/install/adas_msgs/include/adas_msgs/adas_msgs/msg/lane_data.h
-- Symlinking: /home/khatvangi/adas_ws/install/adas_msgs/include/adas_msgs/adas_msgs/msg/rosidl_generator_c__visibility_control.h
-- Symlinking: /home/khatvangi/adas_ws/install/adas_msgs/include/adas_msgs/adas_msgs/msg/vehicle_params.h
-- Symlinking: /home/khatvangi/adas_ws/install/adas_msgs/share/adas_msgs/environment/library_path.sh
-- Symlinking: /home/khatvangi/adas_ws/install/adas_msgs/share/adas_msgs/environment/library_path.dsv
-- Symlinking: /home/khatvangi/adas_ws/install/adas_msgs/include/adas_msgs/adas_msgs/msg/detail/bounding_box2_d__rosidl_typesupport_fastrtps_c.h
-- Symlinking: /home/khatvangi/adas_ws/install/adas_msgs/include/adas_msgs/adas_msgs/msg/detail/bounding_box2_d_array__rosidl_typesupport_fastrtps_c.h
-- Symlinking: /home/khatvangi/adas_ws/install/adas_msgs/include/adas_msgs/adas_msgs/msg/detail/lane_data__rosidl_typesupport_fastrtps_c.h
-- Symlinking: /home/khatvangi/adas_ws/install/adas_msgs/include/adas_msgs/adas_msgs/msg/detail/vehicle_params__rosidl_typesupport_fastrtps_c.h
-- Symlinking: /home/khatvangi/adas_ws/install/adas_msgs/include/adas_msgs/adas_msgs/msg/rosidl_typesupport_fastrtps_c__visibility_control.h
-- Symlinking: /home/khatvangi/adas_ws/install/adas_msgs/include/adas_msgs/adas_msgs/msg/detail/bounding_box2_d__rosidl_typesupport_introspection_c.h
-- Symlinking: /home/khatvangi/adas_ws/install/adas_msgs/include/adas_msgs/adas_msgs/msg/detail/bounding_box2_d_array__rosidl_typesupport_introspection_c.h
-- Symlinking: /home/khatvangi/adas_ws/install/adas_msgs/include/adas_msgs/adas_msgs/msg/detail/lane_data__rosidl_typesupport_introspection_c.h
-- Symlinking: /home/khatvangi/adas_ws/install/adas_msgs/include/adas_msgs/adas_msgs/msg/detail/vehicle_params__rosidl_typesupport_introspection_c.h
-- Symlinking: /home/khatvangi/adas_ws/install/adas_msgs/include/adas_msgs/adas_msgs/msg/rosidl_typesupport_introspection_c__visibility_control.h
-- Symlinking: /home/khatvangi/adas_ws/install/adas_msgs/include/adas_msgs/adas_msgs/msg/bounding_box2_d.hpp
-- Symlinking: /home/khatvangi/adas_ws/install/adas_msgs/include/adas_msgs/adas_msgs/msg/bounding_box2_d_array.hpp
-- Symlinking: /home/khatvangi/adas_ws/install/adas_msgs/include/adas_msgs/adas_msgs/msg/detail/bounding_box2_d__builder.hpp
-- Symlinking: /home/khatvangi/adas_ws/install/adas_msgs/include/adas_msgs/adas_msgs/msg/detail/bounding_box2_d__struct.hpp
-- Symlinking: /home/khatvangi/adas_ws/install/adas_msgs/include/adas_msgs/adas_msgs/msg/detail/bounding_box2_d__traits.hpp
-- Symlinking: /home/khatvangi/adas_ws/install/adas_msgs/include/adas_msgs/adas_msgs/msg/detail/bounding_box2_d__type_support.hpp
-- Symlinking: /home/khatvangi/adas_ws/install/adas_msgs/include/adas_msgs/adas_msgs/msg/detail/bounding_box2_d_array__builder.hpp
-- Symlinking: /home/khatvangi/adas_ws/install/adas_msgs/include/adas_msgs/adas_msgs/msg/detail/bounding_box2_d_array__struct.hpp
-- Symlinking: /home/khatvangi/adas_ws/install/adas_msgs/include/adas_msgs/adas_msgs/msg/detail/bounding_box2_d_array__traits.hpp
-- Symlinking: /home/khatvangi/adas_ws/install/adas_msgs/include/adas_msgs/adas_msgs/msg/detail/bounding_box2_d_array__type_support.hpp
-- Symlinking: /home/khatvangi/adas_ws/install/adas_msgs/include/adas_msgs/adas_msgs/msg/detail/lane_data__builder.hpp
-- Symlinking: /home/khatvangi/adas_ws/install/adas_msgs/include/adas_msgs/adas_msgs/msg/detail/lane_data__struct.hpp
-- Symlinking: /home/khatvangi/adas_ws/install/adas_msgs/include/adas_msgs/adas_msgs/msg/detail/lane_data__traits.hpp
-- Symlinking: /home/khatvangi/adas_ws/install/adas_msgs/include/adas_msgs/adas_msgs/msg/detail/lane_data__type_support.hpp
-- Symlinking: /home/khatvangi/adas_ws/install/adas_msgs/include/adas_msgs/adas_msgs/msg/detail/vehicle_params__builder.hpp
-- Symlinking: /home/khatvangi/adas_ws/install/adas_msgs/include/adas_msgs/adas_msgs/msg/detail/vehicle_params__struct.hpp
-- Symlinking: /home/khatvangi/adas_ws/install/adas_msgs/include/adas_msgs/adas_msgs/msg/detail/vehicle_params__traits.hpp
-- Symlinking: /home/khatvangi/adas_ws/install/adas_msgs/include/adas_msgs/adas_msgs/msg/detail/vehicle_params__type_support.hpp
-- Symlinking: /home/khatvangi/adas_ws/install/adas_msgs/include/adas_msgs/adas_msgs/msg/lane_data.hpp
-- Symlinking: /home/khatvangi/adas_ws/install/adas_msgs/include/adas_msgs/adas_msgs/msg/rosidl_generator_cpp__visibility_control.hpp
-- Symlinking: /home/khatvangi/adas_ws/install/adas_msgs/include/adas_msgs/adas_msgs/msg/vehicle_params.hpp
-- Symlinking: /home/khatvangi/adas_ws/install/adas_msgs/include/adas_msgs/adas_msgs/msg/detail/bounding_box2_d__rosidl_typesupport_fastrtps_cpp.hpp
-- Symlinking: /home/khatvangi/adas_ws/install/adas_msgs/include/adas_msgs/adas_msgs/msg/detail/bounding_box2_d_array__rosidl_typesupport_fastrtps_cpp.hpp
-- Symlinking: /home/khatvangi/adas_ws/install/adas_msgs/include/adas_msgs/adas_msgs/msg/detail/lane_data__rosidl_typesupport_fastrtps_cpp.hpp
-- Symlinking: /home/khatvangi/adas_ws/install/adas_msgs/include/adas_msgs/adas_msgs/msg/detail/vehicle_params__rosidl_typesupport_fastrtps_cpp.hpp
-- Symlinking: /home/khatvangi/adas_ws/install/adas_msgs/include/adas_msgs/adas_msgs/msg/rosidl_typesupport_fastrtps_cpp__visibility_control.h
-- Symlinking: /home/khatvangi/adas_ws/install/adas_msgs/include/adas_msgs/adas_msgs/msg/detail/bounding_box2_d__rosidl_typesupport_introspection_cpp.hpp
-- Symlinking: /home/khatvangi/adas_ws/install/adas_msgs/include/adas_msgs/adas_msgs/msg/detail/bounding_box2_d_array__rosidl_typesupport_introspection_cpp.hpp
-- Symlinking: /home/khatvangi/adas_ws/install/adas_msgs/include/adas_msgs/adas_msgs/msg/detail/lane_data__rosidl_typesupport_introspection_cpp.hpp
-- Symlinking: /home/khatvangi/adas_ws/install/adas_msgs/include/adas_msgs/adas_msgs/msg/detail/vehicle_params__rosidl_typesupport_introspection_cpp.hpp
-- Symlinking: /home/khatvangi/adas_ws/install/adas_msgs/share/adas_msgs/environment/pythonpath.sh
-- Symlinking: /home/khatvangi/adas_ws/install/adas_msgs/share/adas_msgs/environment/pythonpath.dsv
-- Symlinking: /home/khatvangi/adas_ws/install/adas_msgs/lib/python3.12/site-packages/adas_msgs-1.0.0-py3.12.egg-info/PKG-INFO
-- Symlinking: /home/khatvangi/adas_ws/install/adas_msgs/lib/python3.12/site-packages/adas_msgs-1.0.0-py3.12.egg-info/SOURCES.txt
-- Symlinking: /home/khatvangi/adas_ws/install/adas_msgs/lib/python3.12/site-packages/adas_msgs-1.0.0-py3.12.egg-info/dependency_links.txt
-- Symlinking: /home/khatvangi/adas_ws/install/adas_msgs/lib/python3.12/site-packages/adas_msgs-1.0.0-py3.12.egg-info/top_level.txt
-- Symlinking: /home/khatvangi/adas_ws/install/adas_msgs/lib/python3.12/site-packages/adas_msgs/__init__.py
-- Symlinking: /home/khatvangi/adas_ws/install/adas_msgs/lib/python3.12/site-packages/adas_msgs/_adas_msgs_s.ep.rosidl_typesupport_c.c
-- Symlinking: /home/khatvangi/adas_ws/install/adas_msgs/lib/python3.12/site-packages/adas_msgs/_adas_msgs_s.ep.rosidl_typesupport_fastrtps_c.c
-- Symlinking: /home/khatvangi/adas_ws/install/adas_msgs/lib/python3.12/site-packages/adas_msgs/_adas_msgs_s.ep.rosidl_typesupport_introspection_c.c
-- Symlinking: /home/khatvangi/adas_ws/install/adas_msgs/lib/python3.12/site-packages/adas_msgs/adas_msgs_s__rosidl_typesupport_c.so
-- Symlinking: /home/khatvangi/adas_ws/install/adas_msgs/lib/python3.12/site-packages/adas_msgs/adas_msgs_s__rosidl_typesupport_fastrtps_c.so
-- Symlinking: /home/khatvangi/adas_ws/install/adas_msgs/lib/python3.12/site-packages/adas_msgs/adas_msgs_s__rosidl_typesupport_introspection_c.so
-- Symlinking: /home/khatvangi/adas_ws/install/adas_msgs/lib/python3.12/site-packages/adas_msgs/msg/__init__.py
-- Symlinking: /home/khatvangi/adas_ws/install/adas_msgs/lib/python3.12/site-packages/adas_msgs/msg/_bounding_box2_d.py
-- Symlinking: /home/khatvangi/adas_ws/install/adas_msgs/lib/python3.12/site-packages/adas_msgs/msg/_bounding_box2_d_array.py
-- Symlinking: /home/khatvangi/adas_ws/install/adas_msgs/lib/python3.12/site-packages/adas_msgs/msg/_bounding_box2_d_array_s.c
-- Symlinking: /home/khatvangi/adas_ws/install/adas_msgs/lib/python3.12/site-packages/adas_msgs/msg/_bounding_box2_d_s.c
-- Symlinking: /home/khatvangi/adas_ws/install/adas_msgs/lib/python3.12/site-packages/adas_msgs/msg/_lane_data.py
-- Symlinking: /home/khatvangi/adas_ws/install/adas_msgs/lib/python3.12/site-packages/adas_msgs/msg/_lane_data_s.c
-- Symlinking: /home/khatvangi/adas_ws/install/adas_msgs/lib/python3.12/site-packages/adas_msgs/msg/_vehicle_params.py
-- Symlinking: /home/khatvangi/adas_ws/install/adas_msgs/lib/python3.12/site-packages/adas_msgs/msg/_vehicle_params_s.c
-- Up-to-date symlink: /home/khatvangi/adas_ws/install/adas_msgs/lib/python3.12/site-packages/adas_msgs/adas_msgs_s__rosidl_typesupport_fastrtps_c.so
-- Up-to-date symlink: /home/khatvangi/adas_ws/install/adas_msgs/lib/python3.12/site-packages/adas_msgs/adas_msgs_s__rosidl_typesupport_introspection_c.so
-- Up-to-date symlink: /home/khatvangi/adas_ws/install/adas_msgs/lib/python3.12/site-packages/adas_msgs/adas_msgs_s__rosidl_typesupport_c.so
-- Symlinking: /home/khatvangi/adas_ws/install/adas_msgs/share/adas_msgs/msg/BoundingBox2D.idl
-- Symlinking: /home/khatvangi/adas_ws/install/adas_msgs/share/adas_msgs/msg/BoundingBox2DArray.idl
-- Symlinking: /home/khatvangi/adas_ws/install/adas_msgs/share/adas_msgs/msg/LaneData.idl
-- Symlinking: /home/khatvangi/adas_ws/install/adas_msgs/share/adas_msgs/msg/VehicleParams.idl
-- Symlinking: /home/khatvangi/adas_ws/install/adas_msgs/share/adas_msgs/msg/BoundingBox2D.msg
-- Symlinking: /home/khatvangi/adas_ws/install/adas_msgs/share/adas_msgs/msg/BoundingBox2DArray.msg
-- Symlinking: /home/khatvangi/adas_ws/install/adas_msgs/share/adas_msgs/msg/LaneData.msg
-- Symlinking: /home/khatvangi/adas_ws/install/adas_msgs/share/adas_msgs/msg/VehicleParams.msg
-- Symlinking: /home/khatvangi/adas_ws/install/adas_msgs/share/ament_index/resource_index/package_run_dependencies/adas_msgs
-- Symlinking: /home/khatvangi/adas_ws/install/adas_msgs/share/ament_index/resource_index/parent_prefix_path/adas_msgs
-- Symlinking: /home/khatvangi/adas_ws/install/adas_msgs/share/adas_msgs/environment/ament_prefix_path.sh
-- Symlinking: /home/khatvangi/adas_ws/install/adas_msgs/share/adas_msgs/environment/ament_prefix_path.dsv
-- Symlinking: /home/khatvangi/adas_ws/install/adas_msgs/share/adas_msgs/environment/path.sh
-- Symlinking: /home/khatvangi/adas_ws/install/adas_msgs/share/adas_msgs/environment/path.dsv
-- Symlinking: /home/khatvangi/adas_ws/install/adas_msgs/share/adas_msgs/local_setup.bash
-- Symlinking: /home/khatvangi/adas_ws/install/adas_msgs/share/adas_msgs/local_setup.sh
-- Symlinking: /home/khatvangi/adas_ws/install/adas_msgs/share/adas_msgs/local_setup.zsh
-- Symlinking: /home/khatvangi/adas_ws/install/adas_msgs/share/adas_msgs/local_setup.dsv
-- Symlinking: /home/khatvangi/adas_ws/install/adas_msgs/share/adas_msgs/package.dsv
-- Symlinking: /home/khatvangi/adas_ws/install/adas_msgs/share/ament_index/resource_index/packages/adas_msgs
-- Symlinking: /home/khatvangi/adas_ws/install/adas_msgs/share/adas_msgs/cmake/rosidl_cmake-extras.cmake
-- Symlinking: /home/khatvangi/adas_ws/install/adas_msgs/share/adas_msgs/cmake/ament_cmake_export_dependencies-extras.cmake
-- Symlinking: /home/khatvangi/adas_ws/install/adas_msgs/share/adas_msgs/cmake/ament_cmake_export_include_directories-extras.cmake
-- Symlinking: /home/khatvangi/adas_ws/install/adas_msgs/share/adas_msgs/cmake/ament_cmake_export_libraries-extras.cmake
-- Symlinking: /home/khatvangi/adas_ws/install/adas_msgs/share/adas_msgs/cmake/ament_cmake_export_targets-extras.cmake
-- Symlinking: /home/khatvangi/adas_ws/install/adas_msgs/share/adas_msgs/cmake/rosidl_cmake_export_typesupport_targets-extras.cmake
-- Symlinking: /home/khatvangi/adas_ws/install/adas_msgs/share/adas_msgs/cmake/rosidl_cmake_export_typesupport_libraries-extras.cmake
-- Symlinking: /home/khatvangi/adas_ws/install/adas_msgs/share/adas_msgs/cmake/adas_msgsConfig.cmake
-- Symlinking: /home/khatvangi/adas_ws/install/adas_msgs/share/adas_msgs/cmake/adas_msgsConfig-version.cmake
-- Symlinking: /home/khatvangi/adas_ws/install/adas_msgs/share/adas_msgs/package.xml
-- Installing: /home/khatvangi/adas_ws/install/adas_msgs/lib/libadas_msgs__rosidl_generator_c.so
-- Set non-toolchain portion of runtime path of "/home/khatvangi/adas_ws/install/adas_msgs/lib/libadas_msgs__rosidl_generator_c.so" to ""
-- Installing: /home/khatvangi/adas_ws/install/adas_msgs/lib/libadas_msgs__rosidl_typesupport_fastrtps_c.so
-- Set non-toolchain portion of runtime path of "/home/khatvangi/adas_ws/install/adas_msgs/lib/libadas_msgs__rosidl_typesupport_fastrtps_c.so" to ""
-- Installing: /home/khatvangi/adas_ws/install/adas_msgs/lib/libadas_msgs__rosidl_typesupport_introspection_c.so
-- Set non-toolchain portion of runtime path of "/home/khatvangi/adas_ws/install/adas_msgs/lib/libadas_msgs__rosidl_typesupport_introspection_c.so" to ""
-- Installing: /home/khatvangi/adas_ws/install/adas_msgs/lib/libadas_msgs__rosidl_typesupport_c.so
-- Set non-toolchain portion of runtime path of "/home/khatvangi/adas_ws/install/adas_msgs/lib/libadas_msgs__rosidl_typesupport_c.so" to ""
-- Installing: /home/khatvangi/adas_ws/install/adas_msgs/lib/libadas_msgs__rosidl_typesupport_fastrtps_cpp.so
-- Set non-toolchain portion of runtime path of "/home/khatvangi/adas_ws/install/adas_msgs/lib/libadas_msgs__rosidl_typesupport_fastrtps_cpp.so" to ""
-- Installing: /home/khatvangi/adas_ws/install/adas_msgs/lib/libadas_msgs__rosidl_typesupport_introspection_cpp.so
-- Set non-toolchain portion of runtime path of "/home/khatvangi/adas_ws/install/adas_msgs/lib/libadas_msgs__rosidl_typesupport_introspection_cpp.so" to ""
-- Installing: /home/khatvangi/adas_ws/install/adas_msgs/lib/libadas_msgs__rosidl_typesupport_cpp.so
-- Set non-toolchain portion of runtime path of "/home/khatvangi/adas_ws/install/adas_msgs/lib/libadas_msgs__rosidl_typesupport_cpp.so" to ""
Listing '/home/khatvangi/adas_ws/install/adas_msgs/lib/python3.12/site-packages/adas_msgs'...
Compiling '/home/khatvangi/adas_ws/install/adas_msgs/lib/python3.12/site-packages/adas_msgs/__init__.py'...
Listing '/home/khatvangi/adas_ws/install/adas_msgs/lib/python3.12/site-packages/adas_msgs/msg'...
Compiling '/home/khatvangi/adas_ws/install/adas_msgs/lib/python3.12/site-packages/adas_msgs/msg/__init__.py'...
Compiling '/home/khatvangi/adas_ws/install/adas_msgs/lib/python3.12/site-packages/adas_msgs/msg/_bounding_box2_d.py'...
Compiling '/home/khatvangi/adas_ws/install/adas_msgs/lib/python3.12/site-packages/adas_msgs/msg/_bounding_box2_d_array.py'...
Compiling '/home/khatvangi/adas_ws/install/adas_msgs/lib/python3.12/site-packages/adas_msgs/msg/_lane_data.py'...
Compiling '/home/khatvangi/adas_ws/install/adas_msgs/lib/python3.12/site-packages/adas_msgs/msg/_vehicle_params.py'...
-- Installing: /home/khatvangi/adas_ws/install/adas_msgs/lib/libadas_msgs__rosidl_generator_py.so
-- Set non-toolchain portion of runtime path of "/home/khatvangi/adas_ws/install/adas_msgs/lib/libadas_msgs__rosidl_generator_py.so" to ""
-- Installing: /home/khatvangi/adas_ws/install/adas_msgs/share/adas_msgs/cmake/export_adas_msgs__rosidl_generator_cExport.cmake
-- Installing: /home/khatvangi/adas_ws/install/adas_msgs/share/adas_msgs/cmake/export_adas_msgs__rosidl_generator_cExport-noconfig.cmake
-- Installing: /home/khatvangi/adas_ws/install/adas_msgs/share/adas_msgs/cmake/export_adas_msgs__rosidl_typesupport_fastrtps_cExport.cmake
-- Installing: /home/khatvangi/adas_ws/install/adas_msgs/share/adas_msgs/cmake/export_adas_msgs__rosidl_typesupport_fastrtps_cExport-noconfig.cmake
-- Installing: /home/khatvangi/adas_ws/install/adas_msgs/share/adas_msgs/cmake/adas_msgs__rosidl_typesupport_introspection_cExport.cmake
-- Installing: /home/khatvangi/adas_ws/install/adas_msgs/share/adas_msgs/cmake/adas_msgs__rosidl_typesupport_introspection_cExport-noconfig.cmake
-- Installing: /home/khatvangi/adas_ws/install/adas_msgs/share/adas_msgs/cmake/adas_msgs__rosidl_typesupport_cExport.cmake
-- Installing: /home/khatvangi/adas_ws/install/adas_msgs/share/adas_msgs/cmake/adas_msgs__rosidl_typesupport_cExport-noconfig.cmake
-- Installing: /home/khatvangi/adas_ws/install/adas_msgs/share/adas_msgs/cmake/export_adas_msgs__rosidl_generator_cppExport.cmake
-- Installing: /home/khatvangi/adas_ws/install/adas_msgs/share/adas_msgs/cmake/export_adas_msgs__rosidl_typesupport_fastrtps_cppExport.cmake
-- Installing: /home/khatvangi/adas_ws/install/adas_msgs/share/adas_msgs/cmake/export_adas_msgs__rosidl_typesupport_fastrtps_cppExport-noconfig.cmake
-- Installing: /home/khatvangi/adas_ws/install/adas_msgs/share/adas_msgs/cmake/adas_msgs__rosidl_typesupport_introspection_cppExport.cmake
-- Installing: /home/khatvangi/adas_ws/install/adas_msgs/share/adas_msgs/cmake/adas_msgs__rosidl_typesupport_introspection_cppExport-noconfig.cmake
-- Installing: /home/khatvangi/adas_ws/install/adas_msgs/share/adas_msgs/cmake/adas_msgs__rosidl_typesupport_cppExport.cmake
-- Installing: /home/khatvangi/adas_ws/install/adas_msgs/share/adas_msgs/cmake/adas_msgs__rosidl_typesupport_cppExport-noconfig.cmake
-- Installing: /home/khatvangi/adas_ws/install/adas_msgs/share/adas_msgs/cmake/export_adas_msgs__rosidl_generator_pyExport.cmake
-- Installing: /home/khatvangi/adas_ws/install/adas_msgs/share/adas_msgs/cmake/export_adas_msgs__rosidl_generator_pyExport-noconfig.cmake
