[0.036s] Invoking command in '/home/khatvangi/adas_ws/build/adas_msgs': CMAKE_PREFIX_PATH=${CMAKE_PREFIX_PATH}:/home/khatvangi/adas_ws/install/perception:/home/khatvangi/adas_ws/install/dashboard:/home/khatvangi/adas_ws/install/adas_core:/home/khatvangi/project_ws_v2/install/adas_core:/opt/ros/jazzy DEBUGINFOD_URLS=https://debuginfod.ubuntu.com /usr/bin/cmake /home/khatvangi/adas_ws/src/adas_msgs -DAMENT_CMAKE_SYMLINK_INSTALL=1 -DCMAKE_INSTALL_PREFIX=/home/khatvangi/adas_ws/install/adas_msgs
[0.496s] -- The C compiler identification is GNU 13.3.0
[0.496s] -- The CXX compiler identification is GNU 13.3.0
[0.496s] -- Detecting C compiler ABI info
[0.497s] -- Detecting C compiler ABI info - done
[0.497s] -- Check for working C compiler: /usr/bin/cc - skipped
[0.497s] -- Detecting C compile features
[0.497s] -- Detecting C compile features - done
[0.497s] -- Detecting CXX compiler ABI info
[0.497s] -- Detecting CXX compiler ABI info - done
[0.497s] -- Check for working CXX compiler: /usr/bin/c++ - skipped
[0.498s] -- Detecting CXX compile features
[0.498s] -- Detecting CXX compile features - done
[0.498s] -- Found ament_cmake: 2.5.5 (/opt/ros/jazzy/share/ament_cmake/cmake)
[0.582s] -- Found Python3: /usr/bin/python3 (found version "3.12.3") found components: Interpreter 
[0.665s] -- Override CMake install command with custom implementation using symlinks instead of copying resources
[0.712s] -- Found rosidl_default_generators: 1.6.0 (/opt/ros/jazzy/share/rosidl_default_generators/cmake)
[0.722s] -- Using all available rosidl_typesupport_c: rosidl_typesupport_fastrtps_c;rosidl_typesupport_introspection_c
[0.806s] -- Using all available rosidl_typesupport_cpp: rosidl_typesupport_fastrtps_cpp;rosidl_typesupport_introspection_cpp
[0.873s] -- Found rosidl_adapter: 4.6.7 (/opt/ros/jazzy/share/rosidl_adapter/cmake)
[0.879s] -- Found std_msgs: 5.3.6 (/opt/ros/jazzy/share/std_msgs/cmake)
[1.816s] -- Found ament_cmake_ros: 0.12.0 (/opt/ros/jazzy/share/ament_cmake_ros/cmake)
[2.420s] -- Using all available rosidl_typesupport_c: rosidl_typesupport_fastrtps_c;rosidl_typesupport_introspection_c
[3.336s] -- Using all available rosidl_typesupport_cpp: rosidl_typesupport_fastrtps_cpp;rosidl_typesupport_introspection_cpp
[3.342s] -- Found python_cmake_module: 0.11.1 (/opt/ros/jazzy/share/python_cmake_module/cmake)
[3.528s] -- Found PythonExtra: /usr/bin/python3  
[4.221s] -- Found Python3: /usr/bin/python3 (found version "3.12.3") found components: Interpreter Development NumPy Development.Module Development.Embed 
[4.285s] -- Configuring done (4.2s)
[4.331s] -- Generating done (0.0s)
[4.345s] -- Build files have been written to: /home/khatvangi/adas_ws/build/adas_msgs
[4.354s] Invoked command in '/home/khatvangi/adas_ws/build/adas_msgs' returned '0': CMAKE_PREFIX_PATH=${CMAKE_PREFIX_PATH}:/home/khatvangi/adas_ws/install/perception:/home/khatvangi/adas_ws/install/dashboard:/home/khatvangi/adas_ws/install/adas_core:/home/khatvangi/project_ws_v2/install/adas_core:/opt/ros/jazzy DEBUGINFOD_URLS=https://debuginfod.ubuntu.com /usr/bin/cmake /home/khatvangi/adas_ws/src/adas_msgs -DAMENT_CMAKE_SYMLINK_INSTALL=1 -DCMAKE_INSTALL_PREFIX=/home/khatvangi/adas_ws/install/adas_msgs
[4.354s] Invoking command in '/home/khatvangi/adas_ws/build/adas_msgs': CMAKE_PREFIX_PATH=${CMAKE_PREFIX_PATH}:/home/khatvangi/adas_ws/install/perception:/home/khatvangi/adas_ws/install/dashboard:/home/khatvangi/adas_ws/install/adas_core:/home/khatvangi/project_ws_v2/install/adas_core:/opt/ros/jazzy DEBUGINFOD_URLS=https://debuginfod.ubuntu.com /usr/bin/cmake --build /home/khatvangi/adas_ws/build/adas_msgs -- -j20 -l20
[4.426s] [  1%] Generating type hashes for ROS interfaces
[4.443s] [  1%] Built target ament_cmake_python_symlink_adas_msgs
[4.723s] [  1%] Built target adas_msgs__rosidl_generator_type_description
[4.738s] [  3%] Generating C code for ROS interfaces
[4.756s] [  4%] Generating C++ code for ROS interfaces
[4.761s] running egg_info
[4.795s] creating adas_msgs.egg-info
[4.795s] writing adas_msgs.egg-info/PKG-INFO
[4.795s] writing dependency_links to adas_msgs.egg-info/dependency_links.txt
[4.795s] writing top-level names to adas_msgs.egg-info/top_level.txt
[4.796s] writing manifest file 'adas_msgs.egg-info/SOURCES.txt'
[4.887s] reading manifest file 'adas_msgs.egg-info/SOURCES.txt'
[4.888s] writing manifest file 'adas_msgs.egg-info/SOURCES.txt'
[4.927s] [  4%] Built target ament_cmake_python_build_adas_msgs_egg
[5.188s] [  4%] Built target adas_msgs__cpp
[5.256s] [  7%] Building C object CMakeFiles/adas_msgs__rosidl_generator_c.dir/rosidl_generator_c/adas_msgs/msg/detail/bounding_box2_d_array__type_support.c.o
[5.256s] [  7%] Building C object CMakeFiles/adas_msgs__rosidl_generator_c.dir/rosidl_generator_c/adas_msgs/msg/detail/bounding_box2_d_array__description.c.o
[5.257s] [  9%] Building C object CMakeFiles/adas_msgs__rosidl_generator_c.dir/rosidl_generator_c/adas_msgs/msg/detail/bounding_box2_d_array__functions.c.o
[5.257s] [ 10%] Building C object CMakeFiles/adas_msgs__rosidl_generator_c.dir/rosidl_generator_c/adas_msgs/msg/detail/lane_data__type_support.c.o
[5.258s] [ 12%] Building C object CMakeFiles/adas_msgs__rosidl_generator_c.dir/rosidl_generator_c/adas_msgs/msg/detail/vehicle_params__functions.c.o
[5.259s] [ 14%] Building C object CMakeFiles/adas_msgs__rosidl_generator_c.dir/rosidl_generator_c/adas_msgs/msg/detail/bounding_box2_d__type_support.c.o
[5.259s] [ 15%] Building C object CMakeFiles/adas_msgs__rosidl_generator_c.dir/rosidl_generator_c/adas_msgs/msg/detail/bounding_box2_d__description.c.o
[5.259s] [ 17%] Building C object CMakeFiles/adas_msgs__rosidl_generator_c.dir/rosidl_generator_c/adas_msgs/msg/detail/bounding_box2_d__functions.c.o
[5.261s] [ 18%] Building C object CMakeFiles/adas_msgs__rosidl_generator_c.dir/rosidl_generator_c/adas_msgs/msg/detail/lane_data__description.c.o
[5.262s] [ 20%] Building C object CMakeFiles/adas_msgs__rosidl_generator_c.dir/rosidl_generator_c/adas_msgs/msg/detail/lane_data__functions.c.o
[5.262s] [ 21%] Building C object CMakeFiles/adas_msgs__rosidl_generator_c.dir/rosidl_generator_c/adas_msgs/msg/detail/vehicle_params__description.c.o
[5.263s] [ 23%] Building C object CMakeFiles/adas_msgs__rosidl_generator_c.dir/rosidl_generator_c/adas_msgs/msg/detail/vehicle_params__type_support.c.o
[5.351s] [ 25%] Linking C shared library libadas_msgs__rosidl_generator_c.so
[5.401s] [ 25%] Built target adas_msgs__rosidl_generator_c
[5.425s] [ 26%] Generating C++ type support for eProsima Fast-RTPS
[5.426s] [ 28%] Generating C++ introspection for ROS interfaces
[5.427s] [ 29%] Generating C type support for eProsima Fast-RTPS
[5.428s] [ 31%] Generating C++ type support dispatch for ROS interfaces
[5.434s] [ 32%] Generating C type support dispatch for ROS interfaces
[5.435s] [ 34%] Generating C introspection for ROS interfaces
[5.839s] [ 35%] Building CXX object CMakeFiles/adas_msgs__rosidl_typesupport_c.dir/rosidl_typesupport_c/adas_msgs/msg/bounding_box2_d_array__type_support.cpp.o
[5.839s] [ 37%] Building CXX object CMakeFiles/adas_msgs__rosidl_typesupport_c.dir/rosidl_typesupport_c/adas_msgs/msg/bounding_box2_d__type_support.cpp.o
[5.840s] [ 39%] Building CXX object CMakeFiles/adas_msgs__rosidl_typesupport_c.dir/rosidl_typesupport_c/adas_msgs/msg/lane_data__type_support.cpp.o
[5.841s] [ 40%] Building CXX object CMakeFiles/adas_msgs__rosidl_typesupport_c.dir/rosidl_typesupport_c/adas_msgs/msg/vehicle_params__type_support.cpp.o
[5.847s] [ 42%] Building CXX object CMakeFiles/adas_msgs__rosidl_typesupport_cpp.dir/rosidl_typesupport_cpp/adas_msgs/msg/lane_data__type_support.cpp.o
[5.848s] [ 43%] Building CXX object CMakeFiles/adas_msgs__rosidl_typesupport_cpp.dir/rosidl_typesupport_cpp/adas_msgs/msg/vehicle_params__type_support.cpp.o
[5.852s] [ 45%] Building CXX object CMakeFiles/adas_msgs__rosidl_typesupport_cpp.dir/rosidl_typesupport_cpp/adas_msgs/msg/bounding_box2_d_array__type_support.cpp.o
[5.852s] [ 46%] Building CXX object CMakeFiles/adas_msgs__rosidl_typesupport_cpp.dir/rosidl_typesupport_cpp/adas_msgs/msg/bounding_box2_d__type_support.cpp.o
[5.869s] [ 48%] Building CXX object CMakeFiles/adas_msgs__rosidl_typesupport_introspection_cpp.dir/rosidl_typesupport_introspection_cpp/adas_msgs/msg/detail/lane_data__type_support.cpp.o
[5.869s] [ 50%] Building CXX object CMakeFiles/adas_msgs__rosidl_typesupport_introspection_cpp.dir/rosidl_typesupport_introspection_cpp/adas_msgs/msg/detail/vehicle_params__type_support.cpp.o
[5.873s] [ 51%] Building CXX object CMakeFiles/adas_msgs__rosidl_typesupport_introspection_cpp.dir/rosidl_typesupport_introspection_cpp/adas_msgs/msg/detail/bounding_box2_d_array__type_support.cpp.o
[5.874s] [ 53%] Building CXX object CMakeFiles/adas_msgs__rosidl_typesupport_introspection_cpp.dir/rosidl_typesupport_introspection_cpp/adas_msgs/msg/detail/bounding_box2_d__type_support.cpp.o
[5.934s] [ 54%] Linking CXX shared library libadas_msgs__rosidl_typesupport_c.so
[5.944s] [ 56%] Building CXX object CMakeFiles/adas_msgs__rosidl_typesupport_fastrtps_cpp.dir/rosidl_typesupport_fastrtps_cpp/adas_msgs/msg/detail/dds_fastrtps/bounding_box2_d__type_support.cpp.o
[5.949s] [ 57%] Building CXX object CMakeFiles/adas_msgs__rosidl_typesupport_fastrtps_cpp.dir/rosidl_typesupport_fastrtps_cpp/adas_msgs/msg/detail/dds_fastrtps/vehicle_params__type_support.cpp.o
[5.949s] [ 59%] Building CXX object CMakeFiles/adas_msgs__rosidl_typesupport_fastrtps_cpp.dir/rosidl_typesupport_fastrtps_cpp/adas_msgs/msg/detail/dds_fastrtps/bounding_box2_d_array__type_support.cpp.o
[5.950s] [ 60%] Building CXX object CMakeFiles/adas_msgs__rosidl_typesupport_fastrtps_cpp.dir/rosidl_typesupport_fastrtps_cpp/adas_msgs/msg/detail/dds_fastrtps/lane_data__type_support.cpp.o
[5.976s] [ 62%] Building CXX object CMakeFiles/adas_msgs__rosidl_typesupport_fastrtps_c.dir/rosidl_typesupport_fastrtps_c/adas_msgs/msg/detail/bounding_box2_d_array__type_support_c.cpp.o
[5.982s] [ 64%] Building CXX object CMakeFiles/adas_msgs__rosidl_typesupport_fastrtps_c.dir/rosidl_typesupport_fastrtps_c/adas_msgs/msg/detail/bounding_box2_d__type_support_c.cpp.o
[5.988s] [ 65%] Building CXX object CMakeFiles/adas_msgs__rosidl_typesupport_fastrtps_c.dir/rosidl_typesupport_fastrtps_c/adas_msgs/msg/detail/lane_data__type_support_c.cpp.o
[5.991s] [ 67%] Building CXX object CMakeFiles/adas_msgs__rosidl_typesupport_fastrtps_c.dir/rosidl_typesupport_fastrtps_c/adas_msgs/msg/detail/vehicle_params__type_support_c.cpp.o
[6.016s] [ 67%] Built target adas_msgs__rosidl_typesupport_c
[6.024s] [ 68%] Building C object CMakeFiles/adas_msgs__rosidl_typesupport_introspection_c.dir/rosidl_typesupport_introspection_c/adas_msgs/msg/detail/bounding_box2_d__type_support.c.o
[6.028s] [ 70%] Building C object CMakeFiles/adas_msgs__rosidl_typesupport_introspection_c.dir/rosidl_typesupport_introspection_c/adas_msgs/msg/detail/bounding_box2_d_array__type_support.c.o
[6.032s] [ 71%] Building C object CMakeFiles/adas_msgs__rosidl_typesupport_introspection_c.dir/rosidl_typesupport_introspection_c/adas_msgs/msg/detail/vehicle_params__type_support.c.o
[6.041s] [ 73%] Building C object CMakeFiles/adas_msgs__rosidl_typesupport_introspection_c.dir/rosidl_typesupport_introspection_c/adas_msgs/msg/detail/lane_data__type_support.c.o
[6.119s] [ 75%] Linking C shared library libadas_msgs__rosidl_typesupport_introspection_c.so
[6.176s] [ 75%] Built target adas_msgs__rosidl_typesupport_introspection_c
[6.510s] [ 76%] Linking CXX shared library libadas_msgs__rosidl_typesupport_cpp.so
[6.570s] [ 76%] Built target adas_msgs__rosidl_typesupport_cpp
[6.629s] [ 78%] Linking CXX shared library libadas_msgs__rosidl_typesupport_introspection_cpp.so
[6.738s] [ 78%] Built target adas_msgs__rosidl_typesupport_introspection_cpp
[6.838s] [ 79%] Linking CXX shared library libadas_msgs__rosidl_typesupport_fastrtps_cpp.so
[6.838s] [ 81%] Linking CXX shared library libadas_msgs__rosidl_typesupport_fastrtps_c.so
[6.925s] [ 81%] Built target adas_msgs__rosidl_typesupport_fastrtps_cpp
[6.933s] [ 81%] Built target adas_msgs__rosidl_typesupport_fastrtps_c
[6.969s] [ 81%] Built target adas_msgs
[7.020s] [ 82%] Generating Python code for ROS interfaces
[7.623s] [ 82%] Built target adas_msgs__py
[7.652s] [ 84%] Building C object CMakeFiles/adas_msgs__rosidl_generator_py.dir/rosidl_generator_py/adas_msgs/msg/_bounding_box2_d_array_s.c.o
[7.655s] [ 87%] Building C object CMakeFiles/adas_msgs__rosidl_generator_py.dir/rosidl_generator_py/adas_msgs/msg/_vehicle_params_s.c.o
[7.655s] [ 85%] Building C object CMakeFiles/adas_msgs__rosidl_generator_py.dir/rosidl_generator_py/adas_msgs/msg/_bounding_box2_d_s.c.o
[7.655s] [ 89%] Building C object CMakeFiles/adas_msgs__rosidl_generator_py.dir/rosidl_generator_py/adas_msgs/msg/_lane_data_s.c.o
[7.812s] [ 90%] Linking C shared library libadas_msgs__rosidl_generator_py.so
[7.874s] [ 90%] Built target adas_msgs__rosidl_generator_py
[7.903s] [ 92%] Building C object CMakeFiles/adas_msgs_s__rosidl_typesupport_fastrtps_c.dir/rosidl_generator_py/adas_msgs/_adas_msgs_s.ep.rosidl_typesupport_fastrtps_c.c.o
[7.904s] [ 93%] Building C object CMakeFiles/adas_msgs_s__rosidl_typesupport_introspection_c.dir/rosidl_generator_py/adas_msgs/_adas_msgs_s.ep.rosidl_typesupport_introspection_c.c.o
[7.908s] [ 95%] Building C object CMakeFiles/adas_msgs_s__rosidl_typesupport_c.dir/rosidl_generator_py/adas_msgs/_adas_msgs_s.ep.rosidl_typesupport_c.c.o
[8.030s] [ 96%] Linking C shared module rosidl_generator_py/adas_msgs/adas_msgs_s__rosidl_typesupport_introspection_c.so
[8.047s] [ 98%] Linking C shared module rosidl_generator_py/adas_msgs/adas_msgs_s__rosidl_typesupport_c.so
[8.060s] [100%] Linking C shared module rosidl_generator_py/adas_msgs/adas_msgs_s__rosidl_typesupport_fastrtps_c.so
[8.074s] [100%] Built target adas_msgs_s__rosidl_typesupport_introspection_c
[8.086s] [100%] Built target adas_msgs_s__rosidl_typesupport_c
[8.109s] [100%] Built target adas_msgs_s__rosidl_typesupport_fastrtps_c
[8.122s] Invoked command in '/home/khatvangi/adas_ws/build/adas_msgs' returned '0': CMAKE_PREFIX_PATH=${CMAKE_PREFIX_PATH}:/home/khatvangi/adas_ws/install/perception:/home/khatvangi/adas_ws/install/dashboard:/home/khatvangi/adas_ws/install/adas_core:/home/khatvangi/project_ws_v2/install/adas_core:/opt/ros/jazzy DEBUGINFOD_URLS=https://debuginfod.ubuntu.com /usr/bin/cmake --build /home/khatvangi/adas_ws/build/adas_msgs -- -j20 -l20
[8.123s] Invoking command in '/home/khatvangi/adas_ws/build/adas_msgs': CMAKE_PREFIX_PATH=${CMAKE_PREFIX_PATH}:/home/khatvangi/adas_ws/install/perception:/home/khatvangi/adas_ws/install/dashboard:/home/khatvangi/adas_ws/install/adas_core:/home/khatvangi/project_ws_v2/install/adas_core:/opt/ros/jazzy DEBUGINFOD_URLS=https://debuginfod.ubuntu.com /usr/bin/cmake --install /home/khatvangi/adas_ws/build/adas_msgs
[8.132s] -- Install configuration: ""
[8.132s] -- Execute custom install script
[8.133s] -- Symlinking: /home/khatvangi/adas_ws/install/adas_msgs/share/ament_index/resource_index/rosidl_interfaces/adas_msgs
[8.143s] -- Symlinking: /home/khatvangi/adas_ws/install/adas_msgs/share/adas_msgs/msg/BoundingBox2D.json
[8.157s] -- Symlinking: /home/khatvangi/adas_ws/install/adas_msgs/share/adas_msgs/msg/BoundingBox2DArray.json
[8.169s] -- Symlinking: /home/khatvangi/adas_ws/install/adas_msgs/share/adas_msgs/msg/LaneData.json
[8.179s] -- Symlinking: /home/khatvangi/adas_ws/install/adas_msgs/share/adas_msgs/msg/VehicleParams.json
[8.189s] -- Symlinking: /home/khatvangi/adas_ws/install/adas_msgs/include/adas_msgs/adas_msgs/msg/bounding_box2_d.h
[8.200s] -- Symlinking: /home/khatvangi/adas_ws/install/adas_msgs/include/adas_msgs/adas_msgs/msg/bounding_box2_d_array.h
[8.211s] -- Symlinking: /home/khatvangi/adas_ws/install/adas_msgs/include/adas_msgs/adas_msgs/msg/detail/bounding_box2_d__functions.h
[8.221s] -- Symlinking: /home/khatvangi/adas_ws/install/adas_msgs/include/adas_msgs/adas_msgs/msg/detail/bounding_box2_d__struct.h
[8.234s] -- Symlinking: /home/khatvangi/adas_ws/install/adas_msgs/include/adas_msgs/adas_msgs/msg/detail/bounding_box2_d__type_support.h
[8.245s] -- Symlinking: /home/khatvangi/adas_ws/install/adas_msgs/include/adas_msgs/adas_msgs/msg/detail/bounding_box2_d_array__functions.h
[8.258s] -- Symlinking: /home/khatvangi/adas_ws/install/adas_msgs/include/adas_msgs/adas_msgs/msg/detail/bounding_box2_d_array__struct.h
[8.271s] -- Symlinking: /home/khatvangi/adas_ws/install/adas_msgs/include/adas_msgs/adas_msgs/msg/detail/bounding_box2_d_array__type_support.h
[8.282s] -- Symlinking: /home/khatvangi/adas_ws/install/adas_msgs/include/adas_msgs/adas_msgs/msg/detail/lane_data__functions.h
[8.291s] -- Symlinking: /home/khatvangi/adas_ws/install/adas_msgs/include/adas_msgs/adas_msgs/msg/detail/lane_data__struct.h
[8.301s] -- Symlinking: /home/khatvangi/adas_ws/install/adas_msgs/include/adas_msgs/adas_msgs/msg/detail/lane_data__type_support.h
[8.311s] -- Symlinking: /home/khatvangi/adas_ws/install/adas_msgs/include/adas_msgs/adas_msgs/msg/detail/vehicle_params__functions.h
[8.324s] -- Symlinking: /home/khatvangi/adas_ws/install/adas_msgs/include/adas_msgs/adas_msgs/msg/detail/vehicle_params__struct.h
[8.335s] -- Symlinking: /home/khatvangi/adas_ws/install/adas_msgs/include/adas_msgs/adas_msgs/msg/detail/vehicle_params__type_support.h
[8.346s] -- Symlinking: /home/khatvangi/adas_ws/install/adas_msgs/include/adas_msgs/adas_msgs/msg/lane_data.h
[8.357s] -- Symlinking: /home/khatvangi/adas_ws/install/adas_msgs/include/adas_msgs/adas_msgs/msg/rosidl_generator_c__visibility_control.h
[8.367s] -- Symlinking: /home/khatvangi/adas_ws/install/adas_msgs/include/adas_msgs/adas_msgs/msg/vehicle_params.h
[8.383s] -- Symlinking: /home/khatvangi/adas_ws/install/adas_msgs/share/adas_msgs/environment/library_path.sh
[8.395s] -- Symlinking: /home/khatvangi/adas_ws/install/adas_msgs/share/adas_msgs/environment/library_path.dsv
[8.406s] -- Symlinking: /home/khatvangi/adas_ws/install/adas_msgs/include/adas_msgs/adas_msgs/msg/detail/bounding_box2_d__rosidl_typesupport_fastrtps_c.h
[8.419s] -- Symlinking: /home/khatvangi/adas_ws/install/adas_msgs/include/adas_msgs/adas_msgs/msg/detail/bounding_box2_d_array__rosidl_typesupport_fastrtps_c.h
[8.438s] -- Symlinking: /home/khatvangi/adas_ws/install/adas_msgs/include/adas_msgs/adas_msgs/msg/detail/lane_data__rosidl_typesupport_fastrtps_c.h
[8.456s] -- Symlinking: /home/khatvangi/adas_ws/install/adas_msgs/include/adas_msgs/adas_msgs/msg/detail/vehicle_params__rosidl_typesupport_fastrtps_c.h
[8.473s] -- Symlinking: /home/khatvangi/adas_ws/install/adas_msgs/include/adas_msgs/adas_msgs/msg/rosidl_typesupport_fastrtps_c__visibility_control.h
[8.494s] -- Symlinking: /home/khatvangi/adas_ws/install/adas_msgs/include/adas_msgs/adas_msgs/msg/detail/bounding_box2_d__rosidl_typesupport_introspection_c.h
[8.509s] -- Symlinking: /home/khatvangi/adas_ws/install/adas_msgs/include/adas_msgs/adas_msgs/msg/detail/bounding_box2_d_array__rosidl_typesupport_introspection_c.h
[8.519s] -- Symlinking: /home/khatvangi/adas_ws/install/adas_msgs/include/adas_msgs/adas_msgs/msg/detail/lane_data__rosidl_typesupport_introspection_c.h
[8.529s] -- Symlinking: /home/khatvangi/adas_ws/install/adas_msgs/include/adas_msgs/adas_msgs/msg/detail/vehicle_params__rosidl_typesupport_introspection_c.h
[8.539s] -- Symlinking: /home/khatvangi/adas_ws/install/adas_msgs/include/adas_msgs/adas_msgs/msg/rosidl_typesupport_introspection_c__visibility_control.h
[8.552s] -- Symlinking: /home/khatvangi/adas_ws/install/adas_msgs/include/adas_msgs/adas_msgs/msg/bounding_box2_d.hpp
[8.567s] -- Symlinking: /home/khatvangi/adas_ws/install/adas_msgs/include/adas_msgs/adas_msgs/msg/bounding_box2_d_array.hpp
[8.582s] -- Symlinking: /home/khatvangi/adas_ws/install/adas_msgs/include/adas_msgs/adas_msgs/msg/detail/bounding_box2_d__builder.hpp
[8.597s] -- Symlinking: /home/khatvangi/adas_ws/install/adas_msgs/include/adas_msgs/adas_msgs/msg/detail/bounding_box2_d__struct.hpp
[8.614s] -- Symlinking: /home/khatvangi/adas_ws/install/adas_msgs/include/adas_msgs/adas_msgs/msg/detail/bounding_box2_d__traits.hpp
[8.628s] -- Symlinking: /home/khatvangi/adas_ws/install/adas_msgs/include/adas_msgs/adas_msgs/msg/detail/bounding_box2_d__type_support.hpp
[8.644s] -- Symlinking: /home/khatvangi/adas_ws/install/adas_msgs/include/adas_msgs/adas_msgs/msg/detail/bounding_box2_d_array__builder.hpp
[8.663s] -- Symlinking: /home/khatvangi/adas_ws/install/adas_msgs/include/adas_msgs/adas_msgs/msg/detail/bounding_box2_d_array__struct.hpp
[8.679s] -- Symlinking: /home/khatvangi/adas_ws/install/adas_msgs/include/adas_msgs/adas_msgs/msg/detail/bounding_box2_d_array__traits.hpp
[8.695s] -- Symlinking: /home/khatvangi/adas_ws/install/adas_msgs/include/adas_msgs/adas_msgs/msg/detail/bounding_box2_d_array__type_support.hpp
[8.709s] -- Symlinking: /home/khatvangi/adas_ws/install/adas_msgs/include/adas_msgs/adas_msgs/msg/detail/lane_data__builder.hpp
[8.723s] -- Symlinking: /home/khatvangi/adas_ws/install/adas_msgs/include/adas_msgs/adas_msgs/msg/detail/lane_data__struct.hpp
[8.741s] -- Symlinking: /home/khatvangi/adas_ws/install/adas_msgs/include/adas_msgs/adas_msgs/msg/detail/lane_data__traits.hpp
[8.757s] -- Symlinking: /home/khatvangi/adas_ws/install/adas_msgs/include/adas_msgs/adas_msgs/msg/detail/lane_data__type_support.hpp
[8.774s] -- Symlinking: /home/khatvangi/adas_ws/install/adas_msgs/include/adas_msgs/adas_msgs/msg/detail/vehicle_params__builder.hpp
[8.790s] -- Symlinking: /home/khatvangi/adas_ws/install/adas_msgs/include/adas_msgs/adas_msgs/msg/detail/vehicle_params__struct.hpp
[8.808s] -- Symlinking: /home/khatvangi/adas_ws/install/adas_msgs/include/adas_msgs/adas_msgs/msg/detail/vehicle_params__traits.hpp
[8.826s] -- Symlinking: /home/khatvangi/adas_ws/install/adas_msgs/include/adas_msgs/adas_msgs/msg/detail/vehicle_params__type_support.hpp
[8.843s] -- Symlinking: /home/khatvangi/adas_ws/install/adas_msgs/include/adas_msgs/adas_msgs/msg/lane_data.hpp
[8.858s] -- Symlinking: /home/khatvangi/adas_ws/install/adas_msgs/include/adas_msgs/adas_msgs/msg/rosidl_generator_cpp__visibility_control.hpp
[8.873s] -- Symlinking: /home/khatvangi/adas_ws/install/adas_msgs/include/adas_msgs/adas_msgs/msg/vehicle_params.hpp
[8.890s] -- Symlinking: /home/khatvangi/adas_ws/install/adas_msgs/include/adas_msgs/adas_msgs/msg/detail/bounding_box2_d__rosidl_typesupport_fastrtps_cpp.hpp
[8.908s] -- Symlinking: /home/khatvangi/adas_ws/install/adas_msgs/include/adas_msgs/adas_msgs/msg/detail/bounding_box2_d_array__rosidl_typesupport_fastrtps_cpp.hpp
[8.927s] -- Symlinking: /home/khatvangi/adas_ws/install/adas_msgs/include/adas_msgs/adas_msgs/msg/detail/lane_data__rosidl_typesupport_fastrtps_cpp.hpp
[8.943s] -- Symlinking: /home/khatvangi/adas_ws/install/adas_msgs/include/adas_msgs/adas_msgs/msg/detail/vehicle_params__rosidl_typesupport_fastrtps_cpp.hpp
[8.958s] -- Symlinking: /home/khatvangi/adas_ws/install/adas_msgs/include/adas_msgs/adas_msgs/msg/rosidl_typesupport_fastrtps_cpp__visibility_control.h
[8.974s] -- Symlinking: /home/khatvangi/adas_ws/install/adas_msgs/include/adas_msgs/adas_msgs/msg/detail/bounding_box2_d__rosidl_typesupport_introspection_cpp.hpp
[8.991s] -- Symlinking: /home/khatvangi/adas_ws/install/adas_msgs/include/adas_msgs/adas_msgs/msg/detail/bounding_box2_d_array__rosidl_typesupport_introspection_cpp.hpp
[9.003s] -- Symlinking: /home/khatvangi/adas_ws/install/adas_msgs/include/adas_msgs/adas_msgs/msg/detail/lane_data__rosidl_typesupport_introspection_cpp.hpp
[9.012s] -- Symlinking: /home/khatvangi/adas_ws/install/adas_msgs/include/adas_msgs/adas_msgs/msg/detail/vehicle_params__rosidl_typesupport_introspection_cpp.hpp
[9.020s] -- Symlinking: /home/khatvangi/adas_ws/install/adas_msgs/share/adas_msgs/environment/pythonpath.sh
[9.029s] -- Symlinking: /home/khatvangi/adas_ws/install/adas_msgs/share/adas_msgs/environment/pythonpath.dsv
[9.037s] -- Symlinking: /home/khatvangi/adas_ws/install/adas_msgs/lib/python3.12/site-packages/adas_msgs-1.0.0-py3.12.egg-info/PKG-INFO
[9.044s] -- Symlinking: /home/khatvangi/adas_ws/install/adas_msgs/lib/python3.12/site-packages/adas_msgs-1.0.0-py3.12.egg-info/SOURCES.txt
[9.050s] -- Symlinking: /home/khatvangi/adas_ws/install/adas_msgs/lib/python3.12/site-packages/adas_msgs-1.0.0-py3.12.egg-info/dependency_links.txt
[9.060s] -- Symlinking: /home/khatvangi/adas_ws/install/adas_msgs/lib/python3.12/site-packages/adas_msgs-1.0.0-py3.12.egg-info/top_level.txt
[9.071s] -- Symlinking: /home/khatvangi/adas_ws/install/adas_msgs/lib/python3.12/site-packages/adas_msgs/__init__.py
[9.081s] -- Symlinking: /home/khatvangi/adas_ws/install/adas_msgs/lib/python3.12/site-packages/adas_msgs/_adas_msgs_s.ep.rosidl_typesupport_c.c
[9.092s] -- Symlinking: /home/khatvangi/adas_ws/install/adas_msgs/lib/python3.12/site-packages/adas_msgs/_adas_msgs_s.ep.rosidl_typesupport_fastrtps_c.c
[9.102s] -- Symlinking: /home/khatvangi/adas_ws/install/adas_msgs/lib/python3.12/site-packages/adas_msgs/_adas_msgs_s.ep.rosidl_typesupport_introspection_c.c
[9.111s] -- Symlinking: /home/khatvangi/adas_ws/install/adas_msgs/lib/python3.12/site-packages/adas_msgs/adas_msgs_s__rosidl_typesupport_c.so
[9.126s] -- Symlinking: /home/khatvangi/adas_ws/install/adas_msgs/lib/python3.12/site-packages/adas_msgs/adas_msgs_s__rosidl_typesupport_fastrtps_c.so
[9.146s] -- Symlinking: /home/khatvangi/adas_ws/install/adas_msgs/lib/python3.12/site-packages/adas_msgs/adas_msgs_s__rosidl_typesupport_introspection_c.so
[9.164s] -- Symlinking: /home/khatvangi/adas_ws/install/adas_msgs/lib/python3.12/site-packages/adas_msgs/msg/__init__.py
[9.182s] -- Symlinking: /home/khatvangi/adas_ws/install/adas_msgs/lib/python3.12/site-packages/adas_msgs/msg/_bounding_box2_d.py
[9.195s] -- Symlinking: /home/khatvangi/adas_ws/install/adas_msgs/lib/python3.12/site-packages/adas_msgs/msg/_bounding_box2_d_array.py
[9.206s] -- Symlinking: /home/khatvangi/adas_ws/install/adas_msgs/lib/python3.12/site-packages/adas_msgs/msg/_bounding_box2_d_array_s.c
[9.219s] -- Symlinking: /home/khatvangi/adas_ws/install/adas_msgs/lib/python3.12/site-packages/adas_msgs/msg/_bounding_box2_d_s.c
[9.234s] -- Symlinking: /home/khatvangi/adas_ws/install/adas_msgs/lib/python3.12/site-packages/adas_msgs/msg/_lane_data.py
[9.247s] -- Symlinking: /home/khatvangi/adas_ws/install/adas_msgs/lib/python3.12/site-packages/adas_msgs/msg/_lane_data_s.c
[9.266s] -- Symlinking: /home/khatvangi/adas_ws/install/adas_msgs/lib/python3.12/site-packages/adas_msgs/msg/_vehicle_params.py
[9.284s] -- Symlinking: /home/khatvangi/adas_ws/install/adas_msgs/lib/python3.12/site-packages/adas_msgs/msg/_vehicle_params_s.c
[9.297s] -- Up-to-date symlink: /home/khatvangi/adas_ws/install/adas_msgs/lib/python3.12/site-packages/adas_msgs/adas_msgs_s__rosidl_typesupport_fastrtps_c.so
[9.298s] -- Up-to-date symlink: /home/khatvangi/adas_ws/install/adas_msgs/lib/python3.12/site-packages/adas_msgs/adas_msgs_s__rosidl_typesupport_introspection_c.so
[9.298s] -- Up-to-date symlink: /home/khatvangi/adas_ws/install/adas_msgs/lib/python3.12/site-packages/adas_msgs/adas_msgs_s__rosidl_typesupport_c.so
[9.298s] -- Symlinking: /home/khatvangi/adas_ws/install/adas_msgs/share/adas_msgs/msg/BoundingBox2D.idl
[9.310s] -- Symlinking: /home/khatvangi/adas_ws/install/adas_msgs/share/adas_msgs/msg/BoundingBox2DArray.idl
[9.321s] -- Symlinking: /home/khatvangi/adas_ws/install/adas_msgs/share/adas_msgs/msg/LaneData.idl
[9.331s] -- Symlinking: /home/khatvangi/adas_ws/install/adas_msgs/share/adas_msgs/msg/VehicleParams.idl
[9.342s] -- Symlinking: /home/khatvangi/adas_ws/install/adas_msgs/share/adas_msgs/msg/BoundingBox2D.msg
[9.351s] -- Symlinking: /home/khatvangi/adas_ws/install/adas_msgs/share/adas_msgs/msg/BoundingBox2DArray.msg
[9.359s] -- Symlinking: /home/khatvangi/adas_ws/install/adas_msgs/share/adas_msgs/msg/LaneData.msg
[9.367s] -- Symlinking: /home/khatvangi/adas_ws/install/adas_msgs/share/adas_msgs/msg/VehicleParams.msg
[9.377s] -- Symlinking: /home/khatvangi/adas_ws/install/adas_msgs/share/ament_index/resource_index/package_run_dependencies/adas_msgs
[9.386s] -- Symlinking: /home/khatvangi/adas_ws/install/adas_msgs/share/ament_index/resource_index/parent_prefix_path/adas_msgs
[9.396s] -- Symlinking: /home/khatvangi/adas_ws/install/adas_msgs/share/adas_msgs/environment/ament_prefix_path.sh
[9.408s] -- Symlinking: /home/khatvangi/adas_ws/install/adas_msgs/share/adas_msgs/environment/ament_prefix_path.dsv
[9.418s] -- Symlinking: /home/khatvangi/adas_ws/install/adas_msgs/share/adas_msgs/environment/path.sh
[9.427s] -- Symlinking: /home/khatvangi/adas_ws/install/adas_msgs/share/adas_msgs/environment/path.dsv
[9.440s] -- Symlinking: /home/khatvangi/adas_ws/install/adas_msgs/share/adas_msgs/local_setup.bash
[9.454s] -- Symlinking: /home/khatvangi/adas_ws/install/adas_msgs/share/adas_msgs/local_setup.sh
[9.469s] -- Symlinking: /home/khatvangi/adas_ws/install/adas_msgs/share/adas_msgs/local_setup.zsh
[9.480s] -- Symlinking: /home/khatvangi/adas_ws/install/adas_msgs/share/adas_msgs/local_setup.dsv
[9.495s] -- Symlinking: /home/khatvangi/adas_ws/install/adas_msgs/share/adas_msgs/package.dsv
[9.510s] -- Symlinking: /home/khatvangi/adas_ws/install/adas_msgs/share/ament_index/resource_index/packages/adas_msgs
[9.523s] -- Symlinking: /home/khatvangi/adas_ws/install/adas_msgs/share/adas_msgs/cmake/rosidl_cmake-extras.cmake
[9.535s] -- Symlinking: /home/khatvangi/adas_ws/install/adas_msgs/share/adas_msgs/cmake/ament_cmake_export_dependencies-extras.cmake
[9.547s] -- Symlinking: /home/khatvangi/adas_ws/install/adas_msgs/share/adas_msgs/cmake/ament_cmake_export_include_directories-extras.cmake
[9.558s] -- Symlinking: /home/khatvangi/adas_ws/install/adas_msgs/share/adas_msgs/cmake/ament_cmake_export_libraries-extras.cmake
[9.569s] -- Symlinking: /home/khatvangi/adas_ws/install/adas_msgs/share/adas_msgs/cmake/ament_cmake_export_targets-extras.cmake
[9.579s] -- Symlinking: /home/khatvangi/adas_ws/install/adas_msgs/share/adas_msgs/cmake/rosidl_cmake_export_typesupport_targets-extras.cmake
[9.593s] -- Symlinking: /home/khatvangi/adas_ws/install/adas_msgs/share/adas_msgs/cmake/rosidl_cmake_export_typesupport_libraries-extras.cmake
[9.605s] -- Symlinking: /home/khatvangi/adas_ws/install/adas_msgs/share/adas_msgs/cmake/adas_msgsConfig.cmake
[9.617s] -- Symlinking: /home/khatvangi/adas_ws/install/adas_msgs/share/adas_msgs/cmake/adas_msgsConfig-version.cmake
[9.628s] -- Symlinking: /home/khatvangi/adas_ws/install/adas_msgs/share/adas_msgs/package.xml
[9.639s] -- Installing: /home/khatvangi/adas_ws/install/adas_msgs/lib/libadas_msgs__rosidl_generator_c.so
[9.639s] -- Set non-toolchain portion of runtime path of "/home/khatvangi/adas_ws/install/adas_msgs/lib/libadas_msgs__rosidl_generator_c.so" to ""
[9.639s] -- Installing: /home/khatvangi/adas_ws/install/adas_msgs/lib/libadas_msgs__rosidl_typesupport_fastrtps_c.so
[9.639s] -- Set non-toolchain portion of runtime path of "/home/khatvangi/adas_ws/install/adas_msgs/lib/libadas_msgs__rosidl_typesupport_fastrtps_c.so" to ""
[9.639s] -- Installing: /home/khatvangi/adas_ws/install/adas_msgs/lib/libadas_msgs__rosidl_typesupport_introspection_c.so
[9.639s] -- Set non-toolchain portion of runtime path of "/home/khatvangi/adas_ws/install/adas_msgs/lib/libadas_msgs__rosidl_typesupport_introspection_c.so" to ""
[9.639s] -- Installing: /home/khatvangi/adas_ws/install/adas_msgs/lib/libadas_msgs__rosidl_typesupport_c.so
[9.639s] -- Set non-toolchain portion of runtime path of "/home/khatvangi/adas_ws/install/adas_msgs/lib/libadas_msgs__rosidl_typesupport_c.so" to ""
[9.639s] -- Installing: /home/khatvangi/adas_ws/install/adas_msgs/lib/libadas_msgs__rosidl_typesupport_fastrtps_cpp.so
[9.640s] -- Set non-toolchain portion of runtime path of "/home/khatvangi/adas_ws/install/adas_msgs/lib/libadas_msgs__rosidl_typesupport_fastrtps_cpp.so" to ""
[9.640s] -- Installing: /home/khatvangi/adas_ws/install/adas_msgs/lib/libadas_msgs__rosidl_typesupport_introspection_cpp.so
[9.640s] -- Set non-toolchain portion of runtime path of "/home/khatvangi/adas_ws/install/adas_msgs/lib/libadas_msgs__rosidl_typesupport_introspection_cpp.so" to ""
[9.640s] -- Installing: /home/khatvangi/adas_ws/install/adas_msgs/lib/libadas_msgs__rosidl_typesupport_cpp.so
[9.640s] -- Set non-toolchain portion of runtime path of "/home/khatvangi/adas_ws/install/adas_msgs/lib/libadas_msgs__rosidl_typesupport_cpp.so" to ""
[9.714s] Listing '/home/khatvangi/adas_ws/install/adas_msgs/lib/python3.12/site-packages/adas_msgs'...
[9.714s] Compiling '/home/khatvangi/adas_ws/install/adas_msgs/lib/python3.12/site-packages/adas_msgs/__init__.py'...
[9.715s] Listing '/home/khatvangi/adas_ws/install/adas_msgs/lib/python3.12/site-packages/adas_msgs/msg'...
[9.715s] Compiling '/home/khatvangi/adas_ws/install/adas_msgs/lib/python3.12/site-packages/adas_msgs/msg/__init__.py'...
[9.715s] Compiling '/home/khatvangi/adas_ws/install/adas_msgs/lib/python3.12/site-packages/adas_msgs/msg/_bounding_box2_d.py'...
[9.715s] Compiling '/home/khatvangi/adas_ws/install/adas_msgs/lib/python3.12/site-packages/adas_msgs/msg/_bounding_box2_d_array.py'...
[9.715s] Compiling '/home/khatvangi/adas_ws/install/adas_msgs/lib/python3.12/site-packages/adas_msgs/msg/_lane_data.py'...
[9.715s] Compiling '/home/khatvangi/adas_ws/install/adas_msgs/lib/python3.12/site-packages/adas_msgs/msg/_vehicle_params.py'...
[9.722s] -- Installing: /home/khatvangi/adas_ws/install/adas_msgs/lib/libadas_msgs__rosidl_generator_py.so
[9.722s] -- Set non-toolchain portion of runtime path of "/home/khatvangi/adas_ws/install/adas_msgs/lib/libadas_msgs__rosidl_generator_py.so" to ""
[9.722s] -- Installing: /home/khatvangi/adas_ws/install/adas_msgs/share/adas_msgs/cmake/export_adas_msgs__rosidl_generator_cExport.cmake
[9.722s] -- Installing: /home/khatvangi/adas_ws/install/adas_msgs/share/adas_msgs/cmake/export_adas_msgs__rosidl_generator_cExport-noconfig.cmake
[9.723s] -- Installing: /home/khatvangi/adas_ws/install/adas_msgs/share/adas_msgs/cmake/export_adas_msgs__rosidl_typesupport_fastrtps_cExport.cmake
[9.723s] -- Installing: /home/khatvangi/adas_ws/install/adas_msgs/share/adas_msgs/cmake/export_adas_msgs__rosidl_typesupport_fastrtps_cExport-noconfig.cmake
[9.723s] -- Installing: /home/khatvangi/adas_ws/install/adas_msgs/share/adas_msgs/cmake/adas_msgs__rosidl_typesupport_introspection_cExport.cmake
[9.723s] -- Installing: /home/khatvangi/adas_ws/install/adas_msgs/share/adas_msgs/cmake/adas_msgs__rosidl_typesupport_introspection_cExport-noconfig.cmake
[9.724s] -- Installing: /home/khatvangi/adas_ws/install/adas_msgs/share/adas_msgs/cmake/adas_msgs__rosidl_typesupport_cExport.cmake
[9.724s] -- Installing: /home/khatvangi/adas_ws/install/adas_msgs/share/adas_msgs/cmake/adas_msgs__rosidl_typesupport_cExport-noconfig.cmake
[9.724s] -- Installing: /home/khatvangi/adas_ws/install/adas_msgs/share/adas_msgs/cmake/export_adas_msgs__rosidl_generator_cppExport.cmake
[9.724s] -- Installing: /home/khatvangi/adas_ws/install/adas_msgs/share/adas_msgs/cmake/export_adas_msgs__rosidl_typesupport_fastrtps_cppExport.cmake
[9.724s] -- Installing: /home/khatvangi/adas_ws/install/adas_msgs/share/adas_msgs/cmake/export_adas_msgs__rosidl_typesupport_fastrtps_cppExport-noconfig.cmake
[9.724s] -- Installing: /home/khatvangi/adas_ws/install/adas_msgs/share/adas_msgs/cmake/adas_msgs__rosidl_typesupport_introspection_cppExport.cmake
[9.724s] -- Installing: /home/khatvangi/adas_ws/install/adas_msgs/share/adas_msgs/cmake/adas_msgs__rosidl_typesupport_introspection_cppExport-noconfig.cmake
[9.724s] -- Installing: /home/khatvangi/adas_ws/install/adas_msgs/share/adas_msgs/cmake/adas_msgs__rosidl_typesupport_cppExport.cmake
[9.724s] -- Installing: /home/khatvangi/adas_ws/install/adas_msgs/share/adas_msgs/cmake/adas_msgs__rosidl_typesupport_cppExport-noconfig.cmake
[9.724s] -- Installing: /home/khatvangi/adas_ws/install/adas_msgs/share/adas_msgs/cmake/export_adas_msgs__rosidl_generator_pyExport.cmake
[9.725s] -- Installing: /home/khatvangi/adas_ws/install/adas_msgs/share/adas_msgs/cmake/export_adas_msgs__rosidl_generator_pyExport-noconfig.cmake
[9.726s] Invoked command in '/home/khatvangi/adas_ws/build/adas_msgs' returned '0': CMAKE_PREFIX_PATH=${CMAKE_PREFIX_PATH}:/home/khatvangi/adas_ws/install/perception:/home/khatvangi/adas_ws/install/dashboard:/home/khatvangi/adas_ws/install/adas_core:/home/khatvangi/project_ws_v2/install/adas_core:/opt/ros/jazzy DEBUGINFOD_URLS=https://debuginfod.ubuntu.com /usr/bin/cmake --install /home/khatvangi/adas_ws/build/adas_msgs
