[0.679s] Invoking command in '/home/khatvangi/adas_ws/build/adas_core': DEBUGINFOD_URLS=https://debuginfod.ubuntu.com PYTHONPATH=/home/khatvangi/adas_ws/build/adas_core/prefix_override:/usr/lib/python3/dist-packages/colcon_core/task/python/colcon_distutils_commands:/home/khatvangi/adas_ws/install/adas_core/lib/python3.12/site-packages:${PYTHONPATH} /usr/bin/python3 -W ignore:setup.py install is deprecated -W ignore:easy_install command is deprecated setup.py develop --editable --build-directory /home/khatvangi/adas_ws/build/adas_core/build --no-deps symlink_data
[0.924s] running develop
[1.095s] running egg_info
[1.115s] writing adas_core.egg-info/PKG-INFO
[1.116s] writing dependency_links to adas_core.egg-info/dependency_links.txt
[1.116s] writing entry points to adas_core.egg-info/entry_points.txt
[1.116s] writing requirements to adas_core.egg-info/requires.txt
[1.117s] writing top-level names to adas_core.egg-info/top_level.txt
[1.158s] reading manifest file 'adas_core.egg-info/SOURCES.txt'
[1.159s] writing manifest file 'adas_core.egg-info/SOURCES.txt'
[1.179s] running build_ext
[1.179s] Creating /home/khatvangi/adas_ws/install/adas_core/lib/python3.12/site-packages/adas-core.egg-link (link to .)
[1.180s] Installing acc_node script to /home/khatvangi/adas_ws/install/adas_core/lib/adas_core
[1.180s] Installing aeb_node script to /home/khatvangi/adas_ws/install/adas_core/lib/adas_core
[1.181s] Installing can_bridge_node script to /home/khatvangi/adas_ws/install/adas_core/lib/adas_core
[1.181s] Installing ekf_node script to /home/khatvangi/adas_ws/install/adas_core/lib/adas_core
[1.181s] Installing lka_node script to /home/khatvangi/adas_ws/install/adas_core/lib/adas_core
[1.181s] Installing safety_arbiter script to /home/khatvangi/adas_ws/install/adas_core/lib/adas_core
[1.181s] Installing tsd_node script to /home/khatvangi/adas_ws/install/adas_core/lib/adas_core
[1.182s] 
[1.182s] Installed /home/khatvangi/adas_ws/build/adas_core
[1.182s] running symlink_data
[1.211s] Invoked command in '/home/khatvangi/adas_ws/build/adas_core' returned '0': DEBUGINFOD_URLS=https://debuginfod.ubuntu.com PYTHONPATH=/home/khatvangi/adas_ws/build/adas_core/prefix_override:/usr/lib/python3/dist-packages/colcon_core/task/python/colcon_distutils_commands:/home/khatvangi/adas_ws/install/adas_core/lib/python3.12/site-packages:${PYTHONPATH} /usr/bin/python3 -W ignore:setup.py install is deprecated -W ignore:easy_install command is deprecated setup.py develop --editable --build-directory /home/khatvangi/adas_ws/build/adas_core/build --no-deps symlink_data
